mode: set
github.com/netabakovv/forum/back/auth_service/cmd/main/main.go:29.13,33.37 2 0
github.com/netabakovv/forum/back/auth_service/cmd/main/main.go:33.37,36.3 1 0
github.com/netabakovv/forum/back/auth_service/cmd/main/main.go:39.2,65.12 12 0
github.com/netabakovv/forum/back/auth_service/cmd/main/main.go:65.12,66.7 1 0
github.com/netabakovv/forum/back/auth_service/cmd/main/main.go:66.7,67.11 1 0
github.com/netabakovv/forum/back/auth_service/cmd/main/main.go:68.20,69.47 1 0
github.com/netabakovv/forum/back/auth_service/cmd/main/main.go:75.2,86.16 7 0
github.com/netabakovv/forum/back/auth_service/cmd/main/main.go:86.16,89.3 1 0
github.com/netabakovv/forum/back/auth_service/cmd/main/main.go:92.2,92.12 1 0
github.com/netabakovv/forum/back/auth_service/cmd/main/main.go:92.12,95.43 2 0
github.com/netabakovv/forum/back/auth_service/cmd/main/main.go:95.43,98.4 1 0
github.com/netabakovv/forum/back/auth_service/cmd/main/main.go:102.2,108.47 6 0
github.com/netabakovv/forum/back/auth_service/cmd/main/main.go:111.25,114.2 2 0
github.com/netabakovv/forum/back/auth_service/cmd/main/main.go:116.40,122.16 4 0
github.com/netabakovv/forum/back/auth_service/cmd/main/main.go:122.16,125.3 1 0
github.com/netabakovv/forum/back/auth_service/cmd/main/main.go:126.2,126.34 1 0
github.com/netabakovv/forum/back/auth_service/cmd/main/main.go:126.34,129.3 1 0
github.com/netabakovv/forum/back/auth_service/cmd/main/main.go:130.2,133.16 3 0
github.com/netabakovv/forum/back/auth_service/cmd/main/main.go:133.16,136.3 1 0
github.com/netabakovv/forum/back/auth_service/cmd/main/main.go:138.2,141.16 2 0
github.com/netabakovv/forum/back/auth_service/cmd/main/main.go:141.16,144.3 1 0
github.com/netabakovv/forum/back/auth_service/cmd/main/main.go:146.2,146.31 1 0
github.com/netabakovv/forum/back/auth_service/cmd/main/main.go:146.31,149.3 1 0
github.com/netabakovv/forum/back/auth_service/cmd/main/main.go:151.2,152.11 2 0
github.com/netabakovv/forum/back/auth_service/internal/delivery/grpc/handlers/mocks/mock.go:29.97,33.2 3 0
github.com/netabakovv/forum/back/auth_service/internal/delivery/grpc/handlers/mocks/mock.go:36.95,38.2 1 0
github.com/netabakovv/forum/back/auth_service/internal/delivery/grpc/handlers/mocks/mock.go:41.56,46.2 4 0
github.com/netabakovv/forum/back/auth_service/internal/delivery/grpc/handlers/mocks/mock.go:49.76,52.2 2 0
github.com/netabakovv/forum/back/auth_service/internal/delivery/grpc/handlers/mocks/mock.go:55.125,61.2 5 0
github.com/netabakovv/forum/back/auth_service/internal/delivery/grpc/handlers/mocks/mock.go:64.105,67.2 2 0
github.com/netabakovv/forum/back/auth_service/internal/delivery/grpc/handlers/mocks/mock.go:70.135,76.2 5 0
github.com/netabakovv/forum/back/auth_service/internal/delivery/grpc/handlers/mocks/mock.go:79.115,82.2 2 0
github.com/netabakovv/forum/back/forum_service/internal/delivery/http/handlers.go:26.153,33.2 1 0
github.com/netabakovv/forum/back/forum_service/internal/delivery/http/handlers.go:35.47,37.47 2 0
github.com/netabakovv/forum/back/forum_service/internal/delivery/http/handlers.go:37.47,40.3 2 0
github.com/netabakovv/forum/back/forum_service/internal/delivery/http/handlers.go:42.2,42.72 1 0
github.com/netabakovv/forum/back/forum_service/internal/delivery/http/handlers.go:42.72,45.3 2 0
github.com/netabakovv/forum/back/forum_service/internal/delivery/http/handlers.go:47.2,47.30 1 0
github.com/netabakovv/forum/back/forum_service/internal/delivery/http/handlers.go:50.47,52.16 2 0
github.com/netabakovv/forum/back/forum_service/internal/delivery/http/handlers.go:52.16,55.3 2 0
github.com/netabakovv/forum/back/forum_service/internal/delivery/http/handlers.go:57.2,57.33 1 0
github.com/netabakovv/forum/back/forum_service/internal/delivery/http/handlers.go:60.46,62.48 2 0
github.com/netabakovv/forum/back/forum_service/internal/delivery/http/handlers.go:62.48,65.3 2 0
github.com/netabakovv/forum/back/forum_service/internal/delivery/http/handlers.go:67.2,67.72 1 0
github.com/netabakovv/forum/back/forum_service/internal/delivery/http/handlers.go:67.72,70.3 2 0
github.com/netabakovv/forum/back/forum_service/internal/delivery/http/handlers.go:72.2,72.30 1 0
github.com/netabakovv/forum/back/forum_service/internal/delivery/http/handlers.go:75.47,78.16 3 0
github.com/netabakovv/forum/back/forum_service/internal/delivery/http/handlers.go:78.16,81.3 2 0
github.com/netabakovv/forum/back/forum_service/internal/delivery/http/handlers.go:82.2,82.29 1 0
github.com/netabakovv/forum/back/forum_service/internal/delivery/http/handlers.go:85.47,87.16 2 0
github.com/netabakovv/forum/back/forum_service/internal/delivery/http/handlers.go:87.16,90.3 2 0
github.com/netabakovv/forum/back/forum_service/internal/delivery/http/handlers.go:91.2,91.30 1 0
github.com/netabakovv/forum/back/forum_service/internal/delivery/http/handlers.go:94.46,96.48 2 0
github.com/netabakovv/forum/back/forum_service/internal/delivery/http/handlers.go:96.48,99.3 2 0
github.com/netabakovv/forum/back/forum_service/internal/delivery/http/handlers.go:100.2,103.72 3 0
github.com/netabakovv/forum/back/forum_service/internal/delivery/http/handlers.go:103.72,106.3 2 0
github.com/netabakovv/forum/back/forum_service/internal/delivery/http/handlers.go:107.2,107.25 1 0
github.com/netabakovv/forum/back/forum_service/internal/delivery/http/handlers.go:110.46,112.69 2 0
github.com/netabakovv/forum/back/forum_service/internal/delivery/http/handlers.go:112.69,115.3 2 0
github.com/netabakovv/forum/back/forum_service/internal/delivery/http/handlers.go:116.2,116.25 1 0
github.com/netabakovv/forum/back/forum_service/internal/delivery/http/handlers.go:119.49,121.51 2 0
github.com/netabakovv/forum/back/forum_service/internal/delivery/http/handlers.go:121.51,124.3 2 0
github.com/netabakovv/forum/back/forum_service/internal/delivery/http/handlers.go:126.2,126.81 1 0
github.com/netabakovv/forum/back/forum_service/internal/delivery/http/handlers.go:126.81,129.3 2 0
github.com/netabakovv/forum/back/forum_service/internal/delivery/http/handlers.go:130.2,130.30 1 0
github.com/netabakovv/forum/back/forum_service/internal/delivery/http/handlers.go:133.50,136.16 3 0
github.com/netabakovv/forum/back/forum_service/internal/delivery/http/handlers.go:136.16,139.3 2 0
github.com/netabakovv/forum/back/forum_service/internal/delivery/http/handlers.go:140.2,140.32 1 0
github.com/netabakovv/forum/back/forum_service/internal/delivery/http/handlers.go:143.55,146.16 3 0
github.com/netabakovv/forum/back/forum_service/internal/delivery/http/handlers.go:146.16,149.3 2 0
github.com/netabakovv/forum/back/forum_service/internal/delivery/http/handlers.go:150.2,150.33 1 0
github.com/netabakovv/forum/back/forum_service/internal/delivery/http/handlers.go:153.55,156.16 3 0
github.com/netabakovv/forum/back/forum_service/internal/delivery/http/handlers.go:156.16,159.3 2 0
github.com/netabakovv/forum/back/forum_service/internal/delivery/http/handlers.go:160.2,160.33 1 0
github.com/netabakovv/forum/back/forum_service/internal/delivery/http/handlers.go:163.49,165.51 2 0
github.com/netabakovv/forum/back/forum_service/internal/delivery/http/handlers.go:165.51,168.3 2 0
github.com/netabakovv/forum/back/forum_service/internal/delivery/http/handlers.go:169.2,172.81 3 0
github.com/netabakovv/forum/back/forum_service/internal/delivery/http/handlers.go:172.81,175.3 2 0
github.com/netabakovv/forum/back/forum_service/internal/delivery/http/handlers.go:176.2,176.25 1 0
github.com/netabakovv/forum/back/forum_service/internal/delivery/http/handlers.go:179.49,181.75 2 0
github.com/netabakovv/forum/back/forum_service/internal/delivery/http/handlers.go:181.75,184.3 2 0
github.com/netabakovv/forum/back/forum_service/internal/delivery/http/handlers.go:185.2,185.25 1 0
github.com/netabakovv/forum/back/forum_service/internal/repository/mocks/repo_mocks.go:34.73,38.2 3 0
github.com/netabakovv/forum/back/forum_service/internal/repository/mocks/repo_mocks.go:41.71,43.2 1 0
github.com/netabakovv/forum/back/forum_service/internal/repository/mocks/repo_mocks.go:46.93,51.2 4 0
github.com/netabakovv/forum/back/forum_service/internal/repository/mocks/repo_mocks.go:54.91,57.2 2 0
github.com/netabakovv/forum/back/forum_service/internal/repository/mocks/repo_mocks.go:60.96,66.2 5 0
github.com/netabakovv/forum/back/forum_service/internal/repository/mocks/repo_mocks.go:69.77,72.2 2 0
github.com/netabakovv/forum/back/forum_service/internal/repository/mocks/repo_mocks.go:75.109,80.2 4 0
github.com/netabakovv/forum/back/forum_service/internal/repository/mocks/repo_mocks.go:83.104,86.2 2 0
github.com/netabakovv/forum/back/forum_service/internal/repository/mocks/repo_mocks.go:101.73,105.2 3 0
github.com/netabakovv/forum/back/forum_service/internal/repository/mocks/repo_mocks.go:108.71,110.2 1 0
github.com/netabakovv/forum/back/forum_service/internal/repository/mocks/repo_mocks.go:113.89,118.2 4 0
github.com/netabakovv/forum/back/forum_service/internal/repository/mocks/repo_mocks.go:121.82,124.2 2 0
github.com/netabakovv/forum/back/forum_service/internal/repository/mocks/repo_mocks.go:127.78,132.2 4 0
github.com/netabakovv/forum/back/forum_service/internal/repository/mocks/repo_mocks.go:135.80,138.2 2 0
github.com/netabakovv/forum/back/forum_service/internal/repository/mocks/repo_mocks.go:141.97,147.2 5 0
github.com/netabakovv/forum/back/forum_service/internal/repository/mocks/repo_mocks.go:150.81,153.2 2 0
github.com/netabakovv/forum/back/forum_service/internal/repository/mocks/repo_mocks.go:156.83,162.2 5 0
github.com/netabakovv/forum/back/forum_service/internal/repository/mocks/repo_mocks.go:165.71,168.2 2 0
github.com/netabakovv/forum/back/forum_service/internal/repository/mocks/repo_mocks.go:171.89,176.2 4 0
github.com/netabakovv/forum/back/forum_service/internal/repository/mocks/repo_mocks.go:179.82,182.2 2 0
github.com/netabakovv/forum/back/forum_service/internal/repository/mocks/repo_mocks.go:197.79,201.2 3 0
github.com/netabakovv/forum/back/forum_service/internal/repository/mocks/repo_mocks.go:204.77,206.2 1 0
github.com/netabakovv/forum/back/forum_service/internal/repository/mocks/repo_mocks.go:209.101,214.2 4 0
github.com/netabakovv/forum/back/forum_service/internal/repository/mocks/repo_mocks.go:217.91,220.2 2 0
github.com/netabakovv/forum/back/forum_service/internal/repository/mocks/repo_mocks.go:223.84,228.2 4 0
github.com/netabakovv/forum/back/forum_service/internal/repository/mocks/repo_mocks.go:231.86,234.2 2 0
github.com/netabakovv/forum/back/forum_service/internal/repository/mocks/repo_mocks.go:237.109,243.2 5 0
github.com/netabakovv/forum/back/forum_service/internal/repository/mocks/repo_mocks.go:246.88,249.2 2 0
github.com/netabakovv/forum/back/forum_service/internal/repository/mocks/repo_mocks.go:252.109,258.2 5 0
github.com/netabakovv/forum/back/forum_service/internal/repository/mocks/repo_mocks.go:261.88,264.2 2 0
github.com/netabakovv/forum/back/forum_service/internal/repository/mocks/repo_mocks.go:267.106,273.2 5 0
github.com/netabakovv/forum/back/forum_service/internal/repository/mocks/repo_mocks.go:276.87,279.2 2 0
github.com/netabakovv/forum/back/forum_service/internal/repository/mocks/repo_mocks.go:282.101,287.2 4 0
github.com/netabakovv/forum/back/forum_service/internal/repository/mocks/repo_mocks.go:290.91,293.2 2 0
github.com/netabakovv/forum/back/forum_service/internal/delivery/ws/chat.go:28.141,31.44 1 0
github.com/netabakovv/forum/back/forum_service/internal/delivery/ws/chat.go:31.44,33.5 1 0
github.com/netabakovv/forum/back/forum_service/internal/delivery/ws/chat.go:43.79,45.43 1 0
github.com/netabakovv/forum/back/forum_service/internal/delivery/ws/chat.go:45.43,47.4 1 0
github.com/netabakovv/forum/back/forum_service/internal/delivery/ws/chat.go:50.2,51.16 2 0
github.com/netabakovv/forum/back/forum_service/internal/delivery/ws/chat.go:51.16,54.3 2 0
github.com/netabakovv/forum/back/forum_service/internal/delivery/ws/chat.go:55.2,59.16 3 0
github.com/netabakovv/forum/back/forum_service/internal/delivery/ws/chat.go:59.16,62.3 2 0
github.com/netabakovv/forum/back/forum_service/internal/delivery/ws/chat.go:64.2,69.110 2 0
github.com/netabakovv/forum/back/forum_service/internal/delivery/ws/chat.go:69.110,73.3 3 0
github.com/netabakovv/forum/back/forum_service/internal/delivery/ws/chat.go:76.2,79.16 2 0
github.com/netabakovv/forum/back/forum_service/internal/delivery/ws/chat.go:79.16,83.3 3 0
github.com/netabakovv/forum/back/forum_service/internal/delivery/ws/chat.go:85.2,91.6 4 0
github.com/netabakovv/forum/back/forum_service/internal/delivery/ws/chat.go:91.6,93.17 2 0
github.com/netabakovv/forum/back/forum_service/internal/delivery/ws/chat.go:93.17,95.9 2 0
github.com/netabakovv/forum/back/forum_service/internal/delivery/ws/chat.go:98.3,103.56 2 0
github.com/netabakovv/forum/back/forum_service/internal/delivery/ws/chat.go:103.56,104.12 1 0
github.com/netabakovv/forum/back/forum_service/internal/delivery/ws/chat.go:107.3,107.28 1 0
github.com/netabakovv/forum/back/forum_service/internal/delivery/ws/chat.go:107.28,115.78 2 0
github.com/netabakovv/forum/back/forum_service/internal/delivery/ws/chat.go:115.78,117.13 2 0
github.com/netabakovv/forum/back/forum_service/internal/delivery/ws/chat.go:121.4,121.27 1 0
github.com/netabakovv/forum/back/forum_service/internal/delivery/ws/chat.go:123.3,123.28 1 0
github.com/netabakovv/forum/back/forum_service/internal/delivery/ws/chat.go:123.28,125.18 2 0
github.com/netabakovv/forum/back/forum_service/internal/delivery/ws/chat.go:125.18,127.13 2 0
github.com/netabakovv/forum/back/forum_service/internal/delivery/ws/chat.go:131.4,139.24 2 0
github.com/netabakovv/forum/back/forum_service/internal/delivery/ws/chat.go:145.70,146.23 1 0
github.com/netabakovv/forum/back/forum_service/internal/delivery/ws/chat.go:146.23,148.3 1 0
github.com/netabakovv/forum/back/forum_service/internal/delivery/ws/chat.go:150.2,151.55 2 0
github.com/netabakovv/forum/back/forum_service/internal/delivery/ws/chat.go:151.55,153.3 1 0
github.com/netabakovv/forum/back/forum_service/internal/delivery/ws/chat.go:155.2,156.12 2 0
github.com/netabakovv/forum/back/forum_service/internal/delivery/ws/chat.go:159.60,160.48 1 0
github.com/netabakovv/forum/back/forum_service/internal/delivery/ws/chat.go:160.48,162.47 2 0
github.com/netabakovv/forum/back/forum_service/internal/delivery/ws/chat.go:162.47,165.4 2 0
github.com/netabakovv/forum/back/forum_service/internal/delivery/ws/chat.go:166.3,166.14 1 0
github.com/netabakovv/forum/back/auth_service/internal/usecase/mocks/auth_mock.go:27.85,31.2 3 0
github.com/netabakovv/forum/back/auth_service/internal/usecase/mocks/auth_mock.go:34.83,36.2 1 0
github.com/netabakovv/forum/back/auth_service/internal/usecase/mocks/auth_mock.go:39.93,45.2 5 0
github.com/netabakovv/forum/back/auth_service/internal/usecase/mocks/auth_mock.go:48.95,51.2 2 0
github.com/netabakovv/forum/back/auth_service/internal/usecase/mocks/auth_mock.go:54.135,61.2 6 0
github.com/netabakovv/forum/back/auth_service/internal/usecase/mocks/auth_mock.go:64.105,67.2 2 0
github.com/netabakovv/forum/back/auth_service/internal/usecase/mocks/auth_mock.go:70.91,75.2 4 0
github.com/netabakovv/forum/back/auth_service/internal/usecase/mocks/auth_mock.go:78.100,81.2 2 0
github.com/netabakovv/forum/back/auth_service/internal/usecase/mocks/auth_mock.go:84.121,90.2 5 0
github.com/netabakovv/forum/back/auth_service/internal/usecase/mocks/auth_mock.go:93.107,96.2 2 0
github.com/netabakovv/forum/back/auth_service/internal/usecase/mocks/auth_mock.go:99.122,105.2 5 0
github.com/netabakovv/forum/back/auth_service/internal/usecase/mocks/auth_mock.go:108.108,111.2 2 0
github.com/netabakovv/forum/back/auth_service/internal/usecase/mocks/auth_mock.go:114.90,119.2 4 0
github.com/netabakovv/forum/back/auth_service/internal/usecase/mocks/auth_mock.go:122.100,125.2 2 0
github.com/netabakovv/forum/back/auth_service/internal/usecase/mocks/auth_mock.go:128.116,134.2 5 0
github.com/netabakovv/forum/back/auth_service/internal/usecase/mocks/auth_mock.go:137.100,140.2 2 0
github.com/netabakovv/forum/back/auth_service/internal/repository/mocks/auth_mock.go:27.73,31.2 3 0
github.com/netabakovv/forum/back/auth_service/internal/repository/mocks/auth_mock.go:34.71,36.2 1 0
github.com/netabakovv/forum/back/auth_service/internal/repository/mocks/auth_mock.go:39.85,44.2 4 0
github.com/netabakovv/forum/back/auth_service/internal/repository/mocks/auth_mock.go:47.86,50.2 2 0
github.com/netabakovv/forum/back/auth_service/internal/repository/mocks/auth_mock.go:53.93,59.2 5 0
github.com/netabakovv/forum/back/auth_service/internal/repository/mocks/auth_mock.go:62.85,65.2 2 0
github.com/netabakovv/forum/back/auth_service/internal/repository/mocks/auth_mock.go:68.106,74.2 5 0
github.com/netabakovv/forum/back/auth_service/internal/repository/mocks/auth_mock.go:77.97,80.2 2 0
github.com/netabakovv/forum/back/auth_service/internal/repository/mocks/auth_mock.go:94.75,98.2 3 0
github.com/netabakovv/forum/back/auth_service/internal/repository/mocks/auth_mock.go:101.73,103.2 1 0
github.com/netabakovv/forum/back/auth_service/internal/repository/mocks/auth_mock.go:106.95,111.2 4 0
github.com/netabakovv/forum/back/auth_service/internal/repository/mocks/auth_mock.go:114.88,117.2 2 0
github.com/netabakovv/forum/back/auth_service/internal/repository/mocks/auth_mock.go:120.72,125.2 4 0
github.com/netabakovv/forum/back/auth_service/internal/repository/mocks/auth_mock.go:128.88,131.2 2 0
github.com/netabakovv/forum/back/auth_service/internal/repository/mocks/auth_mock.go:134.109,140.2 5 0
github.com/netabakovv/forum/back/auth_service/internal/repository/mocks/auth_mock.go:143.92,146.2 2 0
github.com/netabakovv/forum/back/auth_service/internal/repository/mocks/auth_mock.go:149.79,154.2 4 0
github.com/netabakovv/forum/back/auth_service/internal/repository/mocks/auth_mock.go:157.88,160.2 2 0
github.com/netabakovv/forum/back/auth_service/internal/repository/mocks/auth_mock.go:163.92,168.2 4 0
github.com/netabakovv/forum/back/auth_service/internal/repository/mocks/auth_mock.go:171.102,174.2 2 0
github.com/netabakovv/forum/back/auth_service/internal/service/mocks/token_mocks.go:32.87,36.2 3 0
github.com/netabakovv/forum/back/auth_service/internal/service/mocks/token_mocks.go:39.85,41.2 1 0
github.com/netabakovv/forum/back/auth_service/internal/service/mocks/token_mocks.go:44.129,50.2 5 0
github.com/netabakovv/forum/back/auth_service/internal/service/mocks/token_mocks.go:53.112,56.2 2 0
github.com/netabakovv/forum/back/auth_service/internal/service/mocks/token_mocks.go:59.102,65.2 5 0
github.com/netabakovv/forum/back/auth_service/internal/service/mocks/token_mocks.go:68.94,71.2 2 0
github.com/netabakovv/forum/back/forum_service/internal/delivery/grpc/server.go:30.16,37.2 1 0
github.com/netabakovv/forum/back/forum_service/internal/delivery/grpc/server.go:40.108,41.42 1 0
github.com/netabakovv/forum/back/forum_service/internal/delivery/grpc/server.go:41.42,43.3 1 0
github.com/netabakovv/forum/back/forum_service/internal/delivery/grpc/server.go:45.2,55.16 3 0
github.com/netabakovv/forum/back/forum_service/internal/delivery/grpc/server.go:55.16,57.3 1 0
github.com/netabakovv/forum/back/forum_service/internal/delivery/grpc/server.go:59.2,69.8 1 0
github.com/netabakovv/forum/back/forum_service/internal/delivery/grpc/server.go:72.102,73.21 1 0
github.com/netabakovv/forum/back/forum_service/internal/delivery/grpc/server.go:73.21,75.3 1 0
github.com/netabakovv/forum/back/forum_service/internal/delivery/grpc/server.go:77.2,78.16 2 0
github.com/netabakovv/forum/back/forum_service/internal/delivery/grpc/server.go:78.16,80.3 1 0
github.com/netabakovv/forum/back/forum_service/internal/delivery/grpc/server.go:82.2,92.8 1 0
github.com/netabakovv/forum/back/forum_service/internal/delivery/grpc/server.go:95.126,96.21 1 0
github.com/netabakovv/forum/back/forum_service/internal/delivery/grpc/server.go:96.21,98.3 1 0
github.com/netabakovv/forum/back/forum_service/internal/delivery/grpc/server.go:99.2,100.16 2 0
github.com/netabakovv/forum/back/forum_service/internal/delivery/grpc/server.go:100.16,102.3 1 0
github.com/netabakovv/forum/back/forum_service/internal/delivery/grpc/server.go:103.2,104.29 2 0
github.com/netabakovv/forum/back/forum_service/internal/delivery/grpc/server.go:104.29,113.3 1 0
github.com/netabakovv/forum/back/forum_service/internal/delivery/grpc/server.go:114.2,117.8 1 0
github.com/netabakovv/forum/back/forum_service/internal/delivery/grpc/server.go:120.108,121.21 1 0
github.com/netabakovv/forum/back/forum_service/internal/delivery/grpc/server.go:121.21,123.3 1 0
github.com/netabakovv/forum/back/forum_service/internal/delivery/grpc/server.go:125.2,129.22 2 0
github.com/netabakovv/forum/back/forum_service/internal/delivery/grpc/server.go:129.22,131.3 1 0
github.com/netabakovv/forum/back/forum_service/internal/delivery/grpc/server.go:132.2,132.24 1 0
github.com/netabakovv/forum/back/forum_service/internal/delivery/grpc/server.go:132.24,134.3 1 0
github.com/netabakovv/forum/back/forum_service/internal/delivery/grpc/server.go:136.2,137.16 2 0
github.com/netabakovv/forum/back/forum_service/internal/delivery/grpc/server.go:137.16,139.3 1 0
github.com/netabakovv/forum/back/forum_service/internal/delivery/grpc/server.go:141.2,142.16 2 0
github.com/netabakovv/forum/back/forum_service/internal/delivery/grpc/server.go:142.16,144.3 1 0
github.com/netabakovv/forum/back/forum_service/internal/delivery/grpc/server.go:146.2,156.8 1 0
github.com/netabakovv/forum/back/forum_service/internal/delivery/grpc/server.go:159.108,160.21 1 0
github.com/netabakovv/forum/back/forum_service/internal/delivery/grpc/server.go:160.21,162.3 1 0
github.com/netabakovv/forum/back/forum_service/internal/delivery/grpc/server.go:163.2,164.16 2 0
github.com/netabakovv/forum/back/forum_service/internal/delivery/grpc/server.go:164.16,166.3 1 0
github.com/netabakovv/forum/back/forum_service/internal/delivery/grpc/server.go:167.2,167.32 1 0
github.com/netabakovv/forum/back/forum_service/internal/delivery/grpc/server.go:170.107,172.16 2 0
github.com/netabakovv/forum/back/forum_service/internal/delivery/grpc/server.go:172.16,174.3 1 0
github.com/netabakovv/forum/back/forum_service/internal/delivery/grpc/server.go:176.2,177.29 2 0
github.com/netabakovv/forum/back/forum_service/internal/delivery/grpc/server.go:177.29,187.3 1 0
github.com/netabakovv/forum/back/forum_service/internal/delivery/grpc/server.go:189.2,191.8 1 0
github.com/netabakovv/forum/back/forum_service/internal/delivery/grpc/server.go:195.117,196.23 1 0
github.com/netabakovv/forum/back/forum_service/internal/delivery/grpc/server.go:196.23,198.3 1 0
github.com/netabakovv/forum/back/forum_service/internal/delivery/grpc/server.go:200.2,208.16 3 0
github.com/netabakovv/forum/back/forum_service/internal/delivery/grpc/server.go:208.16,210.3 1 0
github.com/netabakovv/forum/back/forum_service/internal/delivery/grpc/server.go:212.2,221.8 1 0
github.com/netabakovv/forum/back/forum_service/internal/delivery/grpc/server.go:224.115,225.24 1 0
github.com/netabakovv/forum/back/forum_service/internal/delivery/grpc/server.go:225.24,227.3 1 0
github.com/netabakovv/forum/back/forum_service/internal/delivery/grpc/server.go:228.2,229.16 2 0
github.com/netabakovv/forum/back/forum_service/internal/delivery/grpc/server.go:229.16,231.3 1 0
github.com/netabakovv/forum/back/forum_service/internal/delivery/grpc/server.go:232.2,241.8 1 0
github.com/netabakovv/forum/back/forum_service/internal/delivery/grpc/server.go:244.116,245.21 1 0
github.com/netabakovv/forum/back/forum_service/internal/delivery/grpc/server.go:245.21,247.3 1 0
github.com/netabakovv/forum/back/forum_service/internal/delivery/grpc/server.go:249.2,250.16 2 0
github.com/netabakovv/forum/back/forum_service/internal/delivery/grpc/server.go:250.16,252.3 1 0
github.com/netabakovv/forum/back/forum_service/internal/delivery/grpc/server.go:254.2,255.35 2 0
github.com/netabakovv/forum/back/forum_service/internal/delivery/grpc/server.go:255.35,264.3 1 0
github.com/netabakovv/forum/back/forum_service/internal/delivery/grpc/server.go:266.2,268.8 1 0
github.com/netabakovv/forum/back/forum_service/internal/delivery/grpc/server.go:271.117,272.24 1 0
github.com/netabakovv/forum/back/forum_service/internal/delivery/grpc/server.go:272.24,274.3 1 0
github.com/netabakovv/forum/back/forum_service/internal/delivery/grpc/server.go:276.2,282.16 3 0
github.com/netabakovv/forum/back/forum_service/internal/delivery/grpc/server.go:282.16,284.3 1 0
github.com/netabakovv/forum/back/forum_service/internal/delivery/grpc/server.go:286.2,295.8 1 0
github.com/netabakovv/forum/back/forum_service/internal/delivery/grpc/server.go:298.114,300.24 2 0
github.com/netabakovv/forum/back/forum_service/internal/delivery/grpc/server.go:300.24,302.3 1 0
github.com/netabakovv/forum/back/forum_service/internal/delivery/grpc/server.go:304.2,305.16 2 0
github.com/netabakovv/forum/back/forum_service/internal/delivery/grpc/server.go:305.16,307.3 1 0
github.com/netabakovv/forum/back/forum_service/internal/delivery/grpc/server.go:309.2,309.32 1 0
github.com/netabakovv/forum/back/forum_service/internal/delivery/grpc/server.go:313.103,314.23 1 0
github.com/netabakovv/forum/back/forum_service/internal/delivery/grpc/server.go:314.23,316.3 1 0
github.com/netabakovv/forum/back/forum_service/internal/delivery/grpc/server.go:318.2,325.16 3 0
github.com/netabakovv/forum/back/forum_service/internal/delivery/grpc/server.go:325.16,327.3 1 0
github.com/netabakovv/forum/back/forum_service/internal/delivery/grpc/server.go:329.2,329.32 1 0
github.com/netabakovv/forum/back/forum_service/internal/delivery/grpc/server.go:332.117,334.16 2 0
github.com/netabakovv/forum/back/forum_service/internal/delivery/grpc/server.go:334.16,336.3 1 0
github.com/netabakovv/forum/back/forum_service/internal/delivery/grpc/server.go:338.2,339.31 2 0
github.com/netabakovv/forum/back/forum_service/internal/delivery/grpc/server.go:339.31,345.3 1 0
github.com/netabakovv/forum/back/forum_service/internal/delivery/grpc/server.go:347.2,349.8 1 0
github.com/netabakovv/forum/back/forum_service/cmd/main/main.go:26.13,29.37 2 0
github.com/netabakovv/forum/back/forum_service/cmd/main/main.go:29.37,32.3 1 0
github.com/netabakovv/forum/back/forum_service/cmd/main/main.go:35.2,43.16 4 0
github.com/netabakovv/forum/back/forum_service/cmd/main/main.go:43.16,45.3 1 0
github.com/netabakovv/forum/back/forum_service/cmd/main/main.go:46.2,83.12 17 0
github.com/netabakovv/forum/back/forum_service/cmd/main/main.go:83.12,84.59 1 0
github.com/netabakovv/forum/back/forum_service/cmd/main/main.go:84.59,86.4 1 0
github.com/netabakovv/forum/back/forum_service/cmd/main/main.go:89.2,90.16 2 0
github.com/netabakovv/forum/back/forum_service/cmd/main/main.go:90.16,92.3 1 0
github.com/netabakovv/forum/back/forum_service/cmd/main/main.go:94.2,94.46 1 0
github.com/netabakovv/forum/back/forum_service/cmd/main/main.go:94.46,96.3 1 0
github.com/netabakovv/forum/back/forum_service/cmd/main/main.go:99.25,102.2 2 0
github.com/netabakovv/forum/back/forum_service/cmd/main/main.go:104.40,110.16 4 0
github.com/netabakovv/forum/back/forum_service/cmd/main/main.go:110.16,113.3 1 0
github.com/netabakovv/forum/back/forum_service/cmd/main/main.go:115.2,115.34 1 0
github.com/netabakovv/forum/back/forum_service/cmd/main/main.go:115.34,118.3 1 0
github.com/netabakovv/forum/back/forum_service/cmd/main/main.go:119.2,122.16 3 0
github.com/netabakovv/forum/back/forum_service/cmd/main/main.go:122.16,125.3 1 0
github.com/netabakovv/forum/back/forum_service/cmd/main/main.go:127.2,130.16 2 0
github.com/netabakovv/forum/back/forum_service/cmd/main/main.go:130.16,133.3 1 0
github.com/netabakovv/forum/back/forum_service/cmd/main/main.go:135.2,135.31 1 0
github.com/netabakovv/forum/back/forum_service/cmd/main/main.go:135.31,138.3 1 0
github.com/netabakovv/forum/back/forum_service/cmd/main/main.go:140.2,140.11 1 0
github.com/netabakovv/forum/back/forum_service/internal/service/mocks/service_mocks.go:29.91,33.2 3 0
github.com/netabakovv/forum/back/forum_service/internal/service/mocks/service_mocks.go:36.89,38.2 1 0
github.com/netabakovv/forum/back/forum_service/internal/service/mocks/service_mocks.go:41.132,46.2 4 0
github.com/netabakovv/forum/back/forum_service/internal/service/mocks/service_mocks.go:49.111,52.2 2 0
github.com/netabakovv/forum/back/forum_service/internal/service/mocks/service_mocks.go:55.79,58.2 2 0
github.com/netabakovv/forum/back/forum_service/internal/service/mocks/service_mocks.go:61.103,64.2 2 0
github.com/netabakovv/forum/back/forum_service/internal/service/mocks/service_mocks.go:67.46,70.2 2 0
github.com/netabakovv/forum/back/forum_service/internal/service/mocks/service_mocks.go:73.72,76.2 2 0
github.com/netabakovv/forum/back/forum_service/internal/service/mocks/service_mocks.go:79.88,84.2 4 0
github.com/netabakovv/forum/back/forum_service/internal/service/mocks/service_mocks.go:87.106,90.2 2 0
github.com/netabakovv/forum/back/gateway/cmd/docs/docs.go:1001.13,1003.2 1 0
github.com/netabakovv/forum/back/gateway/internal/handler/handlers.go:23.113,29.2 1 0
github.com/netabakovv/forum/back/gateway/internal/handler/handlers.go:42.43,43.30 1 0
github.com/netabakovv/forum/back/gateway/internal/handler/handlers.go:43.30,48.48 2 0
github.com/netabakovv/forum/back/gateway/internal/handler/handlers.go:48.48,51.4 2 0
github.com/netabakovv/forum/back/gateway/internal/handler/handlers.go:53.3,57.17 2 0
github.com/netabakovv/forum/back/gateway/internal/handler/handlers.go:57.17,60.4 2 0
github.com/netabakovv/forum/back/gateway/internal/handler/handlers.go:61.3,67.5 1 0
github.com/netabakovv/forum/back/gateway/internal/handler/handlers.go:81.46,82.30 1 0
github.com/netabakovv/forum/back/gateway/internal/handler/handlers.go:82.30,87.48 2 0
github.com/netabakovv/forum/back/gateway/internal/handler/handlers.go:87.48,90.4 2 0
github.com/netabakovv/forum/back/gateway/internal/handler/handlers.go:92.3,96.17 2 0
github.com/netabakovv/forum/back/gateway/internal/handler/handlers.go:96.17,99.4 2 0
github.com/netabakovv/forum/back/gateway/internal/handler/handlers.go:101.3,101.91 1 0
github.com/netabakovv/forum/back/gateway/internal/handler/handlers.go:114.50,115.30 1 0
github.com/netabakovv/forum/back/gateway/internal/handler/handlers.go:115.30,119.48 2 0
github.com/netabakovv/forum/back/gateway/internal/handler/handlers.go:119.48,122.4 2 0
github.com/netabakovv/forum/back/gateway/internal/handler/handlers.go:124.3,127.17 2 0
github.com/netabakovv/forum/back/gateway/internal/handler/handlers.go:127.17,130.4 2 0
github.com/netabakovv/forum/back/gateway/internal/handler/handlers.go:131.3,135.5 1 0
github.com/netabakovv/forum/back/gateway/internal/handler/handlers.go:139.51,140.30 1 0
github.com/netabakovv/forum/back/gateway/internal/handler/handlers.go:140.30,144.48 2 0
github.com/netabakovv/forum/back/gateway/internal/handler/handlers.go:144.48,147.4 2 0
github.com/netabakovv/forum/back/gateway/internal/handler/handlers.go:149.3,152.17 2 0
github.com/netabakovv/forum/back/gateway/internal/handler/handlers.go:152.17,155.4 2 0
github.com/netabakovv/forum/back/gateway/internal/handler/handlers.go:157.3,157.71 1 0
github.com/netabakovv/forum/back/gateway/internal/handler/handlers.go:171.44,172.30 1 0
github.com/netabakovv/forum/back/gateway/internal/handler/handlers.go:172.30,176.48 2 0
github.com/netabakovv/forum/back/gateway/internal/handler/handlers.go:176.48,179.4 2 0
github.com/netabakovv/forum/back/gateway/internal/handler/handlers.go:181.3,184.17 2 0
github.com/netabakovv/forum/back/gateway/internal/handler/handlers.go:184.17,187.4 2 0
github.com/netabakovv/forum/back/gateway/internal/handler/handlers.go:189.3,189.71 1 0
github.com/netabakovv/forum/back/gateway/internal/handler/handlers.go:193.54,194.30 1 0
github.com/netabakovv/forum/back/gateway/internal/handler/handlers.go:194.30,198.48 2 0
github.com/netabakovv/forum/back/gateway/internal/handler/handlers.go:198.48,201.4 2 0
github.com/netabakovv/forum/back/gateway/internal/handler/handlers.go:203.3,206.17 2 0
github.com/netabakovv/forum/back/gateway/internal/handler/handlers.go:206.17,209.4 2 0
github.com/netabakovv/forum/back/gateway/internal/handler/handlers.go:221.46,222.30 1 0
github.com/netabakovv/forum/back/gateway/internal/handler/handlers.go:222.30,225.17 2 0
github.com/netabakovv/forum/back/gateway/internal/handler/handlers.go:225.17,228.4 2 0
github.com/netabakovv/forum/back/gateway/internal/handler/handlers.go:229.3,229.36 1 0
github.com/netabakovv/forum/back/gateway/internal/handler/handlers.go:243.48,244.30 1 0
github.com/netabakovv/forum/back/gateway/internal/handler/handlers.go:244.30,246.48 2 0
github.com/netabakovv/forum/back/gateway/internal/handler/handlers.go:246.48,249.4 2 0
github.com/netabakovv/forum/back/gateway/internal/handler/handlers.go:250.3,254.17 4 0
github.com/netabakovv/forum/back/gateway/internal/handler/handlers.go:254.17,257.4 2 0
github.com/netabakovv/forum/back/gateway/internal/handler/handlers.go:258.3,258.30 1 0
github.com/netabakovv/forum/back/gateway/internal/handler/handlers.go:270.45,271.30 1 0
github.com/netabakovv/forum/back/gateway/internal/handler/handlers.go:271.30,274.17 3 0
github.com/netabakovv/forum/back/gateway/internal/handler/handlers.go:274.17,277.4 2 0
github.com/netabakovv/forum/back/gateway/internal/handler/handlers.go:279.3,281.17 3 0
github.com/netabakovv/forum/back/gateway/internal/handler/handlers.go:281.17,284.4 2 0
github.com/netabakovv/forum/back/gateway/internal/handler/handlers.go:286.3,286.30 1 0
github.com/netabakovv/forum/back/gateway/internal/handler/handlers.go:290.48,291.30 1 0
github.com/netabakovv/forum/back/gateway/internal/handler/handlers.go:291.30,293.48 2 0
github.com/netabakovv/forum/back/gateway/internal/handler/handlers.go:293.48,296.4 2 0
github.com/netabakovv/forum/back/gateway/internal/handler/handlers.go:297.3,298.17 2 0
github.com/netabakovv/forum/back/gateway/internal/handler/handlers.go:298.17,301.4 2 0
github.com/netabakovv/forum/back/gateway/internal/handler/handlers.go:302.3,302.30 1 0
github.com/netabakovv/forum/back/gateway/internal/handler/handlers.go:314.48,315.30 1 0
github.com/netabakovv/forum/back/gateway/internal/handler/handlers.go:315.30,318.17 3 0
github.com/netabakovv/forum/back/gateway/internal/handler/handlers.go:318.17,321.4 2 0
github.com/netabakovv/forum/back/gateway/internal/handler/handlers.go:323.3,328.17 3 0
github.com/netabakovv/forum/back/gateway/internal/handler/handlers.go:328.17,331.4 2 0
github.com/netabakovv/forum/back/gateway/internal/handler/handlers.go:333.3,333.67 1 0
github.com/netabakovv/forum/back/gateway/internal/handler/handlers.go:349.51,350.30 1 0
github.com/netabakovv/forum/back/gateway/internal/handler/handlers.go:350.30,352.48 2 0
github.com/netabakovv/forum/back/gateway/internal/handler/handlers.go:352.48,355.4 2 0
github.com/netabakovv/forum/back/gateway/internal/handler/handlers.go:356.3,360.17 4 0
github.com/netabakovv/forum/back/gateway/internal/handler/handlers.go:360.17,363.4 2 0
github.com/netabakovv/forum/back/gateway/internal/handler/handlers.go:364.3,364.30 1 0
github.com/netabakovv/forum/back/gateway/internal/handler/handlers.go:376.52,377.30 1 0
github.com/netabakovv/forum/back/gateway/internal/handler/handlers.go:377.30,380.17 3 0
github.com/netabakovv/forum/back/gateway/internal/handler/handlers.go:380.17,383.4 2 0
github.com/netabakovv/forum/back/gateway/internal/handler/handlers.go:385.3,387.17 3 0
github.com/netabakovv/forum/back/gateway/internal/handler/handlers.go:387.17,390.4 2 0
github.com/netabakovv/forum/back/gateway/internal/handler/handlers.go:392.3,392.30 1 0
github.com/netabakovv/forum/back/gateway/internal/handler/handlers.go:404.57,405.30 1 0
github.com/netabakovv/forum/back/gateway/internal/handler/handlers.go:405.30,408.17 3 0
github.com/netabakovv/forum/back/gateway/internal/handler/handlers.go:408.17,411.4 2 0
github.com/netabakovv/forum/back/gateway/internal/handler/handlers.go:413.3,415.17 3 0
github.com/netabakovv/forum/back/gateway/internal/handler/handlers.go:415.17,418.4 2 0
github.com/netabakovv/forum/back/gateway/internal/handler/handlers.go:420.3,420.39 1 0
github.com/netabakovv/forum/back/gateway/internal/handler/handlers.go:424.51,425.30 1 0
github.com/netabakovv/forum/back/gateway/internal/handler/handlers.go:425.30,427.48 2 0
github.com/netabakovv/forum/back/gateway/internal/handler/handlers.go:427.48,430.4 2 0
github.com/netabakovv/forum/back/gateway/internal/handler/handlers.go:431.3,432.17 2 0
github.com/netabakovv/forum/back/gateway/internal/handler/handlers.go:432.17,435.4 2 0
github.com/netabakovv/forum/back/gateway/internal/handler/handlers.go:436.3,436.30 1 0
github.com/netabakovv/forum/back/gateway/internal/handler/handlers.go:449.51,450.30 1 0
github.com/netabakovv/forum/back/gateway/internal/handler/handlers.go:450.30,453.21 3 0
github.com/netabakovv/forum/back/gateway/internal/handler/handlers.go:453.21,456.4 2 0
github.com/netabakovv/forum/back/gateway/internal/handler/handlers.go:465.3,470.17 3 0
github.com/netabakovv/forum/back/gateway/internal/handler/handlers.go:470.17,473.4 2 0
github.com/netabakovv/forum/back/gateway/internal/handler/handlers.go:475.3,475.81 1 0
github.com/netabakovv/forum/back/gateway/internal/handler/handlers.go:479.46,480.30 1 0
github.com/netabakovv/forum/back/gateway/internal/handler/handlers.go:480.30,482.48 2 0
github.com/netabakovv/forum/back/gateway/internal/handler/handlers.go:482.48,485.4 2 0
github.com/netabakovv/forum/back/gateway/internal/handler/handlers.go:486.3,487.17 2 0
github.com/netabakovv/forum/back/gateway/internal/handler/handlers.go:487.17,490.4 2 0
github.com/netabakovv/forum/back/gateway/internal/handler/handlers.go:491.3,491.39 1 0
github.com/netabakovv/forum/back/gateway/internal/handler/handlers.go:507.49,508.30 1 0
github.com/netabakovv/forum/back/gateway/internal/handler/handlers.go:508.30,510.48 2 0
github.com/netabakovv/forum/back/gateway/internal/handler/handlers.go:510.48,513.4 2 0
github.com/netabakovv/forum/back/gateway/internal/handler/handlers.go:514.3,515.17 2 0
github.com/netabakovv/forum/back/gateway/internal/handler/handlers.go:515.17,518.4 2 0
github.com/netabakovv/forum/back/gateway/internal/handler/handlers.go:519.3,519.85 1 0
github.com/netabakovv/forum/back/gateway/internal/handler/handlers.go:529.49,530.30 1 0
github.com/netabakovv/forum/back/gateway/internal/handler/handlers.go:530.30,533.17 3 0
github.com/netabakovv/forum/back/gateway/internal/handler/handlers.go:533.17,536.4 2 0
github.com/netabakovv/forum/back/gateway/internal/handler/handlers.go:537.3,537.39 1 0
github.com/netabakovv/forum/back/gateway/cmd/main.go:29.13,33.16 3 0
github.com/netabakovv/forum/back/gateway/cmd/main.go:33.16,35.3 1 0
github.com/netabakovv/forum/back/gateway/cmd/main.go:36.2,39.16 3 0
github.com/netabakovv/forum/back/gateway/cmd/main.go:39.16,41.3 1 0
github.com/netabakovv/forum/back/gateway/cmd/main.go:42.2,65.44 8 0
github.com/netabakovv/forum/back/gateway/cmd/main.go:65.44,67.3 1 0
github.com/netabakovv/forum/back/forum_service/internal/usecase/mocks/uc_mocks.go:34.85,38.2 3 0
github.com/netabakovv/forum/back/forum_service/internal/usecase/mocks/uc_mocks.go:41.83,43.2 1 0
github.com/netabakovv/forum/back/forum_service/internal/usecase/mocks/uc_mocks.go:46.99,51.2 4 0
github.com/netabakovv/forum/back/forum_service/internal/usecase/mocks/uc_mocks.go:54.97,57.2 2 0
github.com/netabakovv/forum/back/forum_service/internal/usecase/mocks/uc_mocks.go:60.102,66.2 5 0
github.com/netabakovv/forum/back/forum_service/internal/usecase/mocks/uc_mocks.go:69.83,72.2 2 0
github.com/netabakovv/forum/back/forum_service/internal/usecase/mocks/uc_mocks.go:75.102,80.2 4 0
github.com/netabakovv/forum/back/forum_service/internal/usecase/mocks/uc_mocks.go:83.88,86.2 2 0
github.com/netabakovv/forum/back/forum_service/internal/usecase/mocks/uc_mocks.go:101.91,105.2 3 0
github.com/netabakovv/forum/back/forum_service/internal/usecase/mocks/uc_mocks.go:108.89,110.2 1 0
github.com/netabakovv/forum/back/forum_service/internal/usecase/mocks/uc_mocks.go:113.107,118.2 4 0
github.com/netabakovv/forum/back/forum_service/internal/usecase/mocks/uc_mocks.go:121.97,124.2 2 0
github.com/netabakovv/forum/back/forum_service/internal/usecase/mocks/uc_mocks.go:127.90,132.2 4 0
github.com/netabakovv/forum/back/forum_service/internal/usecase/mocks/uc_mocks.go:135.92,138.2 2 0
github.com/netabakovv/forum/back/forum_service/internal/usecase/mocks/uc_mocks.go:141.115,147.2 5 0
github.com/netabakovv/forum/back/forum_service/internal/usecase/mocks/uc_mocks.go:150.94,153.2 2 0
github.com/netabakovv/forum/back/forum_service/internal/usecase/mocks/uc_mocks.go:156.115,162.2 5 0
github.com/netabakovv/forum/back/forum_service/internal/usecase/mocks/uc_mocks.go:165.94,168.2 2 0
github.com/netabakovv/forum/back/forum_service/internal/usecase/mocks/uc_mocks.go:171.112,177.2 5 0
github.com/netabakovv/forum/back/forum_service/internal/usecase/mocks/uc_mocks.go:180.93,183.2 2 0
github.com/netabakovv/forum/back/forum_service/internal/usecase/mocks/uc_mocks.go:186.107,191.2 4 0
github.com/netabakovv/forum/back/forum_service/internal/usecase/mocks/uc_mocks.go:194.97,197.2 2 0
github.com/netabakovv/forum/back/pkg/database/migrate.go:11.59,15.16 2 0
github.com/netabakovv/forum/back/pkg/database/migrate.go:15.16,17.3 1 0
github.com/netabakovv/forum/back/pkg/database/migrate.go:18.2,20.61 2 0
github.com/netabakovv/forum/back/pkg/database/migrate.go:20.61,22.3 1 0
github.com/netabakovv/forum/back/pkg/database/migrate.go:24.2,25.12 2 0
github.com/netabakovv/forum/back/proto/forum.pb.go:56.38,60.2 3 0
github.com/netabakovv/forum/back/proto/forum.pb.go:62.36,64.2 1 0
github.com/netabakovv/forum/back/proto/forum.pb.go:66.59,68.2 1 0
github.com/netabakovv/forum/back/proto/forum.pb.go:70.47,72.2 1 0
github.com/netabakovv/forum/back/proto/forum.pb.go:74.53,76.2 1 0
github.com/netabakovv/forum/back/proto/forum.pb.go:79.51,81.2 1 0
github.com/netabakovv/forum/back/proto/forum.pb.go:90.32,95.2 4 0
github.com/netabakovv/forum/back/proto/forum.pb.go:97.40,99.2 1 0
github.com/netabakovv/forum/back/proto/forum.pb.go:101.38,101.39 0 0
github.com/netabakovv/forum/back/proto/forum.pb.go:103.60,105.14 2 0
github.com/netabakovv/forum/back/proto/forum.pb.go:105.14,107.34 2 0
github.com/netabakovv/forum/back/proto/forum.pb.go:107.34,109.4 1 0
github.com/netabakovv/forum/back/proto/forum.pb.go:110.3,110.12 1 0
github.com/netabakovv/forum/back/proto/forum.pb.go:112.2,112.24 1 0
github.com/netabakovv/forum/back/proto/forum.pb.go:116.51,118.2 1 0
github.com/netabakovv/forum/back/proto/forum.pb.go:128.35,133.2 4 0
github.com/netabakovv/forum/back/proto/forum.pb.go:135.43,137.2 1 0
github.com/netabakovv/forum/back/proto/forum.pb.go:139.41,139.42 0 0
github.com/netabakovv/forum/back/proto/forum.pb.go:141.63,143.14 2 0
github.com/netabakovv/forum/back/proto/forum.pb.go:143.14,145.34 2 0
github.com/netabakovv/forum/back/proto/forum.pb.go:145.34,147.4 1 0
github.com/netabakovv/forum/back/proto/forum.pb.go:148.3,148.12 1 0
github.com/netabakovv/forum/back/proto/forum.pb.go:150.2,150.24 1 0
github.com/netabakovv/forum/back/proto/forum.pb.go:154.54,156.2 1 0
github.com/netabakovv/forum/back/proto/forum.pb.go:158.48,159.14 1 0
github.com/netabakovv/forum/back/proto/forum.pb.go:159.14,161.3 1 0
github.com/netabakovv/forum/back/proto/forum.pb.go:162.2,162.11 1 0
github.com/netabakovv/forum/back/proto/forum.pb.go:165.48,166.14 1 0
github.com/netabakovv/forum/back/proto/forum.pb.go:166.14,168.3 1 0
github.com/netabakovv/forum/back/proto/forum.pb.go:169.2,169.11 1 0
github.com/netabakovv/forum/back/proto/forum.pb.go:181.36,186.2 4 0
github.com/netabakovv/forum/back/proto/forum.pb.go:188.44,190.2 1 0
github.com/netabakovv/forum/back/proto/forum.pb.go:192.42,192.43 0 0
github.com/netabakovv/forum/back/proto/forum.pb.go:194.64,196.14 2 0
github.com/netabakovv/forum/back/proto/forum.pb.go:196.14,198.34 2 0
github.com/netabakovv/forum/back/proto/forum.pb.go:198.34,200.4 1 0
github.com/netabakovv/forum/back/proto/forum.pb.go:201.3,201.12 1 0
github.com/netabakovv/forum/back/proto/forum.pb.go:203.2,203.24 1 0
github.com/netabakovv/forum/back/proto/forum.pb.go:207.55,209.2 1 0
github.com/netabakovv/forum/back/proto/forum.pb.go:211.52,212.14 1 0
github.com/netabakovv/forum/back/proto/forum.pb.go:212.14,214.3 1 0
github.com/netabakovv/forum/back/proto/forum.pb.go:215.2,215.11 1 0
github.com/netabakovv/forum/back/proto/forum.pb.go:218.53,219.14 1 0
github.com/netabakovv/forum/back/proto/forum.pb.go:219.14,221.3 1 0
github.com/netabakovv/forum/back/proto/forum.pb.go:222.2,222.11 1 0
github.com/netabakovv/forum/back/proto/forum.pb.go:225.49,226.14 1 0
github.com/netabakovv/forum/back/proto/forum.pb.go:226.14,228.3 1 0
github.com/netabakovv/forum/back/proto/forum.pb.go:229.2,229.10 1 0
github.com/netabakovv/forum/back/proto/forum.pb.go:240.32,245.2 4 0
github.com/netabakovv/forum/back/proto/forum.pb.go:247.40,249.2 1 0
github.com/netabakovv/forum/back/proto/forum.pb.go:251.38,251.39 0 0
github.com/netabakovv/forum/back/proto/forum.pb.go:253.60,255.14 2 0
github.com/netabakovv/forum/back/proto/forum.pb.go:255.14,257.34 2 0
github.com/netabakovv/forum/back/proto/forum.pb.go:257.34,259.4 1 0
github.com/netabakovv/forum/back/proto/forum.pb.go:260.3,260.12 1 0
github.com/netabakovv/forum/back/proto/forum.pb.go:262.2,262.24 1 0
github.com/netabakovv/forum/back/proto/forum.pb.go:266.51,268.2 1 0
github.com/netabakovv/forum/back/proto/forum.pb.go:270.45,271.14 1 0
github.com/netabakovv/forum/back/proto/forum.pb.go:271.14,273.3 1 0
github.com/netabakovv/forum/back/proto/forum.pb.go:274.2,274.11 1 0
github.com/netabakovv/forum/back/proto/forum.pb.go:277.45,278.14 1 0
github.com/netabakovv/forum/back/proto/forum.pb.go:278.14,280.3 1 0
github.com/netabakovv/forum/back/proto/forum.pb.go:281.2,281.11 1 0
github.com/netabakovv/forum/back/proto/forum.pb.go:294.33,299.2 4 0
github.com/netabakovv/forum/back/proto/forum.pb.go:301.41,303.2 1 0
github.com/netabakovv/forum/back/proto/forum.pb.go:305.39,305.40 0 0
github.com/netabakovv/forum/back/proto/forum.pb.go:307.61,309.14 2 0
github.com/netabakovv/forum/back/proto/forum.pb.go:309.14,311.34 2 0
github.com/netabakovv/forum/back/proto/forum.pb.go:311.34,313.4 1 0
github.com/netabakovv/forum/back/proto/forum.pb.go:314.3,314.12 1 0
github.com/netabakovv/forum/back/proto/forum.pb.go:316.2,316.24 1 0
github.com/netabakovv/forum/back/proto/forum.pb.go:320.52,322.2 1 0
github.com/netabakovv/forum/back/proto/forum.pb.go:324.49,325.14 1 0
github.com/netabakovv/forum/back/proto/forum.pb.go:325.14,327.3 1 0
github.com/netabakovv/forum/back/proto/forum.pb.go:328.2,328.11 1 0
github.com/netabakovv/forum/back/proto/forum.pb.go:331.50,332.14 1 0
github.com/netabakovv/forum/back/proto/forum.pb.go:332.14,334.3 1 0
github.com/netabakovv/forum/back/proto/forum.pb.go:335.2,335.11 1 0
github.com/netabakovv/forum/back/proto/forum.pb.go:338.46,339.14 1 0
github.com/netabakovv/forum/back/proto/forum.pb.go:339.14,341.3 1 0
github.com/netabakovv/forum/back/proto/forum.pb.go:342.2,342.10 1 0
github.com/netabakovv/forum/back/proto/forum.pb.go:345.56,346.14 1 0
github.com/netabakovv/forum/back/proto/forum.pb.go:346.14,348.3 1 0
github.com/netabakovv/forum/back/proto/forum.pb.go:349.2,349.12 1 0
github.com/netabakovv/forum/back/proto/forum.pb.go:359.39,364.2 4 0
github.com/netabakovv/forum/back/proto/forum.pb.go:366.47,368.2 1 0
github.com/netabakovv/forum/back/proto/forum.pb.go:370.45,370.46 0 0
github.com/netabakovv/forum/back/proto/forum.pb.go:372.67,374.14 2 0
github.com/netabakovv/forum/back/proto/forum.pb.go:374.14,376.34 2 0
github.com/netabakovv/forum/back/proto/forum.pb.go:376.34,378.4 1 0
github.com/netabakovv/forum/back/proto/forum.pb.go:379.3,379.12 1 0
github.com/netabakovv/forum/back/proto/forum.pb.go:381.2,381.24 1 0
github.com/netabakovv/forum/back/proto/forum.pb.go:385.58,387.2 1 0
github.com/netabakovv/forum/back/proto/forum.pb.go:389.56,390.14 1 0
github.com/netabakovv/forum/back/proto/forum.pb.go:390.14,392.3 1 0
github.com/netabakovv/forum/back/proto/forum.pb.go:393.2,393.11 1 0
github.com/netabakovv/forum/back/proto/forum.pb.go:405.40,410.2 4 0
github.com/netabakovv/forum/back/proto/forum.pb.go:412.48,414.2 1 0
github.com/netabakovv/forum/back/proto/forum.pb.go:416.46,416.47 0 0
github.com/netabakovv/forum/back/proto/forum.pb.go:418.68,420.14 2 0
github.com/netabakovv/forum/back/proto/forum.pb.go:420.14,422.34 2 0
github.com/netabakovv/forum/back/proto/forum.pb.go:422.34,424.4 1 0
github.com/netabakovv/forum/back/proto/forum.pb.go:425.3,425.12 1 0
github.com/netabakovv/forum/back/proto/forum.pb.go:427.2,427.24 1 0
github.com/netabakovv/forum/back/proto/forum.pb.go:431.59,433.2 1 0
github.com/netabakovv/forum/back/proto/forum.pb.go:435.56,436.14 1 0
github.com/netabakovv/forum/back/proto/forum.pb.go:436.14,438.3 1 0
github.com/netabakovv/forum/back/proto/forum.pb.go:439.2,439.11 1 0
github.com/netabakovv/forum/back/proto/forum.pb.go:442.57,443.14 1 0
github.com/netabakovv/forum/back/proto/forum.pb.go:443.14,445.3 1 0
github.com/netabakovv/forum/back/proto/forum.pb.go:446.2,446.11 1 0
github.com/netabakovv/forum/back/proto/forum.pb.go:449.53,450.14 1 0
github.com/netabakovv/forum/back/proto/forum.pb.go:450.14,452.3 1 0
github.com/netabakovv/forum/back/proto/forum.pb.go:453.2,453.10 1 0
github.com/netabakovv/forum/back/proto/forum.pb.go:463.35,468.2 4 0
github.com/netabakovv/forum/back/proto/forum.pb.go:470.43,472.2 1 0
github.com/netabakovv/forum/back/proto/forum.pb.go:474.41,474.42 0 0
github.com/netabakovv/forum/back/proto/forum.pb.go:476.63,478.14 2 0
github.com/netabakovv/forum/back/proto/forum.pb.go:478.14,480.34 2 0
github.com/netabakovv/forum/back/proto/forum.pb.go:480.34,482.4 1 0
github.com/netabakovv/forum/back/proto/forum.pb.go:483.3,483.12 1 0
github.com/netabakovv/forum/back/proto/forum.pb.go:485.2,485.24 1 0
github.com/netabakovv/forum/back/proto/forum.pb.go:489.54,491.2 1 0
github.com/netabakovv/forum/back/proto/forum.pb.go:493.51,494.14 1 0
github.com/netabakovv/forum/back/proto/forum.pb.go:494.14,496.3 1 0
github.com/netabakovv/forum/back/proto/forum.pb.go:497.2,497.11 1 0
github.com/netabakovv/forum/back/proto/forum.pb.go:510.36,515.2 4 0
github.com/netabakovv/forum/back/proto/forum.pb.go:517.44,519.2 1 0
github.com/netabakovv/forum/back/proto/forum.pb.go:521.42,521.43 0 0
github.com/netabakovv/forum/back/proto/forum.pb.go:523.64,525.14 2 0
github.com/netabakovv/forum/back/proto/forum.pb.go:525.14,527.34 2 0
github.com/netabakovv/forum/back/proto/forum.pb.go:527.34,529.4 1 0
github.com/netabakovv/forum/back/proto/forum.pb.go:530.3,530.12 1 0
github.com/netabakovv/forum/back/proto/forum.pb.go:532.2,532.24 1 0
github.com/netabakovv/forum/back/proto/forum.pb.go:536.55,538.2 1 0
github.com/netabakovv/forum/back/proto/forum.pb.go:540.46,541.14 1 0
github.com/netabakovv/forum/back/proto/forum.pb.go:541.14,543.3 1 0
github.com/netabakovv/forum/back/proto/forum.pb.go:544.2,544.14 1 0
github.com/netabakovv/forum/back/proto/forum.pb.go:547.46,548.14 1 0
github.com/netabakovv/forum/back/proto/forum.pb.go:548.14,550.3 1 0
github.com/netabakovv/forum/back/proto/forum.pb.go:551.2,551.10 1 0
github.com/netabakovv/forum/back/proto/forum.pb.go:554.49,555.14 1 0
github.com/netabakovv/forum/back/proto/forum.pb.go:555.14,557.3 1 0
github.com/netabakovv/forum/back/proto/forum.pb.go:558.2,558.11 1 0
github.com/netabakovv/forum/back/proto/forum.pb.go:561.46,562.14 1 0
github.com/netabakovv/forum/back/proto/forum.pb.go:562.14,564.3 1 0
github.com/netabakovv/forum/back/proto/forum.pb.go:565.2,565.14 1 0
github.com/netabakovv/forum/back/proto/forum.pb.go:575.33,580.2 4 0
github.com/netabakovv/forum/back/proto/forum.pb.go:582.41,584.2 1 0
github.com/netabakovv/forum/back/proto/forum.pb.go:586.39,586.40 0 0
github.com/netabakovv/forum/back/proto/forum.pb.go:588.61,590.14 2 0
github.com/netabakovv/forum/back/proto/forum.pb.go:590.14,592.34 2 0
github.com/netabakovv/forum/back/proto/forum.pb.go:592.34,594.4 1 0
github.com/netabakovv/forum/back/proto/forum.pb.go:595.3,595.12 1 0
github.com/netabakovv/forum/back/proto/forum.pb.go:597.2,597.24 1 0
github.com/netabakovv/forum/back/proto/forum.pb.go:601.52,603.2 1 0
github.com/netabakovv/forum/back/proto/forum.pb.go:605.49,606.14 1 0
github.com/netabakovv/forum/back/proto/forum.pb.go:606.14,608.3 1 0
github.com/netabakovv/forum/back/proto/forum.pb.go:609.2,609.11 1 0
github.com/netabakovv/forum/back/proto/forum.pb.go:619.34,624.2 4 0
github.com/netabakovv/forum/back/proto/forum.pb.go:626.42,628.2 1 0
github.com/netabakovv/forum/back/proto/forum.pb.go:630.40,630.41 0 0
github.com/netabakovv/forum/back/proto/forum.pb.go:632.62,634.14 2 0
github.com/netabakovv/forum/back/proto/forum.pb.go:634.14,636.34 2 0
github.com/netabakovv/forum/back/proto/forum.pb.go:636.34,638.4 1 0
github.com/netabakovv/forum/back/proto/forum.pb.go:639.3,639.12 1 0
github.com/netabakovv/forum/back/proto/forum.pb.go:641.2,641.24 1 0
github.com/netabakovv/forum/back/proto/forum.pb.go:645.53,647.2 1 0
github.com/netabakovv/forum/back/proto/forum.pb.go:649.44,650.14 1 0
github.com/netabakovv/forum/back/proto/forum.pb.go:650.14,652.3 1 0
github.com/netabakovv/forum/back/proto/forum.pb.go:653.2,653.14 1 0
github.com/netabakovv/forum/back/proto/forum.pb.go:670.24,675.2 4 0
github.com/netabakovv/forum/back/proto/forum.pb.go:677.32,679.2 1 0
github.com/netabakovv/forum/back/proto/forum.pb.go:681.30,681.31 0 0
github.com/netabakovv/forum/back/proto/forum.pb.go:683.52,685.14 2 0
github.com/netabakovv/forum/back/proto/forum.pb.go:685.14,687.34 2 0
github.com/netabakovv/forum/back/proto/forum.pb.go:687.34,689.4 1 0
github.com/netabakovv/forum/back/proto/forum.pb.go:690.3,690.12 1 0
github.com/netabakovv/forum/back/proto/forum.pb.go:692.2,692.24 1 0
github.com/netabakovv/forum/back/proto/forum.pb.go:696.43,698.2 1 0
github.com/netabakovv/forum/back/proto/forum.pb.go:700.30,701.14 1 0
github.com/netabakovv/forum/back/proto/forum.pb.go:701.14,703.3 1 0
github.com/netabakovv/forum/back/proto/forum.pb.go:704.2,704.10 1 0
github.com/netabakovv/forum/back/proto/forum.pb.go:707.34,708.14 1 0
github.com/netabakovv/forum/back/proto/forum.pb.go:708.14,710.3 1 0
github.com/netabakovv/forum/back/proto/forum.pb.go:711.2,711.11 1 0
github.com/netabakovv/forum/back/proto/forum.pb.go:714.36,715.14 1 0
github.com/netabakovv/forum/back/proto/forum.pb.go:715.14,717.3 1 0
github.com/netabakovv/forum/back/proto/forum.pb.go:718.2,718.11 1 0
github.com/netabakovv/forum/back/proto/forum.pb.go:721.36,722.14 1 0
github.com/netabakovv/forum/back/proto/forum.pb.go:722.14,724.3 1 0
github.com/netabakovv/forum/back/proto/forum.pb.go:725.2,725.10 1 0
github.com/netabakovv/forum/back/proto/forum.pb.go:728.43,729.14 1 0
github.com/netabakovv/forum/back/proto/forum.pb.go:729.14,731.3 1 0
github.com/netabakovv/forum/back/proto/forum.pb.go:732.2,732.11 1 0
github.com/netabakovv/forum/back/proto/forum.pb.go:735.37,736.14 1 0
github.com/netabakovv/forum/back/proto/forum.pb.go:736.14,738.3 1 0
github.com/netabakovv/forum/back/proto/forum.pb.go:739.2,739.10 1 0
github.com/netabakovv/forum/back/proto/forum.pb.go:742.40,743.14 1 0
github.com/netabakovv/forum/back/proto/forum.pb.go:743.14,745.3 1 0
github.com/netabakovv/forum/back/proto/forum.pb.go:746.2,746.10 1 0
github.com/netabakovv/forum/back/proto/forum.pb.go:756.32,761.2 4 0
github.com/netabakovv/forum/back/proto/forum.pb.go:763.40,765.2 1 0
github.com/netabakovv/forum/back/proto/forum.pb.go:767.38,767.39 0 0
github.com/netabakovv/forum/back/proto/forum.pb.go:769.60,771.14 2 0
github.com/netabakovv/forum/back/proto/forum.pb.go:771.14,773.34 2 0
github.com/netabakovv/forum/back/proto/forum.pb.go:773.34,775.4 1 0
github.com/netabakovv/forum/back/proto/forum.pb.go:776.3,776.12 1 0
github.com/netabakovv/forum/back/proto/forum.pb.go:778.2,778.24 1 0
github.com/netabakovv/forum/back/proto/forum.pb.go:782.51,784.2 1 0
github.com/netabakovv/forum/back/proto/forum.pb.go:786.40,787.14 1 0
github.com/netabakovv/forum/back/proto/forum.pb.go:787.14,789.3 1 0
github.com/netabakovv/forum/back/proto/forum.pb.go:790.2,790.12 1 0
github.com/netabakovv/forum/back/proto/forum.pb.go:803.37,808.2 4 0
github.com/netabakovv/forum/back/proto/forum.pb.go:810.45,812.2 1 0
github.com/netabakovv/forum/back/proto/forum.pb.go:814.43,814.44 0 0
github.com/netabakovv/forum/back/proto/forum.pb.go:816.65,818.14 2 0
github.com/netabakovv/forum/back/proto/forum.pb.go:818.14,820.34 2 0
github.com/netabakovv/forum/back/proto/forum.pb.go:820.34,822.4 1 0
github.com/netabakovv/forum/back/proto/forum.pb.go:823.3,823.12 1 0
github.com/netabakovv/forum/back/proto/forum.pb.go:825.2,825.24 1 0
github.com/netabakovv/forum/back/proto/forum.pb.go:829.56,831.2 1 0
github.com/netabakovv/forum/back/proto/forum.pb.go:833.47,834.14 1 0
github.com/netabakovv/forum/back/proto/forum.pb.go:834.14,836.3 1 0
github.com/netabakovv/forum/back/proto/forum.pb.go:837.2,837.11 1 0
github.com/netabakovv/forum/back/proto/forum.pb.go:840.49,841.14 1 0
github.com/netabakovv/forum/back/proto/forum.pb.go:841.14,843.3 1 0
github.com/netabakovv/forum/back/proto/forum.pb.go:844.2,844.11 1 0
github.com/netabakovv/forum/back/proto/forum.pb.go:847.49,848.14 1 0
github.com/netabakovv/forum/back/proto/forum.pb.go:848.14,850.3 1 0
github.com/netabakovv/forum/back/proto/forum.pb.go:851.2,851.10 1 0
github.com/netabakovv/forum/back/proto/forum.pb.go:854.56,855.14 1 0
github.com/netabakovv/forum/back/proto/forum.pb.go:855.14,857.3 1 0
github.com/netabakovv/forum/back/proto/forum.pb.go:858.2,858.11 1 0
github.com/netabakovv/forum/back/proto/forum.pb.go:868.34,873.2 4 0
github.com/netabakovv/forum/back/proto/forum.pb.go:875.42,877.2 1 0
github.com/netabakovv/forum/back/proto/forum.pb.go:879.40,879.41 0 0
github.com/netabakovv/forum/back/proto/forum.pb.go:881.62,883.14 2 0
github.com/netabakovv/forum/back/proto/forum.pb.go:883.14,885.34 2 0
github.com/netabakovv/forum/back/proto/forum.pb.go:885.34,887.4 1 0
github.com/netabakovv/forum/back/proto/forum.pb.go:888.3,888.12 1 0
github.com/netabakovv/forum/back/proto/forum.pb.go:890.2,890.24 1 0
github.com/netabakovv/forum/back/proto/forum.pb.go:894.53,896.2 1 0
github.com/netabakovv/forum/back/proto/forum.pb.go:898.44,899.14 1 0
github.com/netabakovv/forum/back/proto/forum.pb.go:899.14,901.3 1 0
github.com/netabakovv/forum/back/proto/forum.pb.go:902.2,902.10 1 0
github.com/netabakovv/forum/back/proto/forum.pb.go:914.37,919.2 4 0
github.com/netabakovv/forum/back/proto/forum.pb.go:921.45,923.2 1 0
github.com/netabakovv/forum/back/proto/forum.pb.go:925.43,925.44 0 0
github.com/netabakovv/forum/back/proto/forum.pb.go:927.65,929.14 2 0
github.com/netabakovv/forum/back/proto/forum.pb.go:929.14,931.34 2 0
github.com/netabakovv/forum/back/proto/forum.pb.go:931.34,933.4 1 0
github.com/netabakovv/forum/back/proto/forum.pb.go:934.3,934.12 1 0
github.com/netabakovv/forum/back/proto/forum.pb.go:936.2,936.24 1 0
github.com/netabakovv/forum/back/proto/forum.pb.go:940.56,942.2 1 0
github.com/netabakovv/forum/back/proto/forum.pb.go:944.47,945.14 1 0
github.com/netabakovv/forum/back/proto/forum.pb.go:945.14,947.3 1 0
github.com/netabakovv/forum/back/proto/forum.pb.go:948.2,948.10 1 0
github.com/netabakovv/forum/back/proto/forum.pb.go:951.47,952.32 1 0
github.com/netabakovv/forum/back/proto/forum.pb.go:952.32,954.3 1 0
github.com/netabakovv/forum/back/proto/forum.pb.go:955.2,955.11 1 0
github.com/netabakovv/forum/back/proto/forum.pb.go:958.49,959.34 1 0
github.com/netabakovv/forum/back/proto/forum.pb.go:959.34,961.3 1 0
github.com/netabakovv/forum/back/proto/forum.pb.go:962.2,962.11 1 0
github.com/netabakovv/forum/back/proto/forum.pb.go:972.37,977.2 4 0
github.com/netabakovv/forum/back/proto/forum.pb.go:979.45,981.2 1 0
github.com/netabakovv/forum/back/proto/forum.pb.go:983.43,983.44 0 0
github.com/netabakovv/forum/back/proto/forum.pb.go:985.65,987.14 2 0
github.com/netabakovv/forum/back/proto/forum.pb.go:987.14,989.34 2 0
github.com/netabakovv/forum/back/proto/forum.pb.go:989.34,991.4 1 0
github.com/netabakovv/forum/back/proto/forum.pb.go:992.3,992.12 1 0
github.com/netabakovv/forum/back/proto/forum.pb.go:994.2,994.24 1 0
github.com/netabakovv/forum/back/proto/forum.pb.go:998.56,1000.2 1 0
github.com/netabakovv/forum/back/proto/forum.pb.go:1002.47,1003.14 1 0
github.com/netabakovv/forum/back/proto/forum.pb.go:1003.14,1005.3 1 0
github.com/netabakovv/forum/back/proto/forum.pb.go:1006.2,1006.10 1 0
github.com/netabakovv/forum/back/proto/forum.pb.go:1016.36,1021.2 4 0
github.com/netabakovv/forum/back/proto/forum.pb.go:1023.44,1025.2 1 0
github.com/netabakovv/forum/back/proto/forum.pb.go:1027.42,1027.43 0 0
github.com/netabakovv/forum/back/proto/forum.pb.go:1029.64,1031.14 2 0
github.com/netabakovv/forum/back/proto/forum.pb.go:1031.14,1033.34 2 0
github.com/netabakovv/forum/back/proto/forum.pb.go:1033.34,1035.4 1 0
github.com/netabakovv/forum/back/proto/forum.pb.go:1036.3,1036.12 1 0
github.com/netabakovv/forum/back/proto/forum.pb.go:1038.2,1038.24 1 0
github.com/netabakovv/forum/back/proto/forum.pb.go:1042.55,1044.2 1 0
github.com/netabakovv/forum/back/proto/forum.pb.go:1046.48,1047.35 1 0
github.com/netabakovv/forum/back/proto/forum.pb.go:1047.35,1049.3 1 0
github.com/netabakovv/forum/back/proto/forum.pb.go:1050.2,1050.10 1 0
github.com/netabakovv/forum/back/proto/forum.pb.go:1061.37,1066.2 4 0
github.com/netabakovv/forum/back/proto/forum.pb.go:1068.45,1070.2 1 0
github.com/netabakovv/forum/back/proto/forum.pb.go:1072.43,1072.44 0 0
github.com/netabakovv/forum/back/proto/forum.pb.go:1074.65,1076.14 2 0
github.com/netabakovv/forum/back/proto/forum.pb.go:1076.14,1078.34 2 0
github.com/netabakovv/forum/back/proto/forum.pb.go:1078.34,1080.4 1 0
github.com/netabakovv/forum/back/proto/forum.pb.go:1081.3,1081.12 1 0
github.com/netabakovv/forum/back/proto/forum.pb.go:1083.2,1083.24 1 0
github.com/netabakovv/forum/back/proto/forum.pb.go:1087.56,1089.2 1 0
github.com/netabakovv/forum/back/proto/forum.pb.go:1091.48,1092.14 1 0
github.com/netabakovv/forum/back/proto/forum.pb.go:1092.14,1094.3 1 0
github.com/netabakovv/forum/back/proto/forum.pb.go:1095.2,1095.12 1 0
github.com/netabakovv/forum/back/proto/forum.pb.go:1098.51,1099.14 1 0
github.com/netabakovv/forum/back/proto/forum.pb.go:1099.14,1101.3 1 0
github.com/netabakovv/forum/back/proto/forum.pb.go:1102.2,1102.10 1 0
github.com/netabakovv/forum/back/proto/forum.pb.go:1118.27,1123.2 4 0
github.com/netabakovv/forum/back/proto/forum.pb.go:1125.35,1127.2 1 0
github.com/netabakovv/forum/back/proto/forum.pb.go:1129.33,1129.34 0 0
github.com/netabakovv/forum/back/proto/forum.pb.go:1131.55,1133.14 2 0
github.com/netabakovv/forum/back/proto/forum.pb.go:1133.14,1135.34 2 0
github.com/netabakovv/forum/back/proto/forum.pb.go:1135.34,1137.4 1 0
github.com/netabakovv/forum/back/proto/forum.pb.go:1138.3,1138.12 1 0
github.com/netabakovv/forum/back/proto/forum.pb.go:1140.2,1140.24 1 0
github.com/netabakovv/forum/back/proto/forum.pb.go:1144.46,1146.2 1 0
github.com/netabakovv/forum/back/proto/forum.pb.go:1148.33,1149.14 1 0
github.com/netabakovv/forum/back/proto/forum.pb.go:1149.14,1151.3 1 0
github.com/netabakovv/forum/back/proto/forum.pb.go:1152.2,1152.10 1 0
github.com/netabakovv/forum/back/proto/forum.pb.go:1155.39,1156.14 1 0
github.com/netabakovv/forum/back/proto/forum.pb.go:1156.14,1158.3 1 0
github.com/netabakovv/forum/back/proto/forum.pb.go:1159.2,1159.11 1 0
github.com/netabakovv/forum/back/proto/forum.pb.go:1162.39,1163.14 1 0
github.com/netabakovv/forum/back/proto/forum.pb.go:1163.14,1165.3 1 0
github.com/netabakovv/forum/back/proto/forum.pb.go:1166.2,1166.10 1 0
github.com/netabakovv/forum/back/proto/forum.pb.go:1169.46,1170.14 1 0
github.com/netabakovv/forum/back/proto/forum.pb.go:1170.14,1172.3 1 0
github.com/netabakovv/forum/back/proto/forum.pb.go:1173.2,1173.11 1 0
github.com/netabakovv/forum/back/proto/forum.pb.go:1176.37,1177.14 1 0
github.com/netabakovv/forum/back/proto/forum.pb.go:1177.14,1179.3 1 0
github.com/netabakovv/forum/back/proto/forum.pb.go:1180.2,1180.10 1 0
github.com/netabakovv/forum/back/proto/forum.pb.go:1183.40,1184.14 1 0
github.com/netabakovv/forum/back/proto/forum.pb.go:1184.14,1186.3 1 0
github.com/netabakovv/forum/back/proto/forum.pb.go:1187.2,1187.10 1 0
github.com/netabakovv/forum/back/proto/forum.pb.go:1197.35,1202.2 4 0
github.com/netabakovv/forum/back/proto/forum.pb.go:1204.43,1206.2 1 0
github.com/netabakovv/forum/back/proto/forum.pb.go:1208.41,1208.42 0 0
github.com/netabakovv/forum/back/proto/forum.pb.go:1210.63,1212.14 2 0
github.com/netabakovv/forum/back/proto/forum.pb.go:1212.14,1214.34 2 0
github.com/netabakovv/forum/back/proto/forum.pb.go:1214.34,1216.4 1 0
github.com/netabakovv/forum/back/proto/forum.pb.go:1217.3,1217.12 1 0
github.com/netabakovv/forum/back/proto/forum.pb.go:1219.2,1219.24 1 0
github.com/netabakovv/forum/back/proto/forum.pb.go:1223.54,1225.2 1 0
github.com/netabakovv/forum/back/proto/forum.pb.go:1227.49,1228.14 1 0
github.com/netabakovv/forum/back/proto/forum.pb.go:1228.14,1230.3 1 0
github.com/netabakovv/forum/back/proto/forum.pb.go:1231.2,1231.12 1 0
github.com/netabakovv/forum/back/proto/forum.pb.go:1244.40,1249.2 4 0
github.com/netabakovv/forum/back/proto/forum.pb.go:1251.48,1253.2 1 0
github.com/netabakovv/forum/back/proto/forum.pb.go:1255.46,1255.47 0 0
github.com/netabakovv/forum/back/proto/forum.pb.go:1257.68,1259.14 2 0
github.com/netabakovv/forum/back/proto/forum.pb.go:1259.14,1261.34 2 0
github.com/netabakovv/forum/back/proto/forum.pb.go:1261.34,1263.4 1 0
github.com/netabakovv/forum/back/proto/forum.pb.go:1264.3,1264.12 1 0
github.com/netabakovv/forum/back/proto/forum.pb.go:1266.2,1266.24 1 0
github.com/netabakovv/forum/back/proto/forum.pb.go:1270.59,1272.2 1 0
github.com/netabakovv/forum/back/proto/forum.pb.go:1274.52,1275.14 1 0
github.com/netabakovv/forum/back/proto/forum.pb.go:1275.14,1277.3 1 0
github.com/netabakovv/forum/back/proto/forum.pb.go:1278.2,1278.11 1 0
github.com/netabakovv/forum/back/proto/forum.pb.go:1281.52,1282.14 1 0
github.com/netabakovv/forum/back/proto/forum.pb.go:1282.14,1284.3 1 0
github.com/netabakovv/forum/back/proto/forum.pb.go:1285.2,1285.10 1 0
github.com/netabakovv/forum/back/proto/forum.pb.go:1288.50,1289.14 1 0
github.com/netabakovv/forum/back/proto/forum.pb.go:1289.14,1291.3 1 0
github.com/netabakovv/forum/back/proto/forum.pb.go:1292.2,1292.10 1 0
github.com/netabakovv/forum/back/proto/forum.pb.go:1295.59,1296.14 1 0
github.com/netabakovv/forum/back/proto/forum.pb.go:1296.14,1298.3 1 0
github.com/netabakovv/forum/back/proto/forum.pb.go:1299.2,1299.11 1 0
github.com/netabakovv/forum/back/proto/forum.pb.go:1309.37,1314.2 4 0
github.com/netabakovv/forum/back/proto/forum.pb.go:1316.45,1318.2 1 0
github.com/netabakovv/forum/back/proto/forum.pb.go:1320.43,1320.44 0 0
github.com/netabakovv/forum/back/proto/forum.pb.go:1322.65,1324.14 2 0
github.com/netabakovv/forum/back/proto/forum.pb.go:1324.14,1326.34 2 0
github.com/netabakovv/forum/back/proto/forum.pb.go:1326.34,1328.4 1 0
github.com/netabakovv/forum/back/proto/forum.pb.go:1329.3,1329.12 1 0
github.com/netabakovv/forum/back/proto/forum.pb.go:1331.2,1331.24 1 0
github.com/netabakovv/forum/back/proto/forum.pb.go:1335.56,1337.2 1 0
github.com/netabakovv/forum/back/proto/forum.pb.go:1339.50,1340.14 1 0
github.com/netabakovv/forum/back/proto/forum.pb.go:1340.14,1342.3 1 0
github.com/netabakovv/forum/back/proto/forum.pb.go:1343.2,1343.10 1 0
github.com/netabakovv/forum/back/proto/forum.pb.go:1353.46,1358.2 4 0
github.com/netabakovv/forum/back/proto/forum.pb.go:1360.54,1362.2 1 0
github.com/netabakovv/forum/back/proto/forum.pb.go:1364.52,1364.53 0 0
github.com/netabakovv/forum/back/proto/forum.pb.go:1366.74,1368.14 2 0
github.com/netabakovv/forum/back/proto/forum.pb.go:1368.14,1370.34 2 0
github.com/netabakovv/forum/back/proto/forum.pb.go:1370.34,1372.4 1 0
github.com/netabakovv/forum/back/proto/forum.pb.go:1373.3,1373.12 1 0
github.com/netabakovv/forum/back/proto/forum.pb.go:1375.2,1375.24 1 0
github.com/netabakovv/forum/back/proto/forum.pb.go:1379.65,1381.2 1 0
github.com/netabakovv/forum/back/proto/forum.pb.go:1383.56,1384.14 1 0
github.com/netabakovv/forum/back/proto/forum.pb.go:1384.14,1386.3 1 0
github.com/netabakovv/forum/back/proto/forum.pb.go:1387.2,1387.10 1 0
github.com/netabakovv/forum/back/proto/forum.pb.go:1397.39,1402.2 4 0
github.com/netabakovv/forum/back/proto/forum.pb.go:1404.47,1406.2 1 0
github.com/netabakovv/forum/back/proto/forum.pb.go:1408.45,1408.46 0 0
github.com/netabakovv/forum/back/proto/forum.pb.go:1410.67,1412.14 2 0
github.com/netabakovv/forum/back/proto/forum.pb.go:1412.14,1414.34 2 0
github.com/netabakovv/forum/back/proto/forum.pb.go:1414.34,1416.4 1 0
github.com/netabakovv/forum/back/proto/forum.pb.go:1417.3,1417.12 1 0
github.com/netabakovv/forum/back/proto/forum.pb.go:1419.2,1419.24 1 0
github.com/netabakovv/forum/back/proto/forum.pb.go:1423.58,1425.2 1 0
github.com/netabakovv/forum/back/proto/forum.pb.go:1427.49,1428.14 1 0
github.com/netabakovv/forum/back/proto/forum.pb.go:1428.14,1430.3 1 0
github.com/netabakovv/forum/back/proto/forum.pb.go:1431.2,1431.10 1 0
github.com/netabakovv/forum/back/proto/forum.pb.go:1442.40,1447.2 4 0
github.com/netabakovv/forum/back/proto/forum.pb.go:1449.48,1451.2 1 0
github.com/netabakovv/forum/back/proto/forum.pb.go:1453.46,1453.47 0 0
github.com/netabakovv/forum/back/proto/forum.pb.go:1455.68,1457.14 2 0
github.com/netabakovv/forum/back/proto/forum.pb.go:1457.14,1459.34 2 0
github.com/netabakovv/forum/back/proto/forum.pb.go:1459.34,1461.4 1 0
github.com/netabakovv/forum/back/proto/forum.pb.go:1462.3,1462.12 1 0
github.com/netabakovv/forum/back/proto/forum.pb.go:1464.2,1464.24 1 0
github.com/netabakovv/forum/back/proto/forum.pb.go:1468.59,1470.2 1 0
github.com/netabakovv/forum/back/proto/forum.pb.go:1472.57,1473.14 1 0
github.com/netabakovv/forum/back/proto/forum.pb.go:1473.14,1475.3 1 0
github.com/netabakovv/forum/back/proto/forum.pb.go:1476.2,1476.12 1 0
github.com/netabakovv/forum/back/proto/forum.pb.go:1479.54,1480.14 1 0
github.com/netabakovv/forum/back/proto/forum.pb.go:1480.14,1482.3 1 0
github.com/netabakovv/forum/back/proto/forum.pb.go:1483.2,1483.10 1 0
github.com/netabakovv/forum/back/proto/forum.pb.go:1494.40,1499.2 4 0
github.com/netabakovv/forum/back/proto/forum.pb.go:1501.48,1503.2 1 0
github.com/netabakovv/forum/back/proto/forum.pb.go:1505.46,1505.47 0 0
github.com/netabakovv/forum/back/proto/forum.pb.go:1507.68,1509.14 2 0
github.com/netabakovv/forum/back/proto/forum.pb.go:1509.14,1511.34 2 0
github.com/netabakovv/forum/back/proto/forum.pb.go:1511.34,1513.4 1 0
github.com/netabakovv/forum/back/proto/forum.pb.go:1514.3,1514.12 1 0
github.com/netabakovv/forum/back/proto/forum.pb.go:1516.2,1516.24 1 0
github.com/netabakovv/forum/back/proto/forum.pb.go:1520.59,1522.2 1 0
github.com/netabakovv/forum/back/proto/forum.pb.go:1524.53,1525.14 1 0
github.com/netabakovv/forum/back/proto/forum.pb.go:1525.14,1527.3 1 0
github.com/netabakovv/forum/back/proto/forum.pb.go:1528.2,1528.10 1 0
github.com/netabakovv/forum/back/proto/forum.pb.go:1531.52,1532.34 1 0
github.com/netabakovv/forum/back/proto/forum.pb.go:1532.34,1534.3 1 0
github.com/netabakovv/forum/back/proto/forum.pb.go:1535.2,1535.11 1 0
github.com/netabakovv/forum/back/proto/forum.pb.go:1545.40,1550.2 4 0
github.com/netabakovv/forum/back/proto/forum.pb.go:1552.48,1554.2 1 0
github.com/netabakovv/forum/back/proto/forum.pb.go:1556.46,1556.47 0 0
github.com/netabakovv/forum/back/proto/forum.pb.go:1558.68,1560.14 2 0
github.com/netabakovv/forum/back/proto/forum.pb.go:1560.14,1562.34 2 0
github.com/netabakovv/forum/back/proto/forum.pb.go:1562.34,1564.4 1 0
github.com/netabakovv/forum/back/proto/forum.pb.go:1565.3,1565.12 1 0
github.com/netabakovv/forum/back/proto/forum.pb.go:1567.2,1567.24 1 0
github.com/netabakovv/forum/back/proto/forum.pb.go:1571.59,1573.2 1 0
github.com/netabakovv/forum/back/proto/forum.pb.go:1575.53,1576.14 1 0
github.com/netabakovv/forum/back/proto/forum.pb.go:1576.14,1578.3 1 0
github.com/netabakovv/forum/back/proto/forum.pb.go:1579.2,1579.10 1 0
github.com/netabakovv/forum/back/proto/forum.pb.go:1592.31,1597.2 4 0
github.com/netabakovv/forum/back/proto/forum.pb.go:1599.39,1601.2 1 0
github.com/netabakovv/forum/back/proto/forum.pb.go:1603.37,1603.38 0 0
github.com/netabakovv/forum/back/proto/forum.pb.go:1605.59,1607.14 2 0
github.com/netabakovv/forum/back/proto/forum.pb.go:1607.14,1609.34 2 0
github.com/netabakovv/forum/back/proto/forum.pb.go:1609.34,1611.4 1 0
github.com/netabakovv/forum/back/proto/forum.pb.go:1612.3,1612.12 1 0
github.com/netabakovv/forum/back/proto/forum.pb.go:1614.2,1614.24 1 0
github.com/netabakovv/forum/back/proto/forum.pb.go:1618.50,1620.2 1 0
github.com/netabakovv/forum/back/proto/forum.pb.go:1622.41,1623.14 1 0
github.com/netabakovv/forum/back/proto/forum.pb.go:1623.14,1625.3 1 0
github.com/netabakovv/forum/back/proto/forum.pb.go:1626.2,1626.10 1 0
github.com/netabakovv/forum/back/proto/forum.pb.go:1629.43,1630.14 1 0
github.com/netabakovv/forum/back/proto/forum.pb.go:1630.14,1632.3 1 0
github.com/netabakovv/forum/back/proto/forum.pb.go:1633.2,1633.11 1 0
github.com/netabakovv/forum/back/proto/forum.pb.go:1636.44,1637.14 1 0
github.com/netabakovv/forum/back/proto/forum.pb.go:1637.14,1639.3 1 0
github.com/netabakovv/forum/back/proto/forum.pb.go:1640.2,1640.10 1 0
github.com/netabakovv/forum/back/proto/forum.pb.go:1649.38,1654.2 4 0
github.com/netabakovv/forum/back/proto/forum.pb.go:1656.46,1658.2 1 0
github.com/netabakovv/forum/back/proto/forum.pb.go:1660.44,1660.45 0 0
github.com/netabakovv/forum/back/proto/forum.pb.go:1662.66,1664.14 2 0
github.com/netabakovv/forum/back/proto/forum.pb.go:1664.14,1666.34 2 0
github.com/netabakovv/forum/back/proto/forum.pb.go:1666.34,1668.4 1 0
github.com/netabakovv/forum/back/proto/forum.pb.go:1669.3,1669.12 1 0
github.com/netabakovv/forum/back/proto/forum.pb.go:1671.2,1671.24 1 0
github.com/netabakovv/forum/back/proto/forum.pb.go:1675.57,1677.2 1 0
github.com/netabakovv/forum/back/proto/forum.pb.go:1687.39,1692.2 4 0
github.com/netabakovv/forum/back/proto/forum.pb.go:1694.47,1696.2 1 0
github.com/netabakovv/forum/back/proto/forum.pb.go:1698.45,1698.46 0 0
github.com/netabakovv/forum/back/proto/forum.pb.go:1700.67,1702.14 2 0
github.com/netabakovv/forum/back/proto/forum.pb.go:1702.14,1704.34 2 0
github.com/netabakovv/forum/back/proto/forum.pb.go:1704.34,1706.4 1 0
github.com/netabakovv/forum/back/proto/forum.pb.go:1707.3,1707.12 1 0
github.com/netabakovv/forum/back/proto/forum.pb.go:1709.2,1709.24 1 0
github.com/netabakovv/forum/back/proto/forum.pb.go:1713.58,1715.2 1 0
github.com/netabakovv/forum/back/proto/forum.pb.go:1717.60,1718.14 1 0
github.com/netabakovv/forum/back/proto/forum.pb.go:1718.14,1720.3 1 0
github.com/netabakovv/forum/back/proto/forum.pb.go:1721.2,1721.12 1 0
github.com/netabakovv/forum/back/proto/forum.pb.go:1724.53,1725.14 1 0
github.com/netabakovv/forum/back/proto/forum.pb.go:1725.14,1727.3 1 0
github.com/netabakovv/forum/back/proto/forum.pb.go:1728.2,1728.10 1 0
github.com/netabakovv/forum/back/proto/forum.pb.go:1740.30,1745.2 4 0
github.com/netabakovv/forum/back/proto/forum.pb.go:1747.38,1749.2 1 0
github.com/netabakovv/forum/back/proto/forum.pb.go:1751.36,1751.37 0 0
github.com/netabakovv/forum/back/proto/forum.pb.go:1753.58,1755.14 2 0
github.com/netabakovv/forum/back/proto/forum.pb.go:1755.14,1757.34 2 0
github.com/netabakovv/forum/back/proto/forum.pb.go:1757.34,1759.4 1 0
github.com/netabakovv/forum/back/proto/forum.pb.go:1760.3,1760.12 1 0
github.com/netabakovv/forum/back/proto/forum.pb.go:1762.2,1762.24 1 0
github.com/netabakovv/forum/back/proto/forum.pb.go:1766.49,1768.2 1 0
github.com/netabakovv/forum/back/proto/forum.pb.go:1770.56,1771.14 1 0
github.com/netabakovv/forum/back/proto/forum.pb.go:1771.14,1773.3 1 0
github.com/netabakovv/forum/back/proto/forum.pb.go:1774.2,1774.10 1 0
github.com/netabakovv/forum/back/proto/forum.pb.go:1777.50,1778.14 1 0
github.com/netabakovv/forum/back/proto/forum.pb.go:1778.14,1780.3 1 0
github.com/netabakovv/forum/back/proto/forum.pb.go:1781.2,1781.10 1 0
github.com/netabakovv/forum/back/proto/forum.pb.go:1784.50,1785.14 1 0
github.com/netabakovv/forum/back/proto/forum.pb.go:1785.14,1787.3 1 0
github.com/netabakovv/forum/back/proto/forum.pb.go:1788.2,1788.14 1 0
github.com/netabakovv/forum/back/proto/forum.pb.go:1801.24,1806.2 4 0
github.com/netabakovv/forum/back/proto/forum.pb.go:1808.32,1810.2 1 0
github.com/netabakovv/forum/back/proto/forum.pb.go:1812.30,1812.31 0 0
github.com/netabakovv/forum/back/proto/forum.pb.go:1814.52,1816.14 2 0
github.com/netabakovv/forum/back/proto/forum.pb.go:1816.14,1818.34 2 0
github.com/netabakovv/forum/back/proto/forum.pb.go:1818.34,1820.4 1 0
github.com/netabakovv/forum/back/proto/forum.pb.go:1821.3,1821.12 1 0
github.com/netabakovv/forum/back/proto/forum.pb.go:1823.2,1823.24 1 0
github.com/netabakovv/forum/back/proto/forum.pb.go:1827.43,1829.2 1 0
github.com/netabakovv/forum/back/proto/forum.pb.go:1831.30,1832.14 1 0
github.com/netabakovv/forum/back/proto/forum.pb.go:1832.14,1834.3 1 0
github.com/netabakovv/forum/back/proto/forum.pb.go:1835.2,1835.10 1 0
github.com/netabakovv/forum/back/proto/forum.pb.go:1838.37,1839.14 1 0
github.com/netabakovv/forum/back/proto/forum.pb.go:1839.14,1841.3 1 0
github.com/netabakovv/forum/back/proto/forum.pb.go:1842.2,1842.11 1 0
github.com/netabakovv/forum/back/proto/forum.pb.go:1845.37,1846.14 1 0
github.com/netabakovv/forum/back/proto/forum.pb.go:1846.14,1848.3 1 0
github.com/netabakovv/forum/back/proto/forum.pb.go:1849.2,1849.10 1 0
github.com/netabakovv/forum/back/proto/forum.pb.go:1859.34,1864.2 4 0
github.com/netabakovv/forum/back/proto/forum.pb.go:1866.42,1868.2 1 0
github.com/netabakovv/forum/back/proto/forum.pb.go:1870.40,1870.41 0 0
github.com/netabakovv/forum/back/proto/forum.pb.go:1872.62,1874.14 2 0
github.com/netabakovv/forum/back/proto/forum.pb.go:1874.14,1876.34 2 0
github.com/netabakovv/forum/back/proto/forum.pb.go:1876.34,1878.4 1 0
github.com/netabakovv/forum/back/proto/forum.pb.go:1879.3,1879.12 1 0
github.com/netabakovv/forum/back/proto/forum.pb.go:1881.2,1881.24 1 0
github.com/netabakovv/forum/back/proto/forum.pb.go:1885.53,1887.2 1 0
github.com/netabakovv/forum/back/proto/forum.pb.go:1889.44,1890.14 1 0
github.com/netabakovv/forum/back/proto/forum.pb.go:1890.14,1892.3 1 0
github.com/netabakovv/forum/back/proto/forum.pb.go:1893.2,1893.10 1 0
github.com/netabakovv/forum/back/proto/forum.pb.go:1908.39,1913.2 4 0
github.com/netabakovv/forum/back/proto/forum.pb.go:1915.47,1917.2 1 0
github.com/netabakovv/forum/back/proto/forum.pb.go:1919.45,1919.46 0 0
github.com/netabakovv/forum/back/proto/forum.pb.go:1921.67,1923.14 2 0
github.com/netabakovv/forum/back/proto/forum.pb.go:1923.14,1925.34 2 0
github.com/netabakovv/forum/back/proto/forum.pb.go:1925.34,1927.4 1 0
github.com/netabakovv/forum/back/proto/forum.pb.go:1928.3,1928.12 1 0
github.com/netabakovv/forum/back/proto/forum.pb.go:1930.2,1930.24 1 0
github.com/netabakovv/forum/back/proto/forum.pb.go:1934.58,1936.2 1 0
github.com/netabakovv/forum/back/proto/forum.pb.go:1938.49,1939.14 1 0
github.com/netabakovv/forum/back/proto/forum.pb.go:1939.14,1941.3 1 0
github.com/netabakovv/forum/back/proto/forum.pb.go:1942.2,1942.10 1 0
github.com/netabakovv/forum/back/proto/forum.pb.go:1945.52,1946.14 1 0
github.com/netabakovv/forum/back/proto/forum.pb.go:1946.14,1948.3 1 0
github.com/netabakovv/forum/back/proto/forum.pb.go:1949.2,1949.11 1 0
github.com/netabakovv/forum/back/proto/forum.pb.go:1952.52,1953.14 1 0
github.com/netabakovv/forum/back/proto/forum.pb.go:1953.14,1955.3 1 0
github.com/netabakovv/forum/back/proto/forum.pb.go:1956.2,1956.10 1 0
github.com/netabakovv/forum/back/proto/forum.pb.go:1959.52,1960.14 1 0
github.com/netabakovv/forum/back/proto/forum.pb.go:1960.14,1962.3 1 0
github.com/netabakovv/forum/back/proto/forum.pb.go:1963.2,1963.10 1 0
github.com/netabakovv/forum/back/proto/forum.pb.go:1966.55,1967.14 1 0
github.com/netabakovv/forum/back/proto/forum.pb.go:1967.14,1969.3 1 0
github.com/netabakovv/forum/back/proto/forum.pb.go:1970.2,1970.10 1 0
github.com/netabakovv/forum/back/proto/forum.pb.go:1973.49,1974.14 1 0
github.com/netabakovv/forum/back/proto/forum.pb.go:1974.14,1976.3 1 0
[...]
github.com/netabakovv/forum/back/pkg/logger/stdlogger.go:55.5,56.30 2 0
github.com/netabakovv/forum/back/pkg/logger/stdlogger.go:56.30,57.18 1 0
github.com/netabakovv/forum/back/pkg/logger/stdlogger.go:57.18,59.10 1 0
github.com/netabakovv/forum/back/pkg/logger/stdlogger.go:60.9,60.56 1 0
github.com/netabakovv/forum/back/pkg/logger/stdlogger.go:62.5,63.18 2 0
github.com/netabakovv/forum/back/auth_service/internal/service/token_service.go:30.113,37.2 1 1
github.com/netabakovv/forum/back/auth_service/internal/service/token_service.go:39.116,47.16 3 1
github.com/netabakovv/forum/back/auth_service/internal/service/token_service.go:47.16,49.3 1 0
github.com/netabakovv/forum/back/auth_service/internal/service/token_service.go:52.2,53.16 2 1
github.com/netabakovv/forum/back/auth_service/internal/service/token_service.go:53.16,55.3 1 0
github.com/netabakovv/forum/back/auth_service/internal/service/token_service.go:57.2,63.8 2 1
github.com/netabakovv/forum/back/auth_service/internal/service/token_service.go:66.89,67.23 1 1
github.com/netabakovv/forum/back/auth_service/internal/service/token_service.go:67.23,69.3 1 1
github.com/netabakovv/forum/back/auth_service/internal/service/token_service.go:71.2,71.83 1 1
github.com/netabakovv/forum/back/auth_service/internal/service/token_service.go:71.83,72.58 1 1
github.com/netabakovv/forum/back/auth_service/internal/service/token_service.go:72.58,74.4 1 0
github.com/netabakovv/forum/back/auth_service/internal/service/token_service.go:75.3,75.34 1 1
github.com/netabakovv/forum/back/auth_service/internal/service/token_service.go:78.2,78.16 1 1
github.com/netabakovv/forum/back/auth_service/internal/service/token_service.go:78.16,79.47 1 1
github.com/netabakovv/forum/back/auth_service/internal/service/token_service.go:79.47,80.49 1 1
github.com/netabakovv/forum/back/auth_service/internal/service/token_service.go:80.49,82.5 1 1
github.com/netabakovv/forum/back/auth_service/internal/service/token_service.go:84.3,84.59 1 1
github.com/netabakovv/forum/back/auth_service/internal/service/token_service.go:87.2,88.25 2 1
github.com/netabakovv/forum/back/auth_service/internal/service/token_service.go:88.25,90.3 1 0
github.com/netabakovv/forum/back/auth_service/internal/service/token_service.go:92.2,93.9 2 1
github.com/netabakovv/forum/back/auth_service/internal/service/token_service.go:93.9,95.3 1 1
github.com/netabakovv/forum/back/auth_service/internal/service/token_service.go:97.2,98.9 2 1
github.com/netabakovv/forum/back/auth_service/internal/service/token_service.go:98.9,100.3 1 0
github.com/netabakovv/forum/back/auth_service/internal/service/token_service.go:102.2,103.9 2 1
github.com/netabakovv/forum/back/auth_service/internal/service/token_service.go:103.9,105.3 1 0
github.com/netabakovv/forum/back/auth_service/internal/service/token_service.go:107.2,108.9 2 1
github.com/netabakovv/forum/back/auth_service/internal/service/token_service.go:108.9,110.3 1 0
github.com/netabakovv/forum/back/auth_service/internal/service/token_service.go:112.2,118.8 1 1
github.com/netabakovv/forum/back/auth_service/internal/service/token_service.go:121.143,135.16 5 1
github.com/netabakovv/forum/back/auth_service/internal/service/token_service.go:135.16,137.3 1 0
github.com/netabakovv/forum/back/auth_service/internal/service/token_service.go:139.2,139.25 1 1
github.com/netabakovv/forum/back/pkg/logger/interface.go:19.52,24.2 1 1
github.com/netabakovv/forum/back/pkg/logger/stdlogger.go:18.28,26.2 1 0
github.com/netabakovv/forum/back/pkg/logger/stdlogger.go:28.56,30.2 1 0
github.com/netabakovv/forum/back/pkg/logger/stdlogger.go:32.55,34.2 1 0
github.com/netabakovv/forum/back/pkg/logger/stdlogger.go:36.55,38.2 1 0
github.com/netabakovv/forum/back/pkg/logger/stdlogger.go:40.56,42.2 1 0
github.com/netabakovv/forum/back/pkg/logger/stdlogger.go:44.56,47.2 2 0
github.com/netabakovv/forum/back/pkg/logger/stdlogger.go:50.52,51.25 1 0
github.com/netabakovv/forum/back/pkg/logger/stdlogger.go:51.25,53.6 1 0
github.com/netabakovv/forum/back/pkg/logger/stdlogger.go:55.5,56.30 2 0
github.com/netabakovv/forum/back/pkg/logger/stdlogger.go:56.30,57.18 1 0
github.com/netabakovv/forum/back/pkg/logger/stdlogger.go:57.18,59.10 1 0
github.com/netabakovv/forum/back/pkg/logger/stdlogger.go:60.9,60.56 1 0
github.com/netabakovv/forum/back/pkg/logger/stdlogger.go:62.5,63.18 2 0
github.com/netabakovv/forum/back/pkg/logger/mocks/mock.go:26.57,30.2 3 1
github.com/netabakovv/forum/back/pkg/logger/mocks/mock.go:33.55,35.2 1 1
github.com/netabakovv/forum/back/pkg/logger/mocks/mock.go:38.64,41.27 3 0
github.com/netabakovv/forum/back/pkg/logger/mocks/mock.go:41.27,43.3 1 0
github.com/netabakovv/forum/back/pkg/logger/mocks/mock.go:44.2,44.37 1 0
github.com/netabakovv/forum/back/pkg/logger/mocks/mock.go:48.94,52.2 3 0
github.com/netabakovv/forum/back/pkg/logger/mocks/mock.go:55.64,58.27 3 0
github.com/netabakovv/forum/back/pkg/logger/mocks/mock.go:58.27,60.3 1 0
github.com/netabakovv/forum/back/pkg/logger/mocks/mock.go:61.2,61.37 1 0
github.com/netabakovv/forum/back/pkg/logger/mocks/mock.go:65.94,69.2 3 0
github.com/netabakovv/forum/back/pkg/logger/mocks/mock.go:72.64,75.27 3 0
github.com/netabakovv/forum/back/pkg/logger/mocks/mock.go:75.27,77.3 1 0
github.com/netabakovv/forum/back/pkg/logger/mocks/mock.go:78.2,78.37 1 0
github.com/netabakovv/forum/back/pkg/logger/mocks/mock.go:82.94,86.2 3 0
github.com/netabakovv/forum/back/pkg/logger/mocks/mock.go:89.63,92.27 3 1
github.com/netabakovv/forum/back/pkg/logger/mocks/mock.go:92.27,94.3 1 1
github.com/netabakovv/forum/back/pkg/logger/mocks/mock.go:95.2,95.36 1 1
github.com/netabakovv/forum/back/pkg/logger/mocks/mock.go:99.93,103.2 3 1
github.com/netabakovv/forum/back/pkg/logger/mocks/mock.go:106.63,109.27 3 0
github.com/netabakovv/forum/back/pkg/logger/mocks/mock.go:109.27,111.3 1 0
github.com/netabakovv/forum/back/pkg/logger/mocks/mock.go:112.2,112.36 1 0
github.com/netabakovv/forum/back/pkg/logger/mocks/mock.go:116.93,120.2 3 0
github.com/netabakovv/forum/back/auth_service/internal/repository/auth.go:41.73,46.2 1 1
github.com/netabakovv/forum/back/auth_service/internal/repository/auth.go:48.75,53.2 1 1
github.com/netabakovv/forum/back/auth_service/internal/repository/auth.go:55.75,69.16 4 1
github.com/netabakovv/forum/back/auth_service/internal/repository/auth.go:69.16,75.3 2 1
github.com/netabakovv/forum/back/auth_service/internal/repository/auth.go:77.2,77.12 1 1
github.com/netabakovv/forum/back/auth_service/internal/repository/auth.go:80.83,89.26 4 1
github.com/netabakovv/forum/back/auth_service/internal/repository/auth.go:89.26,91.3 1 0
github.com/netabakovv/forum/back/auth_service/internal/repository/auth.go:92.2,92.18 1 1
github.com/netabakovv/forum/back/auth_service/internal/repository/auth.go:95.96,104.26 4 1
github.com/netabakovv/forum/back/auth_service/internal/repository/auth.go:104.26,106.3 1 0
github.com/netabakovv/forum/back/auth_service/internal/repository/auth.go:107.2,107.18 1 1
github.com/netabakovv/forum/back/auth_service/internal/repository/auth.go:110.85,118.2 3 1
github.com/netabakovv/forum/back/auth_service/internal/repository/auth.go:120.99,135.26 5 1
github.com/netabakovv/forum/back/auth_service/internal/repository/auth.go:135.26,137.3 1 0
github.com/netabakovv/forum/back/auth_service/internal/repository/auth.go:139.2,139.16 1 1
github.com/netabakovv/forum/back/auth_service/internal/repository/auth.go:139.16,145.3 2 0
github.com/netabakovv/forum/back/auth_service/internal/repository/auth.go:147.2,147.16 1 1
github.com/netabakovv/forum/back/auth_service/internal/repository/auth.go:150.69,153.16 3 1
github.com/netabakovv/forum/back/auth_service/internal/repository/auth.go:153.16,158.3 1 0
github.com/netabakovv/forum/back/auth_service/internal/repository/auth.go:159.2,159.12 1 1
github.com/netabakovv/forum/back/auth_service/internal/repository/auth.go:162.62,166.2 3 1
github.com/netabakovv/forum/back/auth_service/internal/repository/auth.go:168.82,171.16 3 1
github.com/netabakovv/forum/back/auth_service/internal/repository/auth.go:171.16,177.3 2 0
github.com/netabakovv/forum/back/auth_service/internal/repository/auth.go:178.2,178.12 1 1
github.com/netabakovv/forum/back/pkg/logger/interface.go:19.52,24.2 1 1
github.com/netabakovv/forum/back/pkg/logger/stdlogger.go:18.28,26.2 1 0
github.com/netabakovv/forum/back/pkg/logger/stdlogger.go:28.56,30.2 1 0
github.com/netabakovv/forum/back/pkg/logger/stdlogger.go:32.55,34.2 1 0
github.com/netabakovv/forum/back/pkg/logger/stdlogger.go:36.55,38.2 1 0
github.com/netabakovv/forum/back/pkg/logger/stdlogger.go:40.56,42.2 1 0
github.com/netabakovv/forum/back/pkg/logger/stdlogger.go:44.56,47.2 2 0
github.com/netabakovv/forum/back/pkg/logger/stdlogger.go:50.52,51.25 1 0
github.com/netabakovv/forum/back/pkg/logger/stdlogger.go:51.25,53.6 1 0
github.com/netabakovv/forum/back/pkg/logger/stdlogger.go:55.5,56.30 2 0
github.com/netabakovv/forum/back/pkg/logger/stdlogger.go:56.30,57.18 1 0
github.com/netabakovv/forum/back/pkg/logger/stdlogger.go:57.18,59.10 1 0
github.com/netabakovv/forum/back/pkg/logger/stdlogger.go:60.9,60.56 1 0
github.com/netabakovv/forum/back/pkg/logger/stdlogger.go:62.5,63.18 2 0
github.com/netabakovv/forum/back/pkg/logger/mocks/mock.go:26.57,30.2 3 1
github.com/netabakovv/forum/back/pkg/logger/mocks/mock.go:33.55,35.2 1 1
github.com/netabakovv/forum/back/pkg/logger/mocks/mock.go:38.64,41.27 3 0
github.com/netabakovv/forum/back/pkg/logger/mocks/mock.go:41.27,43.3 1 0
github.com/netabakovv/forum/back/pkg/logger/mocks/mock.go:44.2,44.37 1 0
github.com/netabakovv/forum/back/pkg/logger/mocks/mock.go:48.94,52.2 3 0
github.com/netabakovv/forum/back/pkg/logger/mocks/mock.go:55.64,58.27 3 1
github.com/netabakovv/forum/back/pkg/logger/mocks/mock.go:58.27,60.3 1 1
github.com/netabakovv/forum/back/pkg/logger/mocks/mock.go:61.2,61.37 1 1
github.com/netabakovv/forum/back/pkg/logger/mocks/mock.go:65.94,69.2 3 1
github.com/netabakovv/forum/back/pkg/logger/mocks/mock.go:72.64,75.27 3 0
github.com/netabakovv/forum/back/pkg/logger/mocks/mock.go:75.27,77.3 1 0
github.com/netabakovv/forum/back/pkg/logger/mocks/mock.go:78.2,78.37 1 0
github.com/netabakovv/forum/back/pkg/logger/mocks/mock.go:82.94,86.2 3 0
github.com/netabakovv/forum/back/pkg/logger/mocks/mock.go:89.63,92.27 3 1
github.com/netabakovv/forum/back/pkg/logger/mocks/mock.go:92.27,94.3 1 1
github.com/netabakovv/forum/back/pkg/logger/mocks/mock.go:95.2,95.36 1 1
github.com/netabakovv/forum/back/pkg/logger/mocks/mock.go:99.93,103.2 3 1
github.com/netabakovv/forum/back/pkg/logger/mocks/mock.go:106.63,109.27 3 0
github.com/netabakovv/forum/back/pkg/logger/mocks/mock.go:109.27,111.3 1 0
github.com/netabakovv/forum/back/pkg/logger/mocks/mock.go:112.2,112.36 1 0
github.com/netabakovv/forum/back/pkg/logger/mocks/mock.go:116.93,120.2 3 0
github.com/netabakovv/forum/back/auth_service/internal/repository/mocks/auth_mock.go:27.73,31.2 3 1
github.com/netabakovv/forum/back/auth_service/internal/repository/mocks/auth_mock.go:34.71,36.2 1 1
github.com/netabakovv/forum/back/auth_service/internal/repository/mocks/auth_mock.go:39.85,44.2 4 1
github.com/netabakovv/forum/back/auth_service/internal/repository/mocks/auth_mock.go:47.86,50.2 2 1
github.com/netabakovv/forum/back/auth_service/internal/repository/mocks/auth_mock.go:53.93,59.2 5 1
github.com/netabakovv/forum/back/auth_service/internal/repository/mocks/auth_mock.go:62.85,65.2 2 1
github.com/netabakovv/forum/back/auth_service/internal/repository/mocks/auth_mock.go:68.106,74.2 5 1
github.com/netabakovv/forum/back/auth_service/internal/repository/mocks/auth_mock.go:77.97,80.2 2 1
github.com/netabakovv/forum/back/auth_service/internal/repository/mocks/auth_mock.go:94.75,98.2 3 1
github.com/netabakovv/forum/back/auth_service/internal/repository/mocks/auth_mock.go:101.73,103.2 1 1
github.com/netabakovv/forum/back/auth_service/internal/repository/mocks/auth_mock.go:106.95,111.2 4 1
github.com/netabakovv/forum/back/auth_service/internal/repository/mocks/auth_mock.go:114.88,117.2 2 1
github.com/netabakovv/forum/back/auth_service/internal/repository/mocks/auth_mock.go:120.72,125.2 4 0
github.com/netabakovv/forum/back/auth_service/internal/repository/mocks/auth_mock.go:128.88,131.2 2 0
github.com/netabakovv/forum/back/auth_service/internal/repository/mocks/auth_mock.go:134.109,140.2 5 1
github.com/netabakovv/forum/back/auth_service/internal/repository/mocks/auth_mock.go:143.92,146.2 2 1
github.com/netabakovv/forum/back/auth_service/internal/repository/mocks/auth_mock.go:149.79,154.2 4 1
github.com/netabakovv/forum/back/auth_service/internal/repository/mocks/auth_mock.go:157.88,160.2 2 1
github.com/netabakovv/forum/back/auth_service/internal/repository/mocks/auth_mock.go:163.92,168.2 4 1
github.com/netabakovv/forum/back/auth_service/internal/repository/mocks/auth_mock.go:171.102,174.2 2 1
github.com/netabakovv/forum/back/auth_service/internal/service/mocks/token_mocks.go:32.87,36.2 3 1
github.com/netabakovv/forum/back/auth_service/internal/service/mocks/token_mocks.go:39.85,41.2 1 1
github.com/netabakovv/forum/back/auth_service/internal/service/mocks/token_mocks.go:44.129,50.2 5 1
github.com/netabakovv/forum/back/auth_service/internal/service/mocks/token_mocks.go:53.112,56.2 2 1
github.com/netabakovv/forum/back/auth_service/internal/service/mocks/token_mocks.go:59.102,65.2 5 1
github.com/netabakovv/forum/back/auth_service/internal/service/mocks/token_mocks.go:68.94,71.2 2 1
github.com/netabakovv/forum/back/auth_service/internal/usecase/auth.go:40.174,48.2 1 1
github.com/netabakovv/forum/back/auth_service/internal/usecase/auth.go:50.123,56.16 3 1
github.com/netabakovv/forum/back/auth_service/internal/usecase/auth.go:56.16,62.3 2 1
github.com/netabakovv/forum/back/auth_service/internal/usecase/auth.go:64.2,64.53 1 1
github.com/netabakovv/forum/back/auth_service/internal/usecase/auth.go:64.53,69.3 2 1
github.com/netabakovv/forum/back/auth_service/internal/usecase/auth.go:71.2,72.16 2 1
github.com/netabakovv/forum/back/auth_service/internal/usecase/auth.go:72.16,78.3 2 1
github.com/netabakovv/forum/back/auth_service/internal/usecase/auth.go:80.2,84.17 1 1
github.com/netabakovv/forum/back/auth_service/internal/usecase/auth.go:84.17,90.3 2 1
github.com/netabakovv/forum/back/auth_service/internal/usecase/auth.go:92.2,97.26 2 1
github.com/netabakovv/forum/back/auth_service/internal/usecase/auth.go:100.109,103.16 2 1
github.com/netabakovv/forum/back/auth_service/internal/usecase/auth.go:103.16,105.3 1 0
github.com/netabakovv/forum/back/auth_service/internal/usecase/auth.go:108.2,109.74 2 1
github.com/netabakovv/forum/back/auth_service/internal/usecase/auth.go:109.74,111.3 1 0
github.com/netabakovv/forum/back/auth_service/internal/usecase/auth.go:114.2,115.16 2 1
github.com/netabakovv/forum/back/auth_service/internal/usecase/auth.go:115.16,117.3 1 0
github.com/netabakovv/forum/back/auth_service/internal/usecase/auth.go:120.2,120.63 1 1
github.com/netabakovv/forum/back/auth_service/internal/usecase/auth.go:120.63,122.3 1 0
github.com/netabakovv/forum/back/auth_service/internal/usecase/auth.go:125.2,129.17 1 1
github.com/netabakovv/forum/back/auth_service/internal/usecase/auth.go:129.17,131.3 1 0
github.com/netabakovv/forum/back/auth_service/internal/usecase/auth.go:133.2,133.23 1 1
github.com/netabakovv/forum/back/auth_service/internal/usecase/auth.go:136.110,143.16 3 1
github.com/netabakovv/forum/back/auth_service/internal/usecase/auth.go:143.16,148.3 2 1
github.com/netabakovv/forum/back/auth_service/internal/usecase/auth.go:151.2,152.16 2 1
github.com/netabakovv/forum/back/auth_service/internal/usecase/auth.go:152.16,157.3 2 0
github.com/netabakovv/forum/back/auth_service/internal/usecase/auth.go:160.2,168.16 3 1
github.com/netabakovv/forum/back/auth_service/internal/usecase/auth.go:168.16,174.3 2 1
github.com/netabakovv/forum/back/auth_service/internal/usecase/auth.go:177.2,178.16 2 1
github.com/netabakovv/forum/back/auth_service/internal/usecase/auth.go:178.16,184.3 2 1
github.com/netabakovv/forum/back/auth_service/internal/usecase/auth.go:187.2,191.17 1 1
github.com/netabakovv/forum/back/auth_service/internal/usecase/auth.go:191.17,197.3 2 1
github.com/netabakovv/forum/back/auth_service/internal/usecase/auth.go:199.2,204.20 2 1
github.com/netabakovv/forum/back/auth_service/internal/usecase/auth.go:207.81,209.16 2 1
github.com/netabakovv/forum/back/auth_service/internal/usecase/auth.go:209.16,211.3 1 0
github.com/netabakovv/forum/back/auth_service/internal/usecase/auth.go:212.2,212.26 1 1
github.com/netabakovv/forum/back/auth_service/internal/usecase/auth.go:215.78,220.70 2 1
github.com/netabakovv/forum/back/auth_service/internal/usecase/auth.go:220.70,226.3 2 0
github.com/netabakovv/forum/back/auth_service/internal/usecase/auth.go:228.2,232.12 2 1
github.com/netabakovv/forum/back/auth_service/internal/usecase/auth.go:235.79,237.2 1 1
github.com/netabakovv/forum/back/auth_service/internal/usecase/auth.go:239.52,242.2 2 1
github.com/netabakovv/forum/back/auth_service/internal/usecase/auth.go:244.52,247.2 2 1
github.com/netabakovv/forum/back/auth_service/internal/usecase/auth.go:249.103,251.16 2 1
github.com/netabakovv/forum/back/auth_service/internal/usecase/auth.go:251.16,253.3 1 0
github.com/netabakovv/forum/back/auth_service/internal/usecase/auth.go:254.2,254.20 1 1
github.com/netabakovv/forum/back/auth_service/internal/usecase/auth.go:257.64,260.2 2 0
github.com/netabakovv/forum/back/pkg/logger/interface.go:19.52,24.2 1 1
github.com/netabakovv/forum/back/pkg/logger/stdlogger.go:18.28,26.2 1 1
github.com/netabakovv/forum/back/pkg/logger/stdlogger.go:28.56,30.2 1 0
github.com/netabakovv/forum/back/pkg/logger/stdlogger.go:32.55,34.2 1 1
github.com/netabakovv/forum/back/pkg/logger/stdlogger.go:36.55,38.2 1 0
github.com/netabakovv/forum/back/pkg/logger/stdlogger.go:40.56,42.2 1 0
github.com/netabakovv/forum/back/pkg/logger/stdlogger.go:44.56,47.2 2 0
github.com/netabakovv/forum/back/pkg/logger/stdlogger.go:50.52,51.25 1 1
github.com/netabakovv/forum/back/pkg/logger/stdlogger.go:51.25,53.6 1 0
github.com/netabakovv/forum/back/pkg/logger/stdlogger.go:55.5,56.30 2 1
github.com/netabakovv/forum/back/pkg/logger/stdlogger.go:56.30,57.18 1 1
github.com/netabakovv/forum/back/pkg/logger/stdlogger.go:57.18,59.10 1 0
github.com/netabakovv/forum/back/pkg/logger/stdlogger.go:60.9,60.56 1 1
github.com/netabakovv/forum/back/pkg/logger/stdlogger.go:62.5,63.18 2 1
github.com/netabakovv/forum/back/pkg/logger/mocks/mock.go:26.57,30.2 3 1
github.com/netabakovv/forum/back/pkg/logger/mocks/mock.go:33.55,35.2 1 1
github.com/netabakovv/forum/back/pkg/logger/mocks/mock.go:38.64,41.27 3 0
github.com/netabakovv/forum/back/pkg/logger/mocks/mock.go:41.27,43.3 1 0
github.com/netabakovv/forum/back/pkg/logger/mocks/mock.go:44.2,44.37 1 0
github.com/netabakovv/forum/back/pkg/logger/mocks/mock.go:48.94,52.2 3 0
github.com/netabakovv/forum/back/pkg/logger/mocks/mock.go:55.64,58.27 3 1
github.com/netabakovv/forum/back/pkg/logger/mocks/mock.go:58.27,60.3 1 1
github.com/netabakovv/forum/back/pkg/logger/mocks/mock.go:61.2,61.37 1 1
github.com/netabakovv/forum/back/pkg/logger/mocks/mock.go:65.94,69.2 3 1
github.com/netabakovv/forum/back/pkg/logger/mocks/mock.go:72.64,75.27 3 0
github.com/netabakovv/forum/back/pkg/logger/mocks/mock.go:75.27,77.3 1 0
github.com/netabakovv/forum/back/pkg/logger/mocks/mock.go:78.2,78.37 1 0
github.com/netabakovv/forum/back/pkg/logger/mocks/mock.go:82.94,86.2 3 0
github.com/netabakovv/forum/back/pkg/logger/mocks/mock.go:89.63,92.27 3 1
github.com/netabakovv/forum/back/pkg/logger/mocks/mock.go:92.27,94.3 1 1
github.com/netabakovv/forum/back/pkg/logger/mocks/mock.go:95.2,95.36 1 1
github.com/netabakovv/forum/back/pkg/logger/mocks/mock.go:99.93,103.2 3 1
github.com/netabakovv/forum/back/pkg/logger/mocks/mock.go:106.63,109.27 3 1
github.com/netabakovv/forum/back/pkg/logger/mocks/mock.go:109.27,111.3 1 1
github.com/netabakovv/forum/back/pkg/logger/mocks/mock.go:112.2,112.36 1 1
github.com/netabakovv/forum/back/pkg/logger/mocks/mock.go:116.93,120.2 3 1
