mode: set
back/forum_service/internal/usecase/mocks/uc_mocks.go:34.85,38.2 3 0
back/forum_service/internal/usecase/mocks/uc_mocks.go:41.83,43.2 1 0
back/forum_service/internal/usecase/mocks/uc_mocks.go:46.99,51.2 4 0
back/forum_service/internal/usecase/mocks/uc_mocks.go:54.97,57.2 2 0
back/forum_service/internal/usecase/mocks/uc_mocks.go:60.102,66.2 5 0
back/forum_service/internal/usecase/mocks/uc_mocks.go:69.83,72.2 2 0
back/forum_service/internal/usecase/mocks/uc_mocks.go:75.102,80.2 4 0
back/forum_service/internal/usecase/mocks/uc_mocks.go:83.88,86.2 2 0
back/forum_service/internal/usecase/mocks/uc_mocks.go:101.91,105.2 3 0
back/forum_service/internal/usecase/mocks/uc_mocks.go:108.89,110.2 1 0
back/forum_service/internal/usecase/mocks/uc_mocks.go:113.107,118.2 4 0
back/forum_service/internal/usecase/mocks/uc_mocks.go:121.97,124.2 2 0
back/forum_service/internal/usecase/mocks/uc_mocks.go:127.90,132.2 4 0
back/forum_service/internal/usecase/mocks/uc_mocks.go:135.92,138.2 2 0
back/forum_service/internal/usecase/mocks/uc_mocks.go:141.115,147.2 5 0
back/forum_service/internal/usecase/mocks/uc_mocks.go:150.94,153.2 2 0
back/forum_service/internal/usecase/mocks/uc_mocks.go:156.115,162.2 5 0
back/forum_service/internal/usecase/mocks/uc_mocks.go:165.94,168.2 2 0
back/forum_service/internal/usecase/mocks/uc_mocks.go:171.112,177.2 5 0
back/forum_service/internal/usecase/mocks/uc_mocks.go:180.93,183.2 2 0
back/forum_service/internal/usecase/mocks/uc_mocks.go:186.107,191.2 4 0
back/forum_service/internal/usecase/mocks/uc_mocks.go:194.97,197.2 2 0
back/forum_service/internal/usecase/forum.go:27.111,34.2 1 0
back/forum_service/internal/usecase/forum.go:36.89,37.40 1 0
back/forum_service/internal/usecase/forum.go:37.40,39.3 1 0
back/forum_service/internal/usecase/forum.go:40.2,40.23 1 0
back/forum_service/internal/usecase/forum.go:40.23,42.3 1 0
back/forum_service/internal/usecase/forum.go:44.2,48.57 2 0
back/forum_service/internal/usecase/forum.go:51.89,53.2 1 0
back/forum_service/internal/usecase/forum.go:55.86,59.2 2 0
back/forum_service/internal/usecase/forum.go:69.91,76.2 1 1
back/forum_service/internal/usecase/forum.go:78.87,80.12 2 1
back/forum_service/internal/usecase/forum.go:80.12,81.7 1 1
back/forum_service/internal/usecase/forum.go:81.7,82.11 1 1
back/forum_service/internal/usecase/forum.go:83.22,84.54 1 1
back/forum_service/internal/usecase/forum.go:84.54,87.6 1 1
back/forum_service/internal/usecase/forum.go:88.18,90.11 2 1
back/forum_service/internal/usecase/forum.go:96.33,98.2 1 1
back/forum_service/internal/usecase/forum.go:100.71,106.64 4 1
back/forum_service/internal/usecase/forum.go:106.64,112.3 2 1
back/forum_service/internal/usecase/forum.go:114.2,117.12 2 1
back/forum_service/internal/usecase/forum.go:125.88,130.2 1 1
back/forum_service/internal/usecase/forum.go:132.82,138.2 2 1
back/forum_service/internal/usecase/forum.go:140.90,145.2 2 1
back/forum_service/internal/usecase/forum.go:147.82,151.2 2 1
back/forum_service/internal/usecase/forum.go:153.71,157.2 2 1
back/forum_service/internal/usecase/forum.go:159.76,161.2 1 1
back/forum_service/internal/usecase/forum.go:177.97,182.2 1 1
back/forum_service/internal/usecase/forum.go:184.94,188.2 2 1
back/forum_service/internal/usecase/forum.go:190.99,194.2 2 1
back/forum_service/internal/usecase/forum.go:196.102,200.2 2 1
back/forum_service/internal/usecase/forum.go:202.102,206.2 2 1
back/forum_service/internal/usecase/forum.go:208.94,212.2 2 1
back/forum_service/internal/usecase/forum.go:214.84,218.2 2 1
back/forum_service/internal/usecase/mocks/uc_mocks.go:34.85,38.2 3 1
back/forum_service/internal/usecase/mocks/uc_mocks.go:41.83,43.2 1 1
back/forum_service/internal/usecase/mocks/uc_mocks.go:46.99,51.2 4 1
back/forum_service/internal/usecase/mocks/uc_mocks.go:54.97,57.2 2 1
back/forum_service/internal/usecase/mocks/uc_mocks.go:60.102,66.2 5 1
back/forum_service/internal/usecase/mocks/uc_mocks.go:69.83,72.2 2 1
back/forum_service/internal/usecase/mocks/uc_mocks.go:75.102,80.2 4 1
back/forum_service/internal/usecase/mocks/uc_mocks.go:83.88,86.2 2 1
back/forum_service/internal/usecase/mocks/uc_mocks.go:101.91,105.2 3 0
back/forum_service/internal/usecase/mocks/uc_mocks.go:108.89,110.2 1 0
back/forum_service/internal/usecase/mocks/uc_mocks.go:113.107,118.2 4 0
back/forum_service/internal/usecase/mocks/uc_mocks.go:121.97,124.2 2 0
back/forum_service/internal/usecase/mocks/uc_mocks.go:127.90,132.2 4 0
back/forum_service/internal/usecase/mocks/uc_mocks.go:135.92,138.2 2 0
back/forum_service/internal/usecase/mocks/uc_mocks.go:141.115,147.2 5 0
back/forum_service/internal/usecase/mocks/uc_mocks.go:150.94,153.2 2 0
back/forum_service/internal/usecase/mocks/uc_mocks.go:156.115,162.2 5 0
back/forum_service/internal/usecase/mocks/uc_mocks.go:165.94,168.2 2 0
back/forum_service/internal/usecase/mocks/uc_mocks.go:171.112,177.2 5 0
back/forum_service/internal/usecase/mocks/uc_mocks.go:180.93,183.2 2 0
back/forum_service/internal/usecase/mocks/uc_mocks.go:186.107,191.2 4 0
back/forum_service/internal/usecase/mocks/uc_mocks.go:194.97,197.2 2 0
