mode: set
back/auth_service/internal/service/mocks/token_mocks.go:32.87,36.2 3 0
back/auth_service/internal/service/mocks/token_mocks.go:39.85,41.2 1 0
back/auth_service/internal/service/mocks/token_mocks.go:44.129,50.2 5 0
back/auth_service/internal/service/mocks/token_mocks.go:53.112,56.2 2 0
back/auth_service/internal/service/mocks/token_mocks.go:59.102,65.2 5 0
back/auth_service/internal/service/mocks/token_mocks.go:68.94,71.2 2 0
back/auth_service/internal/pkg/database/postgres.go:9.63,11.2 1 0
back/auth_service/cmd/server/main.go:10.17,16.16 3 0
back/auth_service/cmd/server/main.go:16.16,18.3 1 0
back/auth_service/cmd/server/main.go:19.2,23.16 3 0
back/auth_service/cmd/server/main.go:23.16,25.3 1 0
back/auth_service/cmd/server/main.go:27.2,27.71 1 0
back/auth_service/internal/repository/auth.go:43.75,57.16 4 0
back/auth_service/internal/repository/auth.go:57.16,63.3 2 0
back/auth_service/internal/repository/auth.go:65.2,65.12 1 0
back/auth_service/internal/repository/auth.go:68.83,77.26 4 0
back/auth_service/internal/repository/auth.go:77.26,79.3 1 0
back/auth_service/internal/repository/auth.go:80.2,80.18 1 0
back/auth_service/internal/repository/auth.go:83.96,92.26 4 0
back/auth_service/internal/repository/auth.go:92.26,94.3 1 0
back/auth_service/internal/repository/auth.go:95.2,95.18 1 0
back/auth_service/internal/repository/auth.go:98.88,107.16 4 0
back/auth_service/internal/repository/auth.go:107.16,113.3 2 0
back/auth_service/internal/repository/auth.go:115.2,116.16 2 0
back/auth_service/internal/repository/auth.go:116.16,118.3 1 0
back/auth_service/internal/repository/auth.go:120.2,120.23 1 0
back/auth_service/internal/repository/auth.go:120.23,122.3 1 0
back/auth_service/internal/repository/auth.go:124.2,124.12 1 0
back/auth_service/internal/repository/auth.go:127.64,130.16 3 0
back/auth_service/internal/repository/auth.go:130.16,132.3 1 0
back/auth_service/internal/repository/auth.go:133.2,133.12 1 0
back/auth_service/internal/repository/auth.go:136.77,140.26 4 0
back/auth_service/internal/repository/auth.go:140.26,142.3 1 0
back/auth_service/internal/repository/auth.go:143.2,143.21 1 0
back/auth_service/internal/repository/auth.go:146.73,151.2 1 0
back/auth_service/internal/repository/auth.go:153.75,158.2 1 0
back/auth_service/internal/repository/auth.go:160.85,168.2 3 0
back/auth_service/internal/repository/auth.go:170.99,185.26 5 0
back/auth_service/internal/repository/auth.go:185.26,187.3 1 0
back/auth_service/internal/repository/auth.go:189.2,189.16 1 0
back/auth_service/internal/repository/auth.go:189.16,195.3 2 0
back/auth_service/internal/repository/auth.go:197.2,197.16 1 0
back/auth_service/internal/repository/auth.go:200.69,203.16 3 0
back/auth_service/internal/repository/auth.go:203.16,208.3 1 0
back/auth_service/internal/repository/auth.go:209.2,209.12 1 0
back/auth_service/internal/repository/auth.go:212.62,216.2 3 0
back/auth_service/internal/repository/auth.go:218.82,221.16 3 0
back/auth_service/internal/repository/auth.go:221.16,227.3 2 0
back/auth_service/internal/repository/auth.go:228.2,228.12 1 0
back/auth_service/internal/service/token_service.go:29.113,36.2 1 0
back/auth_service/internal/service/token_service.go:38.116,46.16 3 0
back/auth_service/internal/service/token_service.go:46.16,52.3 2 0
back/auth_service/internal/service/token_service.go:55.2,56.16 2 0
back/auth_service/internal/service/token_service.go:56.16,62.3 2 0
back/auth_service/internal/service/token_service.go:64.2,70.8 2 0
back/auth_service/internal/service/token_service.go:73.89,74.23 1 0
back/auth_service/internal/service/token_service.go:74.23,76.3 1 0
back/auth_service/internal/service/token_service.go:78.2,78.83 1 0
back/auth_service/internal/service/token_service.go:78.83,79.58 1 0
back/auth_service/internal/service/token_service.go:79.58,81.4 1 0
back/auth_service/internal/service/token_service.go:82.3,82.34 1 0
back/auth_service/internal/service/token_service.go:85.2,85.16 1 0
back/auth_service/internal/service/token_service.go:85.16,86.47 1 0
back/auth_service/internal/service/token_service.go:86.47,87.49 1 0
back/auth_service/internal/service/token_service.go:87.49,89.5 1 0
back/auth_service/internal/service/token_service.go:91.3,91.59 1 0
back/auth_service/internal/service/token_service.go:94.2,95.25 2 0
back/auth_service/internal/service/token_service.go:95.25,97.3 1 0
back/auth_service/internal/service/token_service.go:99.2,100.9 2 0
back/auth_service/internal/service/token_service.go:100.9,102.3 1 0
back/auth_service/internal/service/token_service.go:104.2,105.9 2 0
back/auth_service/internal/service/token_service.go:105.9,107.3 1 0
back/auth_service/internal/service/token_service.go:109.2,110.9 2 0
back/auth_service/internal/service/token_service.go:110.9,112.3 1 0
back/auth_service/internal/service/token_service.go:114.2,115.9 2 0
back/auth_service/internal/service/token_service.go:115.9,117.3 1 0
back/auth_service/internal/service/token_service.go:119.2,125.8 1 0
back/auth_service/internal/service/token_service.go:128.143,142.16 5 0
back/auth_service/internal/service/token_service.go:142.16,144.3 1 0
back/auth_service/internal/service/token_service.go:146.2,146.25 1 0
back/auth_service/cmd/main/main.go:24.13,28.37 2 0
back/auth_service/cmd/main/main.go:28.37,31.3 1 0
back/auth_service/cmd/main/main.go:34.2,69.16 16 0
back/auth_service/cmd/main/main.go:69.16,72.3 1 0
back/auth_service/cmd/main/main.go:75.2,75.12 1 0
back/auth_service/cmd/main/main.go:75.12,78.43 2 0
back/auth_service/cmd/main/main.go:78.43,81.4 1 0
back/auth_service/cmd/main/main.go:85.2,91.47 6 0
back/auth_service/cmd/main/main.go:94.25,97.2 2 0
back/auth_service/cmd/main/main.go:99.40,105.16 4 0
back/auth_service/cmd/main/main.go:105.16,108.3 1 0
back/auth_service/cmd/main/main.go:110.2,110.34 1 0
back/auth_service/cmd/main/main.go:110.34,113.3 1 0
back/auth_service/cmd/main/main.go:115.2,116.11 2 0
back/auth_service/internal/entities/token.go:21.41,23.2 1 0
back/auth_service/internal/entities/token.go:25.39,27.2 1 0
back/auth_service/internal/entities/token.go:49.42,51.2 1 0
back/auth_service/internal/entities/token.go:53.40,55.2 1 0
back/auth_service/internal/entities/user.go:25.35,26.14 1 0
back/auth_service/internal/entities/user.go:26.14,28.3 1 0
back/auth_service/internal/entities/user.go:29.2,34.3 1 0
back/auth_service/internal/entities/user.go:38.33,39.22 1 0
back/auth_service/internal/entities/user.go:39.22,41.3 1 0
back/auth_service/internal/entities/user.go:42.2,42.49 1 0
back/auth_service/internal/entities/user.go:42.49,44.3 1 0
back/auth_service/internal/entities/user.go:45.2,45.30 1 0
back/auth_service/internal/entities/user.go:45.30,47.3 1 0
back/auth_service/internal/entities/user.go:48.2,48.12 1 0
back/auth_service/internal/entities/user.go:52.31,56.2 3 0
back/auth_service/internal/delivery/grpc/server.go:23.119,29.2 1 0
back/auth_service/internal/delivery/grpc/server.go:32.107,33.46 1 0
back/auth_service/internal/delivery/grpc/server.go:33.46,36.3 2 0
back/auth_service/internal/delivery/grpc/server.go:38.2,39.16 2 0
back/auth_service/internal/delivery/grpc/server.go:39.16,45.3 2 0
back/auth_service/internal/delivery/grpc/server.go:47.2,51.8 1 0
back/auth_service/internal/delivery/grpc/server.go:55.98,57.22 1 0
back/auth_service/internal/delivery/grpc/server.go:57.22,62.3 2 0
back/auth_service/internal/delivery/grpc/server.go:64.2,68.46 2 0
back/auth_service/internal/delivery/grpc/server.go:68.46,71.3 2 0
back/auth_service/internal/delivery/grpc/server.go:73.2,74.16 2 0
back/auth_service/internal/delivery/grpc/server.go:74.16,75.14 1 0
back/auth_service/internal/delivery/grpc/server.go:76.37,80.74 2 0
back/auth_service/internal/delivery/grpc/server.go:81.31,85.62 2 0
back/auth_service/internal/delivery/grpc/server.go:86.11,91.62 2 0
back/auth_service/internal/delivery/grpc/server.go:95.2,103.8 2 0
back/auth_service/internal/delivery/grpc/server.go:106.119,109.28 2 0
back/auth_service/internal/delivery/grpc/server.go:109.28,112.3 2 0
back/auth_service/internal/delivery/grpc/server.go:114.2,115.16 2 0
back/auth_service/internal/delivery/grpc/server.go:115.16,116.14 1 0
back/auth_service/internal/delivery/grpc/server.go:117.31,119.76 2 0
back/auth_service/internal/delivery/grpc/server.go:120.31,122.76 2 0
back/auth_service/internal/delivery/grpc/server.go:123.11,127.72 2 0
back/auth_service/internal/delivery/grpc/server.go:131.2,135.8 2 0
back/auth_service/internal/delivery/grpc/server.go:138.112,141.27 2 0
back/auth_service/internal/delivery/grpc/server.go:141.27,146.3 2 0
back/auth_service/internal/delivery/grpc/server.go:148.2,149.16 2 0
back/auth_service/internal/delivery/grpc/server.go:149.16,150.14 1 0
back/auth_service/internal/delivery/grpc/server.go:151.31,155.59 2 0
back/auth_service/internal/delivery/grpc/server.go:156.31,160.59 2 0
back/auth_service/internal/delivery/grpc/server.go:161.11,167.53 2 0
back/auth_service/internal/delivery/grpc/server.go:171.2,180.8 2 0
back/auth_service/internal/delivery/grpc/server.go:183.101,184.16 1 0
back/auth_service/internal/delivery/grpc/server.go:184.16,186.3 1 0
back/auth_service/internal/delivery/grpc/server.go:188.2,188.27 1 0
back/auth_service/internal/delivery/grpc/server.go:188.27,191.3 2 0
back/auth_service/internal/delivery/grpc/server.go:193.2,194.16 2 0
back/auth_service/internal/delivery/grpc/server.go:194.16,195.14 1 0
back/auth_service/internal/delivery/grpc/server.go:196.31,198.84 2 0
back/auth_service/internal/delivery/grpc/server.go:199.31,201.98 2 0
back/auth_service/internal/delivery/grpc/server.go:202.11,206.81 2 0
back/auth_service/internal/delivery/grpc/server.go:210.2,214.66 2 0
back/auth_service/internal/delivery/grpc/server.go:214.66,220.3 2 0
back/auth_service/internal/delivery/grpc/server.go:222.2,228.8 2 0
back/auth_service/internal/delivery/grpc/server.go:231.119,232.21 1 0
back/auth_service/internal/delivery/grpc/server.go:232.21,235.3 2 0
back/auth_service/internal/delivery/grpc/server.go:237.2,242.16 3 0
back/auth_service/internal/delivery/grpc/server.go:242.16,248.3 2 0
back/auth_service/internal/delivery/grpc/server.go:250.2,252.8 1 0
back/auth_service/internal/delivery/grpc/server.go:255.44,256.71 1 0
back/auth_service/internal/delivery/grpc/server.go:256.71,260.28 4 0
back/auth_service/internal/delivery/grpc/server.go:260.28,262.4 1 0
back/auth_service/internal/delivery/grpc/server.go:263.3,263.20 1 0
back/auth_service/internal/delivery/http/auth_handler.go:13.72,19.63 2 0
back/auth_service/internal/delivery/http/auth_handler.go:19.63,22.3 2 0
back/auth_service/internal/delivery/http/auth_handler.go:24.2,25.16 2 0
back/auth_service/internal/delivery/http/auth_handler.go:25.16,28.3 2 0
back/auth_service/internal/delivery/http/auth_handler.go:30.2,30.35 1 0
back/auth_service/internal/delivery/http/auth_handler.go:33.69,39.63 2 0
back/auth_service/internal/delivery/http/auth_handler.go:39.63,42.3 2 0
back/auth_service/internal/delivery/http/auth_handler.go:44.2,45.16 2 0
back/auth_service/internal/delivery/http/auth_handler.go:45.16,48.3 2 0
back/auth_service/internal/delivery/http/auth_handler.go:50.2,50.35 1 0
back/auth_service/internal/delivery/http/auth_handler.go:53.71,58.63 2 0
back/auth_service/internal/delivery/http/auth_handler.go:58.63,61.3 2 0
back/auth_service/internal/delivery/http/auth_handler.go:63.2,64.16 2 0
back/auth_service/internal/delivery/http/auth_handler.go:64.16,67.3 2 0
back/auth_service/internal/delivery/http/auth_handler.go:69.2,69.35 1 0
back/forum_service/internal/delivery/http/middleware.go:10.70,11.30 1 0
back/forum_service/internal/delivery/http/middleware.go:11.30,14.18 2 0
back/forum_service/internal/delivery/http/middleware.go:14.18,17.4 2 0
back/forum_service/internal/delivery/http/middleware.go:20.3,20.47 1 0
back/forum_service/internal/delivery/http/middleware.go:20.47,22.4 1 0
back/forum_service/internal/delivery/http/middleware.go:25.3,28.17 2 0
back/forum_service/internal/delivery/http/middleware.go:28.17,31.4 2 0
back/forum_service/internal/delivery/http/middleware.go:34.3,38.11 4 0
back/auth_service/internal/usecase/mocks/repo_mocks.go:33.85,37.2 3 0
back/auth_service/internal/usecase/mocks/repo_mocks.go:40.83,42.2 1 0
back/auth_service/internal/usecase/mocks/repo_mocks.go:45.93,51.2 5 0
back/auth_service/internal/usecase/mocks/repo_mocks.go:54.87,57.2 2 0
back/auth_service/internal/usecase/mocks/repo_mocks.go:60.119,66.2 5 0
back/auth_service/internal/usecase/mocks/repo_mocks.go:69.97,72.2 2 0
back/auth_service/internal/usecase/mocks/repo_mocks.go:75.91,80.2 4 0
back/auth_service/internal/usecase/mocks/repo_mocks.go:83.92,86.2 2 0
back/auth_service/internal/usecase/mocks/repo_mocks.go:89.121,95.2 5 0
back/auth_service/internal/usecase/mocks/repo_mocks.go:98.99,101.2 2 0
back/auth_service/internal/usecase/mocks/repo_mocks.go:104.122,110.2 5 0
back/auth_service/internal/usecase/mocks/repo_mocks.go:113.100,116.2 2 0
back/auth_service/internal/usecase/mocks/repo_mocks.go:119.90,124.2 4 0
back/auth_service/internal/usecase/mocks/repo_mocks.go:127.92,130.2 2 0
back/auth_service/internal/usecase/mocks/repo_mocks.go:133.116,139.2 5 0
back/auth_service/internal/usecase/mocks/repo_mocks.go:142.92,145.2 2 0
back/forum_service/cmd/migrations/migrations.go:16.13,20.16 3 0
back/forum_service/cmd/migrations/migrations.go:20.16,22.3 1 0
back/forum_service/cmd/migrations/migrations.go:23.2,28.16 4 0
back/forum_service/cmd/migrations/migrations.go:28.16,30.3 1 0
back/forum_service/cmd/migrations/migrations.go:32.2,33.29 2 0
back/forum_service/cmd/migrations/migrations.go:33.29,34.62 1 0
back/forum_service/cmd/migrations/migrations.go:34.62,36.4 1 0
back/forum_service/cmd/migrations/migrations.go:39.2,39.43 1 0
back/forum_service/cmd/migrations/migrations.go:39.43,41.3 1 0
back/forum_service/cmd/migrations/migrations.go:43.2,43.32 1 0
back/forum_service/cmd/migrations/migrations.go:43.32,46.17 3 0
back/forum_service/cmd/migrations/migrations.go:46.17,48.4 1 0
back/forum_service/cmd/migrations/migrations.go:50.3,51.53 2 0
back/forum_service/cmd/migrations/migrations.go:51.53,53.4 1 0
back/forum_service/cmd/migrations/migrations.go:56.2,56.75 1 0
back/forum_service/internal/delivery/ws/chat.go:26.108,29.44 1 0
back/forum_service/internal/delivery/ws/chat.go:29.44,31.5 1 0
back/forum_service/internal/delivery/ws/chat.go:41.79,46.16 3 0
back/forum_service/internal/delivery/ws/chat.go:46.16,50.3 2 0
back/forum_service/internal/delivery/ws/chat.go:51.2,58.6 4 0
back/forum_service/internal/delivery/ws/chat.go:58.6,60.45 2 0
back/forum_service/internal/delivery/ws/chat.go:60.45,61.9 1 0
back/forum_service/internal/delivery/ws/chat.go:64.3,68.47 3 0
back/forum_service/internal/delivery/ws/chat.go:68.47,71.4 1 0
back/forum_service/internal/delivery/ws/chat.go:76.70,77.23 1 0
back/forum_service/internal/delivery/ws/chat.go:77.23,79.3 1 0
back/forum_service/internal/delivery/ws/chat.go:82.2,83.55 2 0
back/forum_service/internal/delivery/ws/chat.go:83.55,85.3 1 0
back/forum_service/internal/delivery/ws/chat.go:88.2,89.12 2 0
back/forum_service/internal/delivery/ws/chat.go:93.60,94.48 1 0
back/forum_service/internal/delivery/ws/chat.go:94.48,96.47 2 0
back/forum_service/internal/delivery/ws/chat.go:96.47,99.4 2 0
back/forum_service/internal/delivery/ws/chat.go:100.3,100.14 1 0
back/forum_service/internal/service/mocks/service_mocks.go:29.91,33.2 3 0
back/forum_service/internal/service/mocks/service_mocks.go:36.89,38.2 1 0
back/forum_service/internal/service/mocks/service_mocks.go:41.132,46.2 4 0
back/forum_service/internal/service/mocks/service_mocks.go:49.111,52.2 2 0
back/forum_service/internal/service/mocks/service_mocks.go:55.79,58.2 2 0
back/forum_service/internal/service/mocks/service_mocks.go:61.103,64.2 2 0
back/forum_service/internal/service/mocks/service_mocks.go:67.46,70.2 2 0
back/forum_service/internal/service/mocks/service_mocks.go:73.72,76.2 2 0
back/forum_service/internal/service/mocks/service_mocks.go:79.88,84.2 4 0
back/forum_service/internal/service/mocks/service_mocks.go:87.106,90.2 2 0
back/forum_service/internal/repository/mocks/repo_mocks.go:34.73,38.2 3 0
back/forum_service/internal/repository/mocks/repo_mocks.go:41.71,43.2 1 0
back/forum_service/internal/repository/mocks/repo_mocks.go:46.93,51.2 4 0
back/forum_service/internal/repository/mocks/repo_mocks.go:54.91,57.2 2 0
back/forum_service/internal/repository/mocks/repo_mocks.go:60.96,66.2 5 0
back/forum_service/internal/repository/mocks/repo_mocks.go:69.77,72.2 2 0
back/forum_service/internal/repository/mocks/repo_mocks.go:75.99,80.2 4 0
back/forum_service/internal/repository/mocks/repo_mocks.go:83.94,86.2 2 0
back/forum_service/internal/repository/mocks/repo_mocks.go:101.73,105.2 3 0
back/forum_service/internal/repository/mocks/repo_mocks.go:108.71,110.2 1 0
back/forum_service/internal/repository/mocks/repo_mocks.go:113.89,118.2 4 0
back/forum_service/internal/repository/mocks/repo_mocks.go:121.82,124.2 2 0
back/forum_service/internal/repository/mocks/repo_mocks.go:127.78,132.2 4 0
back/forum_service/internal/repository/mocks/repo_mocks.go:135.80,138.2 2 0
back/forum_service/internal/repository/mocks/repo_mocks.go:141.97,147.2 5 0
back/forum_service/internal/repository/mocks/repo_mocks.go:150.81,153.2 2 0
back/forum_service/internal/repository/mocks/repo_mocks.go:156.83,162.2 5 0
back/forum_service/internal/repository/mocks/repo_mocks.go:165.71,168.2 2 0
back/forum_service/internal/repository/mocks/repo_mocks.go:171.89,176.2 4 0
back/forum_service/internal/repository/mocks/repo_mocks.go:179.82,182.2 2 0
back/forum_service/internal/repository/mocks/repo_mocks.go:197.79,201.2 3 0
back/forum_service/internal/repository/mocks/repo_mocks.go:204.77,206.2 1 0
back/forum_service/internal/repository/mocks/repo_mocks.go:209.101,214.2 4 0
back/forum_service/internal/repository/mocks/repo_mocks.go:217.91,220.2 2 0
back/forum_service/internal/repository/mocks/repo_mocks.go:223.84,228.2 4 0
back/forum_service/internal/repository/mocks/repo_mocks.go:231.86,234.2 2 0
back/forum_service/internal/repository/mocks/repo_mocks.go:237.109,243.2 5 0
back/forum_service/internal/repository/mocks/repo_mocks.go:246.88,249.2 2 0
back/forum_service/internal/repository/mocks/repo_mocks.go:252.109,258.2 5 0
back/forum_service/internal/repository/mocks/repo_mocks.go:261.88,264.2 2 0
back/forum_service/internal/repository/mocks/repo_mocks.go:267.106,273.2 5 0
back/forum_service/internal/repository/mocks/repo_mocks.go:276.87,279.2 2 0
back/forum_service/internal/repository/mocks/repo_mocks.go:282.101,287.2 4 0
back/forum_service/internal/repository/mocks/repo_mocks.go:290.91,293.2 2 0
back/pkg/database/migrate.go:10.59,14.16 2 0
back/pkg/database/migrate.go:14.16,16.3 1 0
back/pkg/database/migrate.go:17.2,19.61 2 0
back/pkg/database/migrate.go:19.61,21.3 1 0
back/pkg/database/migrate.go:23.2,24.12 2 0
back/forum_service/internal/usecase/mocks/uc_mocks.go:34.85,38.2 3 0
back/forum_service/internal/usecase/mocks/uc_mocks.go:41.83,43.2 1 0
back/forum_service/internal/usecase/mocks/uc_mocks.go:46.99,51.2 4 0
back/forum_service/internal/usecase/mocks/uc_mocks.go:54.97,57.2 2 0
back/forum_service/internal/usecase/mocks/uc_mocks.go:60.102,66.2 5 0
back/forum_service/internal/usecase/mocks/uc_mocks.go:69.83,72.2 2 0
back/forum_service/internal/usecase/mocks/uc_mocks.go:75.102,80.2 4 0
back/forum_service/internal/usecase/mocks/uc_mocks.go:83.88,86.2 2 0
back/forum_service/internal/usecase/mocks/uc_mocks.go:101.91,105.2 3 0
back/forum_service/internal/usecase/mocks/uc_mocks.go:108.89,110.2 1 0
back/forum_service/internal/usecase/mocks/uc_mocks.go:113.107,118.2 4 0
back/forum_service/internal/usecase/mocks/uc_mocks.go:121.97,124.2 2 0
back/forum_service/internal/usecase/mocks/uc_mocks.go:127.90,132.2 4 0
back/forum_service/internal/usecase/mocks/uc_mocks.go:135.92,138.2 2 0
back/forum_service/internal/usecase/mocks/uc_mocks.go:141.115,147.2 5 0
back/forum_service/internal/usecase/mocks/uc_mocks.go:150.94,153.2 2 0
back/forum_service/internal/usecase/mocks/uc_mocks.go:156.115,162.2 5 0
back/forum_service/internal/usecase/mocks/uc_mocks.go:165.94,168.2 2 0
back/forum_service/internal/usecase/mocks/uc_mocks.go:171.112,177.2 5 0
back/forum_service/internal/usecase/mocks/uc_mocks.go:180.93,183.2 2 0
back/forum_service/internal/usecase/mocks/uc_mocks.go:186.107,191.2 4 0
back/forum_service/internal/usecase/mocks/uc_mocks.go:194.97,197.2 2 0
back/pkg/logger/interface.go:19.52,24.2 1 0
back/pkg/logger/stdlogger.go:18.28,26.2 1 0
back/pkg/logger/stdlogger.go:28.56,30.2 1 0
back/pkg/logger/stdlogger.go:32.55,34.2 1 0
back/pkg/logger/stdlogger.go:36.55,38.2 1 0
back/pkg/logger/stdlogger.go:40.56,42.2 1 0
back/pkg/logger/stdlogger.go:44.56,47.2 2 0
back/pkg/logger/stdlogger.go:50.52,51.25 1 0
back/pkg/logger/stdlogger.go:51.25,53.6 1 0
back/pkg/logger/stdlogger.go:55.5,56.30 2 0
back/pkg/logger/stdlogger.go:56.30,57.18 1 0
back/pkg/logger/stdlogger.go:57.18,59.10 1 0
back/pkg/logger/stdlogger.go:60.9,60.56 1 0
back/pkg/logger/stdlogger.go:62.5,63.18 2 0
back/proto/forum.pb.go:55.38,59.2 3 0
back/proto/forum.pb.go:61.36,63.2 1 0
back/proto/forum.pb.go:65.59,67.2 1 0
back/proto/forum.pb.go:69.47,71.2 1 0
back/proto/forum.pb.go:73.53,75.2 1 0
back/proto/forum.pb.go:78.51,80.2 1 0
back/proto/forum.pb.go:89.32,91.29 2 0
back/proto/forum.pb.go:91.29,95.3 3 0
back/proto/forum.pb.go:98.40,100.2 1 0
back/proto/forum.pb.go:102.38,102.39 0 0
back/proto/forum.pb.go:104.60,106.41 2 0
back/proto/forum.pb.go:106.41,108.34 2 0
back/proto/forum.pb.go:108.34,110.4 1 0
back/proto/forum.pb.go:111.3,111.12 1 0
back/proto/forum.pb.go:113.2,113.24 1 0
back/proto/forum.pb.go:117.51,119.2 1 0
back/proto/forum.pb.go:130.35,132.29 2 0
back/proto/forum.pb.go:132.29,136.3 3 0
back/proto/forum.pb.go:139.43,141.2 1 0
back/proto/forum.pb.go:143.41,143.42 0 0
back/proto/forum.pb.go:145.63,147.41 2 0
back/proto/forum.pb.go:147.41,149.34 2 0
back/proto/forum.pb.go:149.34,151.4 1 0
back/proto/forum.pb.go:152.3,152.12 1 0
back/proto/forum.pb.go:154.2,154.24 1 0
back/proto/forum.pb.go:158.54,160.2 1 0
back/proto/forum.pb.go:162.48,163.14 1 0
back/proto/forum.pb.go:163.14,165.3 1 0
back/proto/forum.pb.go:166.2,166.11 1 0
back/proto/forum.pb.go:169.48,170.14 1 0
back/proto/forum.pb.go:170.14,172.3 1 0
back/proto/forum.pb.go:173.2,173.11 1 0
back/proto/forum.pb.go:186.36,188.29 2 0
back/proto/forum.pb.go:188.29,192.3 3 0
back/proto/forum.pb.go:195.44,197.2 1 0
back/proto/forum.pb.go:199.42,199.43 0 0
back/proto/forum.pb.go:201.64,203.41 2 0
back/proto/forum.pb.go:203.41,205.34 2 0
back/proto/forum.pb.go:205.34,207.4 1 0
back/proto/forum.pb.go:208.3,208.12 1 0
back/proto/forum.pb.go:210.2,210.24 1 0
back/proto/forum.pb.go:214.55,216.2 1 0
back/proto/forum.pb.go:218.52,219.14 1 0
back/proto/forum.pb.go:219.14,221.3 1 0
back/proto/forum.pb.go:222.2,222.11 1 0
back/proto/forum.pb.go:225.53,226.14 1 0
back/proto/forum.pb.go:226.14,228.3 1 0
back/proto/forum.pb.go:229.2,229.11 1 0
back/proto/forum.pb.go:232.49,233.14 1 0
back/proto/forum.pb.go:233.14,235.3 1 0
back/proto/forum.pb.go:236.2,236.10 1 0
back/proto/forum.pb.go:248.32,250.29 2 0
back/proto/forum.pb.go:250.29,254.3 3 0
back/proto/forum.pb.go:257.40,259.2 1 0
back/proto/forum.pb.go:261.38,261.39 0 0
back/proto/forum.pb.go:263.60,265.41 2 0
back/proto/forum.pb.go:265.41,267.34 2 0
back/proto/forum.pb.go:267.34,269.4 1 0
back/proto/forum.pb.go:270.3,270.12 1 0
back/proto/forum.pb.go:272.2,272.24 1 0
back/proto/forum.pb.go:276.51,278.2 1 0
back/proto/forum.pb.go:280.45,281.14 1 0
back/proto/forum.pb.go:281.14,283.3 1 0
back/proto/forum.pb.go:284.2,284.11 1 0
back/proto/forum.pb.go:287.45,288.14 1 0
back/proto/forum.pb.go:288.14,290.3 1 0
back/proto/forum.pb.go:291.2,291.11 1 0
back/proto/forum.pb.go:305.33,307.29 2 0
back/proto/forum.pb.go:307.29,311.3 3 0
back/proto/forum.pb.go:314.41,316.2 1 0
back/proto/forum.pb.go:318.39,318.40 0 0
back/proto/forum.pb.go:320.61,322.41 2 0
back/proto/forum.pb.go:322.41,324.34 2 0
back/proto/forum.pb.go:324.34,326.4 1 0
back/proto/forum.pb.go:327.3,327.12 1 0
back/proto/forum.pb.go:329.2,329.24 1 0
back/proto/forum.pb.go:333.52,335.2 1 0
back/proto/forum.pb.go:337.49,338.14 1 0
back/proto/forum.pb.go:338.14,340.3 1 0
back/proto/forum.pb.go:341.2,341.11 1 0
back/proto/forum.pb.go:344.50,345.14 1 0
back/proto/forum.pb.go:345.14,347.3 1 0
back/proto/forum.pb.go:348.2,348.11 1 0
back/proto/forum.pb.go:351.46,352.14 1 0
back/proto/forum.pb.go:352.14,354.3 1 0
back/proto/forum.pb.go:355.2,355.10 1 0
back/proto/forum.pb.go:358.56,359.14 1 0
back/proto/forum.pb.go:359.14,361.3 1 0
back/proto/forum.pb.go:362.2,362.12 1 0
back/proto/forum.pb.go:373.39,375.29 2 0
back/proto/forum.pb.go:375.29,379.3 3 0
back/proto/forum.pb.go:382.47,384.2 1 0
back/proto/forum.pb.go:386.45,386.46 0 0
back/proto/forum.pb.go:388.67,390.41 2 0
back/proto/forum.pb.go:390.41,392.34 2 0
back/proto/forum.pb.go:392.34,394.4 1 0
back/proto/forum.pb.go:395.3,395.12 1 0
back/proto/forum.pb.go:397.2,397.24 1 0
back/proto/forum.pb.go:401.58,403.2 1 0
back/proto/forum.pb.go:405.56,406.14 1 0
back/proto/forum.pb.go:406.14,408.3 1 0
back/proto/forum.pb.go:409.2,409.11 1 0
back/proto/forum.pb.go:421.40,423.29 2 0
back/proto/forum.pb.go:423.29,427.3 3 0
back/proto/forum.pb.go:430.48,432.2 1 0
back/proto/forum.pb.go:434.46,434.47 0 0
back/proto/forum.pb.go:436.68,438.41 2 0
back/proto/forum.pb.go:438.41,440.34 2 0
back/proto/forum.pb.go:440.34,442.4 1 0
back/proto/forum.pb.go:443.3,443.12 1 0
back/proto/forum.pb.go:445.2,445.24 1 0
back/proto/forum.pb.go:449.59,451.2 1 0
back/proto/forum.pb.go:453.56,454.14 1 0
back/proto/forum.pb.go:454.14,456.3 1 0
back/proto/forum.pb.go:457.2,457.11 1 0
back/proto/forum.pb.go:460.57,461.14 1 0
back/proto/forum.pb.go:461.14,463.3 1 0
back/proto/forum.pb.go:464.2,464.11 1 0
back/proto/forum.pb.go:475.35,477.29 2 0
back/proto/forum.pb.go:477.29,481.3 3 0
back/proto/forum.pb.go:484.43,486.2 1 0
back/proto/forum.pb.go:488.41,488.42 0 0
back/proto/forum.pb.go:490.63,492.41 2 0
back/proto/forum.pb.go:492.41,494.34 2 0
back/proto/forum.pb.go:494.34,496.4 1 0
back/proto/forum.pb.go:497.3,497.12 1 0
back/proto/forum.pb.go:499.2,499.24 1 0
back/proto/forum.pb.go:503.54,505.2 1 0
back/proto/forum.pb.go:507.51,508.14 1 0
back/proto/forum.pb.go:508.14,510.3 1 0
back/proto/forum.pb.go:511.2,511.11 1 0
back/proto/forum.pb.go:525.36,527.29 2 0
back/proto/forum.pb.go:527.29,531.3 3 0
back/proto/forum.pb.go:534.44,536.2 1 0
back/proto/forum.pb.go:538.42,538.43 0 0
back/proto/forum.pb.go:540.64,542.41 2 0
back/proto/forum.pb.go:542.41,544.34 2 0
back/proto/forum.pb.go:544.34,546.4 1 0
back/proto/forum.pb.go:547.3,547.12 1 0
back/proto/forum.pb.go:549.2,549.24 1 0
back/proto/forum.pb.go:553.55,555.2 1 0
back/proto/forum.pb.go:557.46,558.14 1 0
back/proto/forum.pb.go:558.14,560.3 1 0
back/proto/forum.pb.go:561.2,561.14 1 0
back/proto/forum.pb.go:564.46,565.14 1 0
back/proto/forum.pb.go:565.14,567.3 1 0
back/proto/forum.pb.go:568.2,568.10 1 0
back/proto/forum.pb.go:571.49,572.14 1 0
back/proto/forum.pb.go:572.14,574.3 1 0
back/proto/forum.pb.go:575.2,575.11 1 0
back/proto/forum.pb.go:578.46,579.14 1 0
back/proto/forum.pb.go:579.14,581.3 1 0
back/proto/forum.pb.go:582.2,582.14 1 0
back/proto/forum.pb.go:593.33,595.29 2 0
back/proto/forum.pb.go:595.29,599.3 3 0
back/proto/forum.pb.go:602.41,604.2 1 0
back/proto/forum.pb.go:606.39,606.40 0 0
back/proto/forum.pb.go:608.61,610.41 2 0
back/proto/forum.pb.go:610.41,612.34 2 0
back/proto/forum.pb.go:612.34,614.4 1 0
back/proto/forum.pb.go:615.3,615.12 1 0
back/proto/forum.pb.go:617.2,617.24 1 0
back/proto/forum.pb.go:621.52,623.2 1 0
back/proto/forum.pb.go:625.49,626.14 1 0
back/proto/forum.pb.go:626.14,628.3 1 0
back/proto/forum.pb.go:629.2,629.11 1 0
back/proto/forum.pb.go:640.34,642.29 2 0
back/proto/forum.pb.go:642.29,646.3 3 0
back/proto/forum.pb.go:649.42,651.2 1 0
back/proto/forum.pb.go:653.40,653.41 0 0
back/proto/forum.pb.go:655.62,657.41 2 0
back/proto/forum.pb.go:657.41,659.34 2 0
back/proto/forum.pb.go:659.34,661.4 1 0
back/proto/forum.pb.go:662.3,662.12 1 0
back/proto/forum.pb.go:664.2,664.24 1 0
back/proto/forum.pb.go:668.53,670.2 1 0
back/proto/forum.pb.go:672.44,673.14 1 0
back/proto/forum.pb.go:673.14,675.3 1 0
back/proto/forum.pb.go:676.2,676.14 1 0
back/proto/forum.pb.go:694.24,696.29 2 0
back/proto/forum.pb.go:696.29,700.3 3 0
back/proto/forum.pb.go:703.32,705.2 1 0
back/proto/forum.pb.go:707.30,707.31 0 0
back/proto/forum.pb.go:709.52,711.41 2 0
back/proto/forum.pb.go:711.41,713.34 2 0
back/proto/forum.pb.go:713.34,715.4 1 0
back/proto/forum.pb.go:716.3,716.12 1 0
back/proto/forum.pb.go:718.2,718.24 1 0
back/proto/forum.pb.go:722.43,724.2 1 0
back/proto/forum.pb.go:726.30,727.14 1 0
back/proto/forum.pb.go:727.14,729.3 1 0
back/proto/forum.pb.go:730.2,730.10 1 0
back/proto/forum.pb.go:733.34,734.14 1 0
back/proto/forum.pb.go:734.14,736.3 1 0
back/proto/forum.pb.go:737.2,737.11 1 0
back/proto/forum.pb.go:740.36,741.14 1 0
back/proto/forum.pb.go:741.14,743.3 1 0
back/proto/forum.pb.go:744.2,744.11 1 0
back/proto/forum.pb.go:747.36,748.14 1 0
back/proto/forum.pb.go:748.14,750.3 1 0
back/proto/forum.pb.go:751.2,751.10 1 0
back/proto/forum.pb.go:754.43,755.14 1 0
back/proto/forum.pb.go:755.14,757.3 1 0
back/proto/forum.pb.go:758.2,758.11 1 0
back/proto/forum.pb.go:761.37,762.14 1 0
back/proto/forum.pb.go:762.14,764.3 1 0
back/proto/forum.pb.go:765.2,765.10 1 0
back/proto/forum.pb.go:768.40,769.14 1 0
back/proto/forum.pb.go:769.14,771.3 1 0
back/proto/forum.pb.go:772.2,772.10 1 0
back/proto/forum.pb.go:783.32,785.29 2 0
back/proto/forum.pb.go:785.29,789.3 3 0
back/proto/forum.pb.go:792.40,794.2 1 0
back/proto/forum.pb.go:796.38,796.39 0 0
back/proto/forum.pb.go:798.60,800.41 2 0
back/proto/forum.pb.go:800.41,802.34 2 0
back/proto/forum.pb.go:802.34,804.4 1 0
back/proto/forum.pb.go:805.3,805.12 1 0
back/proto/forum.pb.go:807.2,807.24 1 0
back/proto/forum.pb.go:811.51,813.2 1 0
back/proto/forum.pb.go:815.40,816.14 1 0
back/proto/forum.pb.go:816.14,818.3 1 0
back/proto/forum.pb.go:819.2,819.12 1 0
back/proto/forum.pb.go:832.37,834.29 2 0
back/proto/forum.pb.go:834.29,838.3 3 0
back/proto/forum.pb.go:841.45,843.2 1 0
back/proto/forum.pb.go:845.43,845.44 0 0
back/proto/forum.pb.go:847.65,849.41 2 0
back/proto/forum.pb.go:849.41,851.34 2 0
back/proto/forum.pb.go:851.34,853.4 1 0
back/proto/forum.pb.go:854.3,854.12 1 0
back/proto/forum.pb.go:856.2,856.24 1 0
back/proto/forum.pb.go:860.56,862.2 1 0
back/proto/forum.pb.go:864.47,865.14 1 0
back/proto/forum.pb.go:865.14,867.3 1 0
back/proto/forum.pb.go:868.2,868.11 1 0
back/proto/forum.pb.go:871.49,872.14 1 0
back/proto/forum.pb.go:872.14,874.3 1 0
back/proto/forum.pb.go:875.2,875.11 1 0
back/proto/forum.pb.go:878.49,879.14 1 0
back/proto/forum.pb.go:879.14,881.3 1 0
back/proto/forum.pb.go:882.2,882.10 1 0
back/proto/forum.pb.go:893.34,895.29 2 0
back/proto/forum.pb.go:895.29,899.3 3 0
back/proto/forum.pb.go:902.42,904.2 1 0
back/proto/forum.pb.go:906.40,906.41 0 0
back/proto/forum.pb.go:908.62,910.41 2 0
back/proto/forum.pb.go:910.41,912.34 2 0
back/proto/forum.pb.go:912.34,914.4 1 0
back/proto/forum.pb.go:915.3,915.12 1 0
back/proto/forum.pb.go:917.2,917.24 1 0
back/proto/forum.pb.go:921.53,923.2 1 0
back/proto/forum.pb.go:925.44,926.14 1 0
back/proto/forum.pb.go:926.14,928.3 1 0
back/proto/forum.pb.go:929.2,929.10 1 0
back/proto/forum.pb.go:942.37,944.29 2 0
back/proto/forum.pb.go:944.29,948.3 3 0
back/proto/forum.pb.go:951.45,953.2 1 0
back/proto/forum.pb.go:955.43,955.44 0 0
back/proto/forum.pb.go:957.65,959.41 2 0
back/proto/forum.pb.go:959.41,961.34 2 0
back/proto/forum.pb.go:961.34,963.4 1 0
back/proto/forum.pb.go:964.3,964.12 1 0
back/proto/forum.pb.go:966.2,966.24 1 0
back/proto/forum.pb.go:970.56,972.2 1 0
back/proto/forum.pb.go:974.47,975.14 1 0
back/proto/forum.pb.go:975.14,977.3 1 0
back/proto/forum.pb.go:978.2,978.10 1 0
back/proto/forum.pb.go:981.47,982.32 1 0
back/proto/forum.pb.go:982.32,984.3 1 0
back/proto/forum.pb.go:985.2,985.11 1 0
back/proto/forum.pb.go:988.49,989.34 1 0
back/proto/forum.pb.go:989.34,991.3 1 0
back/proto/forum.pb.go:992.2,992.11 1 0
back/proto/forum.pb.go:1004.37,1006.29 2 0
back/proto/forum.pb.go:1006.29,1010.3 3 0
back/proto/forum.pb.go:1013.45,1015.2 1 0
back/proto/forum.pb.go:1017.43,1017.44 0 0
back/proto/forum.pb.go:1019.65,1021.41 2 0
back/proto/forum.pb.go:1021.41,1023.34 2 0
back/proto/forum.pb.go:1023.34,1025.4 1 0
back/proto/forum.pb.go:1026.3,1026.12 1 0
back/proto/forum.pb.go:1028.2,1028.24 1 0
back/proto/forum.pb.go:1032.56,1034.2 1 0
back/proto/forum.pb.go:1036.47,1037.14 1 0
back/proto/forum.pb.go:1037.14,1039.3 1 0
back/proto/forum.pb.go:1040.2,1040.10 1 0
back/proto/forum.pb.go:1043.47,1044.14 1 0
back/proto/forum.pb.go:1044.14,1046.3 1 0
back/proto/forum.pb.go:1047.2,1047.10 1 0
back/proto/forum.pb.go:1059.36,1061.29 2 0
back/proto/forum.pb.go:1061.29,1065.3 3 0
back/proto/forum.pb.go:1068.44,1070.2 1 0
back/proto/forum.pb.go:1072.42,1072.43 0 0
back/proto/forum.pb.go:1074.64,1076.41 2 0
back/proto/forum.pb.go:1076.41,1078.34 2 0
back/proto/forum.pb.go:1078.34,1080.4 1 0
back/proto/forum.pb.go:1081.3,1081.12 1 0
back/proto/forum.pb.go:1083.2,1083.24 1 0
back/proto/forum.pb.go:1087.55,1089.2 1 0
back/proto/forum.pb.go:1091.45,1092.14 1 0
back/proto/forum.pb.go:1092.14,1094.3 1 0
back/proto/forum.pb.go:1095.2,1095.10 1 0
back/proto/forum.pb.go:1098.48,1099.35 1 0
back/proto/forum.pb.go:1099.35,1101.3 1 0
back/proto/forum.pb.go:1102.2,1102.10 1 0
back/proto/forum.pb.go:1114.37,1116.29 2 0
back/proto/forum.pb.go:1116.29,1120.3 3 0
back/proto/forum.pb.go:1123.45,1125.2 1 0
back/proto/forum.pb.go:1127.43,1127.44 0 0
back/proto/forum.pb.go:1129.65,1131.41 2 0
back/proto/forum.pb.go:1131.41,1133.34 2 0
back/proto/forum.pb.go:1133.34,1135.4 1 0
back/proto/forum.pb.go:1136.3,1136.12 1 0
back/proto/forum.pb.go:1138.2,1138.24 1 0
back/proto/forum.pb.go:1142.56,1144.2 1 0
back/proto/forum.pb.go:1146.48,1147.14 1 0
back/proto/forum.pb.go:1147.14,1149.3 1 0
back/proto/forum.pb.go:1150.2,1150.12 1 0
back/proto/forum.pb.go:1153.51,1154.14 1 0
back/proto/forum.pb.go:1154.14,1156.3 1 0
back/proto/forum.pb.go:1157.2,1157.10 1 0
back/proto/forum.pb.go:1174.27,1176.29 2 0
back/proto/forum.pb.go:1176.29,1180.3 3 0
back/proto/forum.pb.go:1183.35,1185.2 1 0
back/proto/forum.pb.go:1187.33,1187.34 0 0
back/proto/forum.pb.go:1189.55,1191.41 2 0
back/proto/forum.pb.go:1191.41,1193.34 2 0
back/proto/forum.pb.go:1193.34,1195.4 1 0
back/proto/forum.pb.go:1196.3,1196.12 1 0
back/proto/forum.pb.go:1198.2,1198.24 1 0
back/proto/forum.pb.go:1202.46,1204.2 1 0
back/proto/forum.pb.go:1206.33,1207.14 1 0
back/proto/forum.pb.go:1207.14,1209.3 1 0
back/proto/forum.pb.go:1210.2,1210.10 1 0
back/proto/forum.pb.go:1213.39,1214.14 1 0
back/proto/forum.pb.go:1214.14,1216.3 1 0
back/proto/forum.pb.go:1217.2,1217.11 1 0
back/proto/forum.pb.go:1220.39,1221.14 1 0
back/proto/forum.pb.go:1221.14,1223.3 1 0
back/proto/forum.pb.go:1224.2,1224.10 1 0
back/proto/forum.pb.go:1227.46,1228.14 1 0
back/proto/forum.pb.go:1228.14,1230.3 1 0
back/proto/forum.pb.go:1231.2,1231.11 1 0
back/proto/forum.pb.go:1234.37,1235.14 1 0
back/proto/forum.pb.go:1235.14,1237.3 1 0
back/proto/forum.pb.go:1238.2,1238.10 1 0
back/proto/forum.pb.go:1241.40,1242.14 1 0
back/proto/forum.pb.go:1242.14,1244.3 1 0
back/proto/forum.pb.go:1245.2,1245.10 1 0
back/proto/forum.pb.go:1256.35,1258.29 2 0
back/proto/forum.pb.go:1258.29,1262.3 3 0
back/proto/forum.pb.go:1265.43,1267.2 1 0
back/proto/forum.pb.go:1269.41,1269.42 0 0
back/proto/forum.pb.go:1271.63,1273.41 2 0
back/proto/forum.pb.go:1273.41,1275.34 2 0
back/proto/forum.pb.go:1275.34,1277.4 1 0
back/proto/forum.pb.go:1278.3,1278.12 1 0
back/proto/forum.pb.go:1280.2,1280.24 1 0
back/proto/forum.pb.go:1284.54,1286.2 1 0
back/proto/forum.pb.go:1288.49,1289.14 1 0
back/proto/forum.pb.go:1289.14,1291.3 1 0
back/proto/forum.pb.go:1292.2,1292.12 1 0
back/proto/forum.pb.go:1305.40,1307.29 2 0
back/proto/forum.pb.go:1307.29,1311.3 3 0
back/proto/forum.pb.go:1314.48,1316.2 1 0
back/proto/forum.pb.go:1318.46,1318.47 0 0
back/proto/forum.pb.go:1320.68,1322.41 2 0
back/proto/forum.pb.go:1322.41,1324.34 2 0
back/proto/forum.pb.go:1324.34,1326.4 1 0
back/proto/forum.pb.go:1327.3,1327.12 1 0
back/proto/forum.pb.go:1329.2,1329.24 1 0
back/proto/forum.pb.go:1333.59,1335.2 1 0
back/proto/forum.pb.go:1337.52,1338.14 1 0
back/proto/forum.pb.go:1338.14,1340.3 1 0
back/proto/forum.pb.go:1341.2,1341.11 1 0
back/proto/forum.pb.go:1344.52,1345.14 1 0
back/proto/forum.pb.go:1345.14,1347.3 1 0
back/proto/forum.pb.go:1348.2,1348.10 1 0
back/proto/forum.pb.go:1351.50,1352.14 1 0
back/proto/forum.pb.go:1352.14,1354.3 1 0
back/proto/forum.pb.go:1355.2,1355.10 1 0
back/proto/forum.pb.go:1366.37,1368.29 2 0
back/proto/forum.pb.go:1368.29,1372.3 3 0
back/proto/forum.pb.go:1375.45,1377.2 1 0
back/proto/forum.pb.go:1379.43,1379.44 0 0
back/proto/forum.pb.go:1381.65,1383.41 2 0
back/proto/forum.pb.go:1383.41,1385.34 2 0
back/proto/forum.pb.go:1385.34,1387.4 1 0
back/proto/forum.pb.go:1388.3,1388.12 1 0
back/proto/forum.pb.go:1390.2,1390.24 1 0
back/proto/forum.pb.go:1394.56,1396.2 1 0
back/proto/forum.pb.go:1398.50,1399.14 1 0
back/proto/forum.pb.go:1399.14,1401.3 1 0
back/proto/forum.pb.go:1402.2,1402.10 1 0
back/proto/forum.pb.go:1413.39,1415.29 2 0
back/proto/forum.pb.go:1415.29,1419.3 3 0
back/proto/forum.pb.go:1422.47,1424.2 1 0
back/proto/forum.pb.go:1426.45,1426.46 0 0
back/proto/forum.pb.go:1428.67,1430.41 2 0
back/proto/forum.pb.go:1430.41,1432.34 2 0
back/proto/forum.pb.go:1432.34,1434.4 1 0
back/proto/forum.pb.go:1435.3,1435.12 1 0
back/proto/forum.pb.go:1437.2,1437.24 1 0
back/proto/forum.pb.go:1441.58,1443.2 1 0
back/proto/forum.pb.go:1445.49,1446.14 1 0
back/proto/forum.pb.go:1446.14,1448.3 1 0
back/proto/forum.pb.go:1449.2,1449.10 1 0
back/proto/forum.pb.go:1461.40,1463.29 2 0
back/proto/forum.pb.go:1463.29,1467.3 3 0
back/proto/forum.pb.go:1470.48,1472.2 1 0
back/proto/forum.pb.go:1474.46,1474.47 0 0
back/proto/forum.pb.go:1476.68,1478.41 2 0
back/proto/forum.pb.go:1478.41,1480.34 2 0
back/proto/forum.pb.go:1480.34,1482.4 1 0
back/proto/forum.pb.go:1483.3,1483.12 1 0
back/proto/forum.pb.go:1485.2,1485.24 1 0
back/proto/forum.pb.go:1489.59,1491.2 1 0
back/proto/forum.pb.go:1493.57,1494.14 1 0
back/proto/forum.pb.go:1494.14,1496.3 1 0
back/proto/forum.pb.go:1497.2,1497.12 1 0
back/proto/forum.pb.go:1500.54,1501.14 1 0
back/proto/forum.pb.go:1501.14,1503.3 1 0
back/proto/forum.pb.go:1504.2,1504.10 1 0
back/proto/forum.pb.go:1516.40,1518.29 2 0
back/proto/forum.pb.go:1518.29,1522.3 3 0
back/proto/forum.pb.go:1525.48,1527.2 1 0
back/proto/forum.pb.go:1529.46,1529.47 0 0
back/proto/forum.pb.go:1531.68,1533.41 2 0
back/proto/forum.pb.go:1533.41,1535.34 2 0
back/proto/forum.pb.go:1535.34,1537.4 1 0
back/proto/forum.pb.go:1538.3,1538.12 1 0
back/proto/forum.pb.go:1540.2,1540.24 1 0
back/proto/forum.pb.go:1544.59,1546.2 1 0
back/proto/forum.pb.go:1548.53,1549.14 1 0
back/proto/forum.pb.go:1549.14,1551.3 1 0
back/proto/forum.pb.go:1552.2,1552.10 1 0
back/proto/forum.pb.go:1555.52,1556.34 1 0
back/proto/forum.pb.go:1556.34,1558.3 1 0
back/proto/forum.pb.go:1559.2,1559.11 1 0
back/proto/forum.pb.go:1571.40,1573.29 2 0
back/proto/forum.pb.go:1573.29,1577.3 3 0
back/proto/forum.pb.go:1580.48,1582.2 1 0
back/proto/forum.pb.go:1584.46,1584.47 0 0
back/proto/forum.pb.go:1586.68,1588.41 2 0
back/proto/forum.pb.go:1588.41,1590.34 2 0
back/proto/forum.pb.go:1590.34,1592.4 1 0
back/proto/forum.pb.go:1593.3,1593.12 1 0
back/proto/forum.pb.go:1595.2,1595.24 1 0
back/proto/forum.pb.go:1599.59,1601.2 1 0
back/proto/forum.pb.go:1603.53,1604.14 1 0
back/proto/forum.pb.go:1604.14,1606.3 1 0
back/proto/forum.pb.go:1607.2,1607.10 1 0
back/proto/forum.pb.go:1610.50,1611.14 1 0
back/proto/forum.pb.go:1611.14,1613.3 1 0
back/proto/forum.pb.go:1614.2,1614.10 1 0
back/proto/forum.pb.go:1628.31,1630.29 2 0
back/proto/forum.pb.go:1630.29,1634.3 3 0
back/proto/forum.pb.go:1637.39,1639.2 1 0
back/proto/forum.pb.go:1641.37,1641.38 0 0
back/proto/forum.pb.go:1643.59,1645.41 2 0
back/proto/forum.pb.go:1645.41,1647.34 2 0
back/proto/forum.pb.go:1647.34,1649.4 1 0
back/proto/forum.pb.go:1650.3,1650.12 1 0
back/proto/forum.pb.go:1652.2,1652.24 1 0
back/proto/forum.pb.go:1656.50,1658.2 1 0
back/proto/forum.pb.go:1660.41,1661.14 1 0
back/proto/forum.pb.go:1661.14,1663.3 1 0
back/proto/forum.pb.go:1664.2,1664.10 1 0
back/proto/forum.pb.go:1667.43,1668.14 1 0
back/proto/forum.pb.go:1668.14,1670.3 1 0
back/proto/forum.pb.go:1671.2,1671.11 1 0
back/proto/forum.pb.go:1674.44,1675.14 1 0
back/proto/forum.pb.go:1675.14,1677.3 1 0
back/proto/forum.pb.go:1678.2,1678.10 1 0
back/proto/forum.pb.go:1690.38,1692.29 2 0
back/proto/forum.pb.go:1692.29,1696.3 3 0
back/proto/forum.pb.go:1699.46,1701.2 1 0
back/proto/forum.pb.go:1703.44,1703.45 0 0
back/proto/forum.pb.go:1705.66,1707.41 2 0
back/proto/forum.pb.go:1707.41,1709.34 2 0
back/proto/forum.pb.go:1709.34,1711.4 1 0
back/proto/forum.pb.go:1712.3,1712.12 1 0
back/proto/forum.pb.go:1714.2,1714.24 1 0
back/proto/forum.pb.go:1718.57,1720.2 1 0
back/proto/forum.pb.go:1722.47,1723.14 1 0
back/proto/forum.pb.go:1723.14,1725.3 1 0
back/proto/forum.pb.go:1726.2,1726.10 1 0
back/proto/forum.pb.go:1729.47,1730.14 1 0
back/proto/forum.pb.go:1730.14,1732.3 1 0
back/proto/forum.pb.go:1733.2,1733.10 1 0
back/proto/forum.pb.go:1745.39,1747.29 2 0
back/proto/forum.pb.go:1747.29,1751.3 3 0
back/proto/forum.pb.go:1754.47,1756.2 1 0
back/proto/forum.pb.go:1758.45,1758.46 0 0
back/proto/forum.pb.go:1760.67,1762.41 2 0
back/proto/forum.pb.go:1762.41,1764.34 2 0
back/proto/forum.pb.go:1764.34,1766.4 1 0
back/proto/forum.pb.go:1767.3,1767.12 1 0
back/proto/forum.pb.go:1769.2,1769.24 1 0
back/proto/forum.pb.go:1773.58,1775.2 1 0
back/proto/forum.pb.go:1777.60,1778.14 1 0
back/proto/forum.pb.go:1778.14,1780.3 1 0
back/proto/forum.pb.go:1781.2,1781.12 1 0
back/proto/forum.pb.go:1784.53,1785.14 1 0
back/proto/forum.pb.go:1785.14,1787.3 1 0
back/proto/forum.pb.go:1788.2,1788.10 1 0
back/proto/forum.pb.go:1801.30,1803.29 2 0
back/proto/forum.pb.go:1803.29,1807.3 3 0
back/proto/forum.pb.go:1810.38,1812.2 1 0
back/proto/forum.pb.go:1814.36,1814.37 0 0
back/proto/forum.pb.go:1816.58,1818.41 2 0
back/proto/forum.pb.go:1818.41,1820.34 2 0
back/proto/forum.pb.go:1820.34,1822.4 1 0
back/proto/forum.pb.go:1823.3,1823.12 1 0
back/proto/forum.pb.go:1825.2,1825.24 1 0
back/proto/forum.pb.go:1829.49,1831.2 1 0
back/proto/forum.pb.go:1833.56,1834.14 1 0
back/proto/forum.pb.go:1834.14,1836.3 1 0
back/proto/forum.pb.go:1837.2,1837.10 1 0
back/proto/forum.pb.go:1840.50,1841.14 1 0
back/proto/forum.pb.go:1841.14,1843.3 1 0
back/proto/forum.pb.go:1844.2,1844.10 1 0
back/proto/forum.pb.go:1847.50,1848.14 1 0
back/proto/forum.pb.go:1848.14,1850.3 1 0
back/proto/forum.pb.go:1851.2,1851.14 1 0
back/proto/forum.pb.go:1865.24,1867.29 2 0
back/proto/forum.pb.go:1867.29,1871.3 3 0
back/proto/forum.pb.go:1874.32,1876.2 1 0
back/proto/forum.pb.go:1878.30,1878.31 0 0
back/proto/forum.pb.go:1880.52,1882.41 2 0
back/proto/forum.pb.go:1882.41,1884.34 2 0
back/proto/forum.pb.go:1884.34,1886.4 1 0
back/proto/forum.pb.go:1887.3,1887.12 1 0
back/proto/forum.pb.go:1889.2,1889.24 1 0
back/proto/forum.pb.go:1893.43,1895.2 1 0
back/proto/forum.pb.go:1897.30,1898.14 1 0
back/proto/forum.pb.go:1898.14,1900.3 1 0
back/proto/forum.pb.go:1901.2,1901.10 1 0
back/proto/forum.pb.go:1904.37,1905.14 1 0
back/proto/forum.pb.go:1905.14,1907.3 1 0
back/proto/forum.pb.go:1908.2,1908.11 1 0
back/proto/forum.pb.go:1911.37,1912.14 1 0
back/proto/forum.pb.go:1912.14,1914.3 1 0
back/proto/forum.pb.go:1915.2,1915.10 1 0
back/proto/forum.pb.go:1926.34,1928.29 2 0
back/proto/forum.pb.go:1928.29,1932.3 3 0
back/proto/forum.pb.go:1935.42,1937.2 1 0
back/proto/forum.pb.go:1939.40,1939.41 0 0
back/proto/forum.pb.go:1941.62,1943.41 2 0
back/proto/forum.pb.go:1943.41,1945.34 2 0
back/proto/forum.pb.go:1945.34,1947.4 1 0
back/proto/forum.pb.go:1948.3,1948.12 1 0
back/proto/forum.pb.go:1950.2,1950.24 1 0
back/proto/forum.pb.go:1954.53,1956.2 1 0
back/proto/forum.pb.go:1958.44,1959.14 1 0
back/proto/forum.pb.go:1959.14,1961.3 1 0
back/proto/forum.pb.go:1962.2,1962.10 1 0
back/proto/forum.pb.go:1978.39,1980.29 2 0
back/proto/forum.pb.go:1980.29,1984.3 3 0
back/proto/forum.pb.go:1987.47,1989.2 1 0
back/proto/forum.pb.go:1991.45,1991.46 0 0
back/proto/forum.pb.go:1993.67,1995.41 2 0
back/proto/forum.pb.go:1995.41,1997.34 2 0
back/proto/forum.pb.go:1997.34,1999.4 1 0
back/proto/forum.pb.go:2000.3,2000.12 1 0
back/proto/forum.pb.go:2002.2,2002.24 1 0
back/proto/forum.pb.go:2006.58,2008.2 1 0
back/proto/forum.pb.go:2010.49,2011.14 1 0
back/proto/forum.pb.go:2011.14,2013.3 1 0
back/proto/forum.pb.go:2014.2,2014.10 1 0
back/proto/forum.pb.go:2017.52,2018.14 1 0
back/proto/forum.pb.go:2018.14,2020.3 1 0
back/proto/forum.pb.go:2021.2,2021.11 1 0
back/proto/forum.pb.go:2024.52,2025.14 1 0
back/proto/forum.pb.go:2025.14,2027.3 1 0
back/proto/forum.pb.go:2028.2,2028.10 1 0
back/proto/forum.pb.go:2031.52,2032.14 1 0
back/proto/forum.pb.go:2032.14,2034.3 1 0
back/proto/forum.pb.go:2035.2,2035.10 1 0
back/proto/forum.pb.go:2038.55,2039.14 1 0
back/proto/forum.pb.go:2039.14,2041.3 1 0
back/proto/forum.pb.go:2042.2,2042.10 1 0
back/proto/forum.pb.go:2045.49,2046.14 1 0
back/proto/forum.pb.go:2046.14,2048.3 1 0
back/proto/forum.pb.go:2049.2,2049.14 1 0
back/proto/forum.pb.go:2060.37,2062.29 2 0
back/proto/forum.pb.go:2062.29,2066.3 3 0
back/proto/forum.pb.go:2069.45,2071.2 1 0
back/proto/forum.pb.go:2073.43,2073.44 0 0
back/proto/forum.pb.go:2075.65,2077.41 2 0
back/proto/forum.pb.go:2077.41,2079.34 2 0
back/proto/forum.pb.go:2079.34,2081.4 1 0
back/proto/forum.pb.go:2082.3,2082.12 1 0
back/proto/forum.pb.go:2084.2,2084.24 1 0
back/proto/forum.pb.go:2088.56,2090.2 1 0
back/proto/forum.pb.go:2092.47,2093.14 1 0
back/proto/forum.pb.go:2093.14,2095.3 1 0
back/proto/forum.pb.go:2096.2,2096.10 1 0
back/proto/forum.pb.go:2108.25,2110.29 2 0
back/proto/forum.pb.go:2110.29,2114.3 3 0
back/proto/forum.pb.go:2117.33,2119.2 1 0
back/proto/forum.pb.go:2121.31,2121.32 0 0
back/proto/forum.pb.go:2123.53,2125.41 2 0
back/proto/forum.pb.go:2125.41,2127.34 2 0
back/proto/forum.pb.go:2127.34,2129.4 1 0
back/proto/forum.pb.go:2130.3,2130.12 1 0
back/proto/forum.pb.go:2132.2,2132.24 1 0
back/proto/forum.pb.go:2136.44,2138.2 1 0
back/proto/forum.pb.go:2140.37,2141.14 1 0
back/proto/forum.pb.go:2141.14,2143.3 1 0
back/proto/forum.pb.go:2144.2,2144.36 1 0
back/proto/forum.pb.go:2147.37,2148.14 1 0
back/proto/forum.pb.go:2148.14,2150.3 1 0
back/proto/forum.pb.go:2151.2,2151.11 1 0
back/proto/forum.pb.go:2162.37,2164.29 2 0
back/proto/forum.pb.go:2164.29,2168.3 3 0
back/proto/forum.pb.go:2171.45,2173.2 1 0
back/proto/forum.pb.go:2175.43,2175.44 0 0
back/proto/forum.pb.go:2177.65,2179.41 2 0
back/proto/forum.pb.go:2179.41,2181.34 2 0
back/proto/forum.pb.go:2181.34,2183.4 1 0
back/proto/forum.pb.go:2184.3,2184.12 1 0
back/proto/forum.pb.go:2186.2,2186.24 1 0
back/proto/forum.pb.go:2190.56,2192.2 1 0
back/proto/forum.pb.go:2194.47,2195.14 1 0
back/proto/forum.pb.go:2195.14,2197.3 1 0
back/proto/forum.pb.go:2198.2,2198.10 1 0
back/proto/forum.pb.go:2209.38,2211.29 2 0
back/proto/forum.pb.go:2211.29,2215.3 3 0
back/proto/forum.pb.go:2218.46,2220.2 1 0
back/proto/forum.pb.go:2222.44,2222.45 0 0
back/proto/forum.pb.go:2224.66,2226.41 2 0
back/proto/forum.pb.go:2226.41,2228.34 2 0
back/proto/forum.pb.go:2228.34,2230.4 1 0
back/proto/forum.pb.go:2231.3,2231.12 1 0
back/proto/forum.pb.go:2233.2,2233.24 1 0
back/proto/forum.pb.go:2237.57,2239.2 1 0
back/proto/forum.pb.go:2241.48,2242.14 1 0
back/proto/forum.pb.go:2242.14,2244.3 1 0
back/proto/forum.pb.go:2245.2,2245.14 1 0
back/proto/forum.pb.go:2570.50,2571.47 1 0
back/proto/forum.pb.go:2571.47,2573.3 1 0
back/proto/forum.pb.go:2574.2,2574.43 1 0
back/proto/forum.pb.go:2677.13,2677.46 1 0
back/proto/forum.pb.go:2678.36,2679.35 1 0
back/proto/forum.pb.go:2679.35,2681.3 1 0
back/proto/forum.pb.go:2682.2,2682.30 1 0
back/proto/forum.pb.go:2682.30,2683.88 1 0
back/proto/forum.pb.go:2683.88,2684.37 1 0
back/proto/forum.pb.go:2685.11,2686.20 1 0
back/proto/forum.pb.go:2687.11,2688.24 1 0
back/proto/forum.pb.go:2689.11,2690.28 1 0
back/proto/forum.pb.go:2691.12,2692.15 1 0
back/proto/forum.pb.go:2695.3,2695.88 1 0
back/proto/forum.pb.go:2695.88,2696.40 1 0
back/proto/forum.pb.go:2697.11,2698.20 1 0
back/proto/forum.pb.go:2699.11,2700.24 1 0
back/proto/forum.pb.go:2701.11,2702.28 1 0
back/proto/forum.pb.go:2703.12,2704.15 1 0
back/proto/forum.pb.go:2707.3,2707.88 1 0
back/proto/forum.pb.go:2707.88,2708.41 1 0
back/proto/forum.pb.go:2709.11,2710.20 1 0
back/proto/forum.pb.go:2711.11,2712.24 1 0
back/proto/forum.pb.go:2713.11,2714.28 1 0
back/proto/forum.pb.go:2715.12,2716.15 1 0
back/proto/forum.pb.go:2719.3,2719.88 1 0
back/proto/forum.pb.go:2719.88,2720.37 1 0
back/proto/forum.pb.go:2721.11,2722.20 1 0
back/proto/forum.pb.go:2723.11,2724.24 1 0
back/proto/forum.pb.go:2725.11,2726.28 1 0
back/proto/forum.pb.go:2727.12,2728.15 1 0
back/proto/forum.pb.go:2731.3,2731.88 1 0
back/proto/forum.pb.go:2731.88,2732.38 1 0
back/proto/forum.pb.go:2733.11,2734.20 1 0
back/proto/forum.pb.go:2735.11,2736.24 1 0
back/proto/forum.pb.go:2737.11,2738.28 1 0
back/proto/forum.pb.go:2739.12,2740.15 1 0
back/proto/forum.pb.go:2743.3,2743.88 1 0
back/proto/forum.pb.go:2743.88,2744.44 1 0
back/proto/forum.pb.go:2745.11,2746.20 1 0
back/proto/forum.pb.go:2747.11,2748.24 1 0
back/proto/forum.pb.go:2749.11,2750.28 1 0
back/proto/forum.pb.go:2751.12,2752.15 1 0
back/proto/forum.pb.go:2755.3,2755.88 1 0
back/proto/forum.pb.go:2755.88,2756.45 1 0
back/proto/forum.pb.go:2757.11,2758.20 1 0
back/proto/forum.pb.go:2759.11,2760.24 1 0
back/proto/forum.pb.go:2761.11,2762.28 1 0
back/proto/forum.pb.go:2763.12,2764.15 1 0
back/proto/forum.pb.go:2767.3,2767.88 1 0
back/proto/forum.pb.go:2767.88,2768.40 1 0
back/proto/forum.pb.go:2769.11,2770.20 1 0
back/proto/forum.pb.go:2771.11,2772.24 1 0
back/proto/forum.pb.go:2773.11,2774.28 1 0
back/proto/forum.pb.go:2775.12,2776.15 1 0
back/proto/forum.pb.go:2779.3,2779.88 1 0
back/proto/forum.pb.go:2779.88,2780.41 1 0
back/proto/forum.pb.go:2781.11,2782.20 1 0
back/proto/forum.pb.go:2783.11,2784.24 1 0
back/proto/forum.pb.go:2785.11,2786.28 1 0
back/proto/forum.pb.go:2787.12,2788.15 1 0
back/proto/forum.pb.go:2791.3,2791.88 1 0
back/proto/forum.pb.go:2791.88,2792.38 1 0
back/proto/forum.pb.go:2793.11,2794.20 1 0
back/proto/forum.pb.go:2795.11,2796.24 1 0
back/proto/forum.pb.go:2797.11,2798.28 1 0
back/proto/forum.pb.go:2799.12,2800.15 1 0
back/proto/forum.pb.go:2803.3,2803.89 1 0
back/proto/forum.pb.go:2803.89,2804.39 1 0
back/proto/forum.pb.go:2805.11,2806.20 1 0
back/proto/forum.pb.go:2807.11,2808.24 1 0
back/proto/forum.pb.go:2809.11,2810.28 1 0
back/proto/forum.pb.go:2811.12,2812.15 1 0
back/proto/forum.pb.go:2815.3,2815.89 1 0
back/proto/forum.pb.go:2815.89,2816.29 1 0
back/proto/forum.pb.go:2817.11,2818.20 1 0
back/proto/forum.pb.go:2819.11,2820.24 1 0
back/proto/forum.pb.go:2821.11,2822.28 1 0
back/proto/forum.pb.go:2823.12,2824.15 1 0
back/proto/forum.pb.go:2827.3,2827.89 1 0
back/proto/forum.pb.go:2827.89,2828.37 1 0
back/proto/forum.pb.go:2829.11,2830.20 1 0
back/proto/forum.pb.go:2831.11,2832.24 1 0
back/proto/forum.pb.go:2833.11,2834.28 1 0
back/proto/forum.pb.go:2835.12,2836.15 1 0
back/proto/forum.pb.go:2839.3,2839.89 1 0
back/proto/forum.pb.go:2839.89,2840.42 1 0
back/proto/forum.pb.go:2841.11,2842.20 1 0
back/proto/forum.pb.go:2843.11,2844.24 1 0
back/proto/forum.pb.go:2845.11,2846.28 1 0
back/proto/forum.pb.go:2847.12,2848.15 1 0
back/proto/forum.pb.go:2851.3,2851.89 1 0
back/proto/forum.pb.go:2851.89,2852.39 1 0
back/proto/forum.pb.go:2853.11,2854.20 1 0
back/proto/forum.pb.go:2855.11,2856.24 1 0
back/proto/forum.pb.go:2857.11,2858.28 1 0
back/proto/forum.pb.go:2859.12,2860.15 1 0
back/proto/forum.pb.go:2863.3,2863.89 1 0
back/proto/forum.pb.go:2863.89,2864.42 1 0
back/proto/forum.pb.go:2865.11,2866.20 1 0
back/proto/forum.pb.go:2867.11,2868.24 1 0
back/proto/forum.pb.go:2869.11,2870.28 1 0
back/proto/forum.pb.go:2871.12,2872.15 1 0
back/proto/forum.pb.go:2875.3,2875.89 1 0
back/proto/forum.pb.go:2875.89,2876.42 1 0
back/proto/forum.pb.go:2877.11,2878.20 1 0
back/proto/forum.pb.go:2879.11,2880.24 1 0
back/proto/forum.pb.go:2881.11,2882.28 1 0
back/proto/forum.pb.go:2883.12,2884.15 1 0
back/proto/forum.pb.go:2887.3,2887.89 1 0
back/proto/forum.pb.go:2887.89,2888.41 1 0
back/proto/forum.pb.go:2889.11,2890.20 1 0
back/proto/forum.pb.go:2891.11,2892.24 1 0
back/proto/forum.pb.go:2893.11,2894.28 1 0
back/proto/forum.pb.go:2895.12,2896.15 1 0
back/proto/forum.pb.go:2899.3,2899.89 1 0
back/proto/forum.pb.go:2899.89,2900.42 1 0
back/proto/forum.pb.go:2901.11,2902.20 1 0
back/proto/forum.pb.go:2903.11,2904.24 1 0
back/proto/forum.pb.go:2905.11,2906.28 1 0
back/proto/forum.pb.go:2907.12,2908.15 1 0
back/proto/forum.pb.go:2911.3,2911.89 1 0
back/proto/forum.pb.go:2911.89,2912.32 1 0
back/proto/forum.pb.go:2913.11,2914.20 1 0
back/proto/forum.pb.go:2915.11,2916.24 1 0
back/proto/forum.pb.go:2917.11,2918.28 1 0
back/proto/forum.pb.go:2919.12,2920.15 1 0
back/proto/forum.pb.go:2923.3,2923.89 1 0
back/proto/forum.pb.go:2923.89,2924.40 1 0
back/proto/forum.pb.go:2925.11,2926.20 1 0
back/proto/forum.pb.go:2927.11,2928.24 1 0
back/proto/forum.pb.go:2929.11,2930.28 1 0
back/proto/forum.pb.go:2931.12,2932.15 1 0
back/proto/forum.pb.go:2935.3,2935.89 1 0
back/proto/forum.pb.go:2935.89,2936.45 1 0
back/proto/forum.pb.go:2937.11,2938.20 1 0
back/proto/forum.pb.go:2939.11,2940.24 1 0
back/proto/forum.pb.go:2941.11,2942.28 1 0
back/proto/forum.pb.go:2943.12,2944.15 1 0
back/proto/forum.pb.go:2947.3,2947.89 1 0
back/proto/forum.pb.go:2947.89,2948.42 1 0
back/proto/forum.pb.go:2949.11,2950.20 1 0
back/proto/forum.pb.go:2951.11,2952.24 1 0
back/proto/forum.pb.go:2953.11,2954.28 1 0
back/proto/forum.pb.go:2955.12,2956.15 1 0
back/proto/forum.pb.go:2959.3,2959.89 1 0
back/proto/forum.pb.go:2959.89,2960.44 1 0
back/proto/forum.pb.go:2961.11,2962.20 1 0
back/proto/forum.pb.go:2963.11,2964.24 1 0
back/proto/forum.pb.go:2965.11,2966.28 1 0
back/proto/forum.pb.go:2967.12,2968.15 1 0
back/proto/forum.pb.go:2971.3,2971.89 1 0
back/proto/forum.pb.go:2971.89,2972.45 1 0
back/proto/forum.pb.go:2973.11,2974.20 1 0
back/proto/forum.pb.go:2975.11,2976.24 1 0
back/proto/forum.pb.go:2977.11,2978.28 1 0
back/proto/forum.pb.go:2979.12,2980.15 1 0
back/proto/forum.pb.go:2983.3,2983.89 1 0
back/proto/forum.pb.go:2983.89,2984.45 1 0
back/proto/forum.pb.go:2985.11,2986.20 1 0
back/proto/forum.pb.go:2987.11,2988.24 1 0
back/proto/forum.pb.go:2989.11,2990.28 1 0
back/proto/forum.pb.go:2991.12,2992.15 1 0
back/proto/forum.pb.go:2995.3,2995.89 1 0
back/proto/forum.pb.go:2995.89,2996.45 1 0
back/proto/forum.pb.go:2997.11,2998.20 1 0
back/proto/forum.pb.go:2999.11,3000.24 1 0
back/proto/forum.pb.go:3001.11,3002.28 1 0
back/proto/forum.pb.go:3003.12,3004.15 1 0
back/proto/forum.pb.go:3007.3,3007.89 1 0
back/proto/forum.pb.go:3007.89,3008.36 1 0
back/proto/forum.pb.go:3009.11,3010.20 1 0
back/proto/forum.pb.go:3011.11,3012.24 1 0
back/proto/forum.pb.go:3013.11,3014.28 1 0
back/proto/forum.pb.go:3015.12,3016.15 1 0
back/proto/forum.pb.go:3019.3,3019.89 1 0
back/proto/forum.pb.go:3019.89,3020.43 1 0
back/proto/forum.pb.go:3021.11,3022.20 1 0
back/proto/forum.pb.go:3023.11,3024.24 1 0
back/proto/forum.pb.go:3025.11,3026.28 1 0
back/proto/forum.pb.go:3027.12,3028.15 1 0
back/proto/forum.pb.go:3031.3,3031.89 1 0
back/proto/forum.pb.go:3031.89,3032.44 1 0
back/proto/forum.pb.go:3033.11,3034.20 1 0
back/proto/forum.pb.go:3035.11,3036.24 1 0
back/proto/forum.pb.go:3037.11,3038.28 1 0
back/proto/forum.pb.go:3039.12,3040.15 1 0
back/proto/forum.pb.go:3043.3,3043.89 1 0
back/proto/forum.pb.go:3043.89,3044.35 1 0
back/proto/forum.pb.go:3045.11,3046.20 1 0
back/proto/forum.pb.go:3047.11,3048.24 1 0
back/proto/forum.pb.go:3049.11,3050.28 1 0
back/proto/forum.pb.go:3051.12,3052.15 1 0
back/proto/forum.pb.go:3055.3,3055.89 1 0
back/proto/forum.pb.go:3055.89,3056.29 1 0
back/proto/forum.pb.go:3057.11,3058.20 1 0
back/proto/forum.pb.go:3059.11,3060.24 1 0
back/proto/forum.pb.go:3061.11,3062.28 1 0
back/proto/forum.pb.go:3063.12,3064.15 1 0
back/proto/forum.pb.go:3067.3,3067.89 1 0
back/proto/forum.pb.go:3067.89,3068.39 1 0
back/proto/forum.pb.go:3069.11,3070.20 1 0
back/proto/forum.pb.go:3071.11,3072.24 1 0
back/proto/forum.pb.go:3073.11,3074.28 1 0
back/proto/forum.pb.go:3075.12,3076.15 1 0
back/proto/forum.pb.go:3079.3,3079.89 1 0
back/proto/forum.pb.go:3079.89,3080.44 1 0
back/proto/forum.pb.go:3081.11,3082.20 1 0
back/proto/forum.pb.go:3083.11,3084.24 1 0
back/proto/forum.pb.go:3085.11,3086.28 1 0
back/proto/forum.pb.go:3087.12,3088.15 1 0
back/proto/forum.pb.go:3091.3,3091.89 1 0
back/proto/forum.pb.go:3091.89,3092.42 1 0
back/proto/forum.pb.go:3093.11,3094.20 1 0
back/proto/forum.pb.go:3095.11,3096.24 1 0
back/proto/forum.pb.go:3097.11,3098.28 1 0
back/proto/forum.pb.go:3099.12,3100.15 1 0
back/proto/forum.pb.go:3103.3,3103.89 1 0
back/proto/forum.pb.go:3103.89,3104.30 1 0
back/proto/forum.pb.go:3105.11,3106.20 1 0
back/proto/forum.pb.go:3107.11,3108.24 1 0
back/proto/forum.pb.go:3109.11,3110.28 1 0
back/proto/forum.pb.go:3111.12,3112.15 1 0
back/proto/forum.pb.go:3115.3,3115.89 1 0
back/proto/forum.pb.go:3115.89,3116.42 1 0
back/proto/forum.pb.go:3117.11,3118.20 1 0
back/proto/forum.pb.go:3119.11,3120.24 1 0
back/proto/forum.pb.go:3121.11,3122.28 1 0
back/proto/forum.pb.go:3123.12,3124.15 1 0
back/proto/forum.pb.go:3127.3,3127.89 1 0
back/proto/forum.pb.go:3127.89,3128.43 1 0
back/proto/forum.pb.go:3129.11,3130.20 1 0
back/proto/forum.pb.go:3131.11,3132.24 1 0
back/proto/forum.pb.go:3133.11,3134.28 1 0
back/proto/forum.pb.go:3135.12,3136.15 1 0
back/proto/forum.pb.go:3140.2,3161.38 9 0
back/proto/forum_grpc.pb.go:40.74,42.2 1 0
back/proto/forum_grpc.pb.go:44.132,47.16 3 0
back/proto/forum_grpc.pb.go:47.16,49.3 1 0
back/proto/forum_grpc.pb.go:50.2,50.17 1 0
back/proto/forum_grpc.pb.go:53.137,56.16 3 0
back/proto/forum_grpc.pb.go:56.16,58.3 1 0
back/proto/forum_grpc.pb.go:59.2,59.17 1 0
back/proto/forum_grpc.pb.go:62.123,65.16 3 0
back/proto/forum_grpc.pb.go:65.16,67.3 1 0
back/proto/forum_grpc.pb.go:68.2,68.17 1 0
back/proto/forum_grpc.pb.go:71.144,74.16 3 0
back/proto/forum_grpc.pb.go:74.16,76.3 1 0
back/proto/forum_grpc.pb.go:77.2,77.17 1 0
back/proto/forum_grpc.pb.go:80.137,83.16 3 0
back/proto/forum_grpc.pb.go:83.16,85.3 1 0
back/proto/forum_grpc.pb.go:86.2,86.17 1 0
back/proto/forum_grpc.pb.go:89.126,92.16 3 0
back/proto/forum_grpc.pb.go:92.16,94.3 1 0
back/proto/forum_grpc.pb.go:95.2,95.17 1 0
back/proto/forum_grpc.pb.go:98.144,101.16 3 0
back/proto/forum_grpc.pb.go:101.16,103.3 1 0
back/proto/forum_grpc.pb.go:104.2,104.17 1 0
back/proto/forum_grpc.pb.go:127.110,129.2 1 0
back/proto/forum_grpc.pb.go:130.115,132.2 1 0
back/proto/forum_grpc.pb.go:133.101,135.2 1 0
back/proto/forum_grpc.pb.go:136.122,138.2 1 0
back/proto/forum_grpc.pb.go:139.115,141.2 1 0
back/proto/forum_grpc.pb.go:142.104,144.2 1 0
back/proto/forum_grpc.pb.go:145.122,147.2 1 0
back/proto/forum_grpc.pb.go:148.82,148.83 0 0
back/proto/forum_grpc.pb.go:157.80,159.2 1 0
back/proto/forum_grpc.pb.go:161.165,163.32 2 0
back/proto/forum_grpc.pb.go:163.32,165.3 1 0
back/proto/forum_grpc.pb.go:166.2,166.24 1 0
back/proto/forum_grpc.pb.go:166.24,168.3 1 0
back/proto/forum_grpc.pb.go:169.2,173.77 2 0
back/proto/forum_grpc.pb.go:173.77,175.3 1 0
back/proto/forum_grpc.pb.go:176.2,176.44 1 0
back/proto/forum_grpc.pb.go:179.168,181.32 2 0
back/proto/forum_grpc.pb.go:181.32,183.3 1 0
back/proto/forum_grpc.pb.go:184.2,184.24 1 0
back/proto/forum_grpc.pb.go:184.24,186.3 1 0
back/proto/forum_grpc.pb.go:187.2,191.77 2 0
back/proto/forum_grpc.pb.go:191.77,193.3 1 0
back/proto/forum_grpc.pb.go:194.2,194.44 1 0
back/proto/forum_grpc.pb.go:197.162,199.32 2 0
back/proto/forum_grpc.pb.go:199.32,201.3 1 0
back/proto/forum_grpc.pb.go:202.2,202.24 1 0
back/proto/forum_grpc.pb.go:202.24,204.3 1 0
back/proto/forum_grpc.pb.go:205.2,209.77 2 0
back/proto/forum_grpc.pb.go:209.77,211.3 1 0
back/proto/forum_grpc.pb.go:212.2,212.44 1 0
back/proto/forum_grpc.pb.go:215.169,217.32 2 0
back/proto/forum_grpc.pb.go:217.32,219.3 1 0
back/proto/forum_grpc.pb.go:220.2,220.24 1 0
back/proto/forum_grpc.pb.go:220.24,222.3 1 0
back/proto/forum_grpc.pb.go:223.2,227.77 2 0
back/proto/forum_grpc.pb.go:227.77,229.3 1 0
back/proto/forum_grpc.pb.go:230.2,230.44 1 0
back/proto/forum_grpc.pb.go:233.170,235.32 2 0
back/proto/forum_grpc.pb.go:235.32,237.3 1 0
back/proto/forum_grpc.pb.go:238.2,238.24 1 0
back/proto/forum_grpc.pb.go:238.24,240.3 1 0
back/proto/forum_grpc.pb.go:241.2,245.77 2 0
back/proto/forum_grpc.pb.go:245.77,247.3 1 0
back/proto/forum_grpc.pb.go:248.2,248.44 1 0
back/proto/forum_grpc.pb.go:251.163,253.32 2 0
back/proto/forum_grpc.pb.go:253.32,255.3 1 0
back/proto/forum_grpc.pb.go:256.2,256.24 1 0
back/proto/forum_grpc.pb.go:256.24,258.3 1 0
back/proto/forum_grpc.pb.go:259.2,263.77 2 0
back/proto/forum_grpc.pb.go:263.77,265.3 1 0
back/proto/forum_grpc.pb.go:266.2,266.44 1 0
back/proto/forum_grpc.pb.go:269.173,271.32 2 0
back/proto/forum_grpc.pb.go:271.32,273.3 1 0
back/proto/forum_grpc.pb.go:274.2,274.24 1 0
back/proto/forum_grpc.pb.go:274.24,276.3 1 0
back/proto/forum_grpc.pb.go:277.2,281.77 2 0
back/proto/forum_grpc.pb.go:281.77,283.3 1 0
back/proto/forum_grpc.pb.go:284.2,284.44 1 0
back/proto/forum_grpc.pb.go:355.76,357.2 1 0
back/proto/forum_grpc.pb.go:359.141,362.16 3 0
back/proto/forum_grpc.pb.go:362.16,364.3 1 0
back/proto/forum_grpc.pb.go:365.2,365.17 1 0
back/proto/forum_grpc.pb.go:368.147,371.16 3 0
back/proto/forum_grpc.pb.go:371.16,373.3 1 0
back/proto/forum_grpc.pb.go:374.2,374.17 1 0
back/proto/forum_grpc.pb.go:377.133,380.16 3 0
back/proto/forum_grpc.pb.go:380.16,382.3 1 0
back/proto/forum_grpc.pb.go:383.2,383.17 1 0
back/proto/forum_grpc.pb.go:386.127,389.16 3 0
back/proto/forum_grpc.pb.go:389.16,391.3 1 0
back/proto/forum_grpc.pb.go:392.2,392.17 1 0
back/proto/forum_grpc.pb.go:395.133,398.16 3 0
back/proto/forum_grpc.pb.go:398.16,400.3 1 0
back/proto/forum_grpc.pb.go:401.2,401.17 1 0
back/proto/forum_grpc.pb.go:404.133,407.16 3 0
back/proto/forum_grpc.pb.go:407.16,409.3 1 0
back/proto/forum_grpc.pb.go:410.2,410.17 1 0
back/proto/forum_grpc.pb.go:413.132,416.16 3 0
back/proto/forum_grpc.pb.go:416.16,418.3 1 0
back/proto/forum_grpc.pb.go:419.2,419.17 1 0
back/proto/forum_grpc.pb.go:422.142,425.16 3 0
back/proto/forum_grpc.pb.go:425.16,427.3 1 0
back/proto/forum_grpc.pb.go:428.2,428.17 1 0
back/proto/forum_grpc.pb.go:431.136,434.16 3 0
back/proto/forum_grpc.pb.go:434.16,436.3 1 0
back/proto/forum_grpc.pb.go:437.2,437.17 1 0
back/proto/forum_grpc.pb.go:440.141,443.16 3 0
back/proto/forum_grpc.pb.go:443.16,445.3 1 0
back/proto/forum_grpc.pb.go:446.2,446.17 1 0
back/proto/forum_grpc.pb.go:449.142,452.16 3 0
back/proto/forum_grpc.pb.go:452.16,454.3 1 0
back/proto/forum_grpc.pb.go:455.2,455.17 1 0
back/proto/forum_grpc.pb.go:458.139,461.16 3 0
back/proto/forum_grpc.pb.go:461.16,463.3 1 0
back/proto/forum_grpc.pb.go:464.2,464.17 1 0
back/proto/forum_grpc.pb.go:467.128,470.16 3 0
back/proto/forum_grpc.pb.go:470.16,472.3 1 0
back/proto/forum_grpc.pb.go:473.2,473.17 1 0
back/proto/forum_grpc.pb.go:476.142,479.16 3 0
back/proto/forum_grpc.pb.go:479.16,481.3 1 0
back/proto/forum_grpc.pb.go:482.2,482.17 1 0
back/proto/forum_grpc.pb.go:514.119,516.2 1 0
back/proto/forum_grpc.pb.go:517.125,519.2 1 0
back/proto/forum_grpc.pb.go:520.111,522.2 1 0
back/proto/forum_grpc.pb.go:523.105,525.2 1 0
back/proto/forum_grpc.pb.go:526.111,528.2 1 0
back/proto/forum_grpc.pb.go:529.111,531.2 1 0
back/proto/forum_grpc.pb.go:532.110,534.2 1 0
back/proto/forum_grpc.pb.go:535.120,537.2 1 0
back/proto/forum_grpc.pb.go:538.114,540.2 1 0
back/proto/forum_grpc.pb.go:541.119,543.2 1 0
back/proto/forum_grpc.pb.go:544.120,546.2 1 0
back/proto/forum_grpc.pb.go:547.117,549.2 1 0
back/proto/forum_grpc.pb.go:550.106,552.2 1 0
back/proto/forum_grpc.pb.go:553.120,555.2 1 0
back/proto/forum_grpc.pb.go:556.84,556.85 0 0
back/proto/forum_grpc.pb.go:565.82,567.2 1 0
back/proto/forum_grpc.pb.go:569.172,571.32 2 0
back/proto/forum_grpc.pb.go:571.32,573.3 1 0
back/proto/forum_grpc.pb.go:574.2,574.24 1 0
back/proto/forum_grpc.pb.go:574.24,576.3 1 0
back/proto/forum_grpc.pb.go:577.2,581.77 2 0
back/proto/forum_grpc.pb.go:581.77,583.3 1 0
back/proto/forum_grpc.pb.go:584.2,584.44 1 0
back/proto/forum_grpc.pb.go:587.175,589.32 2 0
back/proto/forum_grpc.pb.go:589.32,591.3 1 0
back/proto/forum_grpc.pb.go:592.2,592.24 1 0
back/proto/forum_grpc.pb.go:592.24,594.3 1 0
back/proto/forum_grpc.pb.go:595.2,599.77 2 0
back/proto/forum_grpc.pb.go:599.77,601.3 1 0
back/proto/forum_grpc.pb.go:602.2,602.44 1 0
back/proto/forum_grpc.pb.go:605.168,607.32 2 0
back/proto/forum_grpc.pb.go:607.32,609.3 1 0
back/proto/forum_grpc.pb.go:610.2,610.24 1 0
back/proto/forum_grpc.pb.go:610.24,612.3 1 0
back/proto/forum_grpc.pb.go:613.2,617.77 2 0
back/proto/forum_grpc.pb.go:617.77,619.3 1 0
back/proto/forum_grpc.pb.go:620.2,620.44 1 0
back/proto/forum_grpc.pb.go:623.165,625.32 2 0
back/proto/forum_grpc.pb.go:625.32,627.3 1 0
back/proto/forum_grpc.pb.go:628.2,628.24 1 0
back/proto/forum_grpc.pb.go:628.24,630.3 1 0
back/proto/forum_grpc.pb.go:631.2,635.77 2 0
back/proto/forum_grpc.pb.go:635.77,637.3 1 0
back/proto/forum_grpc.pb.go:638.2,638.44 1 0
back/proto/forum_grpc.pb.go:641.168,643.32 2 0
back/proto/forum_grpc.pb.go:643.32,645.3 1 0
back/proto/forum_grpc.pb.go:646.2,646.24 1 0
back/proto/forum_grpc.pb.go:646.24,648.3 1 0
back/proto/forum_grpc.pb.go:649.2,653.77 2 0
back/proto/forum_grpc.pb.go:653.77,655.3 1 0
back/proto/forum_grpc.pb.go:656.2,656.44 1 0
back/proto/forum_grpc.pb.go:659.168,661.32 2 0
back/proto/forum_grpc.pb.go:661.32,663.3 1 0
back/proto/forum_grpc.pb.go:664.2,664.24 1 0
back/proto/forum_grpc.pb.go:664.24,666.3 1 0
back/proto/forum_grpc.pb.go:667.2,671.77 2 0
back/proto/forum_grpc.pb.go:671.77,673.3 1 0
back/proto/forum_grpc.pb.go:674.2,674.44 1 0
back/proto/forum_grpc.pb.go:677.163,679.32 2 0
back/proto/forum_grpc.pb.go:679.32,681.3 1 0
back/proto/forum_grpc.pb.go:682.2,682.24 1 0
back/proto/forum_grpc.pb.go:682.24,684.3 1 0
back/proto/forum_grpc.pb.go:685.2,689.77 2 0
back/proto/forum_grpc.pb.go:689.77,691.3 1 0
back/proto/forum_grpc.pb.go:692.2,692.44 1 0
back/proto/forum_grpc.pb.go:695.171,697.32 2 0
back/proto/forum_grpc.pb.go:697.32,699.3 1 0
back/proto/forum_grpc.pb.go:700.2,700.24 1 0
back/proto/forum_grpc.pb.go:700.24,702.3 1 0
back/proto/forum_grpc.pb.go:703.2,707.77 2 0
back/proto/forum_grpc.pb.go:707.77,709.3 1 0
back/proto/forum_grpc.pb.go:710.2,710.44 1 0
back/proto/forum_grpc.pb.go:713.168,715.32 2 0
back/proto/forum_grpc.pb.go:715.32,717.3 1 0
back/proto/forum_grpc.pb.go:718.2,718.24 1 0
back/proto/forum_grpc.pb.go:718.24,720.3 1 0
back/proto/forum_grpc.pb.go:721.2,725.77 2 0
back/proto/forum_grpc.pb.go:725.77,727.3 1 0
back/proto/forum_grpc.pb.go:728.2,728.44 1 0
back/proto/forum_grpc.pb.go:731.166,733.32 2 0
back/proto/forum_grpc.pb.go:733.32,735.3 1 0
back/proto/forum_grpc.pb.go:736.2,736.24 1 0
back/proto/forum_grpc.pb.go:736.24,738.3 1 0
back/proto/forum_grpc.pb.go:739.2,743.77 2 0
back/proto/forum_grpc.pb.go:743.77,745.3 1 0
back/proto/forum_grpc.pb.go:746.2,746.44 1 0
back/proto/forum_grpc.pb.go:749.171,751.32 2 0
back/proto/forum_grpc.pb.go:751.32,753.3 1 0
back/proto/forum_grpc.pb.go:754.2,754.24 1 0
back/proto/forum_grpc.pb.go:754.24,756.3 1 0
back/proto/forum_grpc.pb.go:757.2,761.77 2 0
back/proto/forum_grpc.pb.go:761.77,763.3 1 0
back/proto/forum_grpc.pb.go:764.2,764.44 1 0
back/proto/forum_grpc.pb.go:767.171,769.32 2 0
back/proto/forum_grpc.pb.go:769.32,771.3 1 0
back/proto/forum_grpc.pb.go:772.2,772.24 1 0
back/proto/forum_grpc.pb.go:772.24,774.3 1 0
back/proto/forum_grpc.pb.go:775.2,779.77 2 0
back/proto/forum_grpc.pb.go:779.77,781.3 1 0
back/proto/forum_grpc.pb.go:782.2,782.44 1 0
back/proto/forum_grpc.pb.go:785.169,787.32 2 0
back/proto/forum_grpc.pb.go:787.32,789.3 1 0
back/proto/forum_grpc.pb.go:790.2,790.24 1 0
back/proto/forum_grpc.pb.go:790.24,792.3 1 0
back/proto/forum_grpc.pb.go:793.2,797.77 2 0
back/proto/forum_grpc.pb.go:797.77,799.3 1 0
back/proto/forum_grpc.pb.go:800.2,800.44 1 0
back/proto/forum_grpc.pb.go:803.169,805.32 2 0
back/proto/forum_grpc.pb.go:805.32,807.3 1 0
back/proto/forum_grpc.pb.go:808.2,808.24 1 0
back/proto/forum_grpc.pb.go:808.24,810.3 1 0
back/proto/forum_grpc.pb.go:811.2,815.77 2 0
back/proto/forum_grpc.pb.go:815.77,817.3 1 0
back/proto/forum_grpc.pb.go:818.2,818.44 1 0
back/forum_service/internal/service/cleanup.go:23.99,29.2 1 1
back/forum_service/internal/service/cleanup.go:31.66,33.12 2 1
back/forum_service/internal/service/cleanup.go:33.12,34.7 1 1
back/forum_service/internal/service/cleanup.go:34.7,35.11 1 1
back/forum_service/internal/service/cleanup.go:36.20,37.58 1 1
back/forum_service/internal/service/cleanup.go:37.58,40.6 1 0
back/forum_service/internal/service/cleanup.go:41.18,43.11 2 1
back/forum_service/internal/service/cleanup.go:49.33,51.2 1 1
back/forum_service/internal/service/cleanup.go:53.75,56.2 2 1
back/forum_service/internal/usecase/mocks/uc_mocks.go:34.85,38.2 3 1
back/forum_service/internal/usecase/mocks/uc_mocks.go:41.83,43.2 1 1
back/forum_service/internal/usecase/mocks/uc_mocks.go:46.99,51.2 4 1
back/forum_service/internal/usecase/mocks/uc_mocks.go:54.97,57.2 2 1
back/forum_service/internal/usecase/mocks/uc_mocks.go:60.102,66.2 5 0
back/forum_service/internal/usecase/mocks/uc_mocks.go:69.83,72.2 2 0
back/forum_service/internal/usecase/mocks/uc_mocks.go:75.102,80.2 4 0
back/forum_service/internal/usecase/mocks/uc_mocks.go:83.88,86.2 2 0
back/forum_service/internal/usecase/mocks/uc_mocks.go:101.91,105.2 3 0
back/forum_service/internal/usecase/mocks/uc_mocks.go:108.89,110.2 1 0
back/forum_service/internal/usecase/mocks/uc_mocks.go:113.107,118.2 4 0
back/forum_service/internal/usecase/mocks/uc_mocks.go:121.97,124.2 2 0
back/forum_service/internal/usecase/mocks/uc_mocks.go:127.90,132.2 4 0
back/forum_service/internal/usecase/mocks/uc_mocks.go:135.92,138.2 2 0
back/forum_service/internal/usecase/mocks/uc_mocks.go:141.115,147.2 5 0
back/forum_service/internal/usecase/mocks/uc_mocks.go:150.94,153.2 2 0
back/forum_service/internal/usecase/mocks/uc_mocks.go:156.115,162.2 5 0
back/forum_service/internal/usecase/mocks/uc_mocks.go:165.94,168.2 2 0
back/forum_service/internal/usecase/mocks/uc_mocks.go:171.112,177.2 5 0
back/forum_service/internal/usecase/mocks/uc_mocks.go:180.93,183.2 2 0
back/forum_service/internal/usecase/mocks/uc_mocks.go:186.107,191.2 4 0
back/forum_service/internal/usecase/mocks/uc_mocks.go:194.97,197.2 2 0
back/pkg/logger/interface.go:19.52,24.2 1 0
back/pkg/logger/stdlogger.go:18.28,26.2 1 1
back/pkg/logger/stdlogger.go:28.56,30.2 1 0
back/pkg/logger/stdlogger.go:32.55,34.2 1 0
back/pkg/logger/stdlogger.go:36.55,38.2 1 0
back/pkg/logger/stdlogger.go:40.56,42.2 1 0
back/pkg/logger/stdlogger.go:44.56,47.2 2 0
back/pkg/logger/stdlogger.go:50.52,51.25 1 0
back/pkg/logger/stdlogger.go:51.25,53.6 1 0
back/pkg/logger/stdlogger.go:55.5,56.30 2 0
back/pkg/logger/stdlogger.go:56.30,57.18 1 0
back/pkg/logger/stdlogger.go:57.18,59.10 1 0
back/pkg/logger/stdlogger.go:60.9,60.56 1 0
back/pkg/logger/stdlogger.go:62.5,63.18 2 0
back/proto/forum.pb.go:55.38,59.2 3 0
back/proto/forum.pb.go:61.36,63.2 1 0
back/proto/forum.pb.go:65.59,67.2 1 0
back/proto/forum.pb.go:69.47,71.2 1 0
back/proto/forum.pb.go:73.53,75.2 1 0
back/proto/forum.pb.go:78.51,80.2 1 0
back/proto/forum.pb.go:89.32,91.29 2 0
back/proto/forum.pb.go:91.29,95.3 3 0
back/proto/forum.pb.go:98.40,100.2 1 0
back/proto/forum.pb.go:102.38,102.39 0 0
back/proto/forum.pb.go:104.60,106.41 2 0
back/proto/forum.pb.go:106.41,108.34 2 0
back/proto/forum.pb.go:108.34,110.4 1 0
back/proto/forum.pb.go:111.3,111.12 1 0
back/proto/forum.pb.go:113.2,113.24 1 0
back/proto/forum.pb.go:117.51,119.2 1 0
back/proto/forum.pb.go:130.35,132.29 2 0
back/proto/forum.pb.go:132.29,136.3 3 0
back/proto/forum.pb.go:139.43,141.2 1 0
back/proto/forum.pb.go:143.41,143.42 0 0
back/proto/forum.pb.go:145.63,147.41 2 0
back/proto/forum.pb.go:147.41,149.34 2 0
back/proto/forum.pb.go:149.34,151.4 1 0
back/proto/forum.pb.go:152.3,152.12 1 0
back/proto/forum.pb.go:154.2,154.24 1 0
back/proto/forum.pb.go:158.54,160.2 1 0
back/proto/forum.pb.go:162.48,163.14 1 0
back/proto/forum.pb.go:163.14,165.3 1 0
back/proto/forum.pb.go:166.2,166.11 1 0
back/proto/forum.pb.go:169.48,170.14 1 0
back/proto/forum.pb.go:170.14,172.3 1 0
back/proto/forum.pb.go:173.2,173.11 1 0
back/proto/forum.pb.go:186.36,188.29 2 0
back/proto/forum.pb.go:188.29,192.3 3 0
back/proto/forum.pb.go:195.44,197.2 1 0
back/proto/forum.pb.go:199.42,199.43 0 0
back/proto/forum.pb.go:201.64,203.41 2 0
back/proto/forum.pb.go:203.41,205.34 2 0
back/proto/forum.pb.go:205.34,207.4 1 0
back/proto/forum.pb.go:208.3,208.12 1 0
back/proto/forum.pb.go:210.2,210.24 1 0
back/proto/forum.pb.go:214.55,216.2 1 0
back/proto/forum.pb.go:218.52,219.14 1 0
back/proto/forum.pb.go:219.14,221.3 1 0
back/proto/forum.pb.go:222.2,222.11 1 0
back/proto/forum.pb.go:225.53,226.14 1 0
back/proto/forum.pb.go:226.14,228.3 1 0
back/proto/forum.pb.go:229.2,229.11 1 0
back/proto/forum.pb.go:232.49,233.14 1 0
back/proto/forum.pb.go:233.14,235.3 1 0
back/proto/forum.pb.go:236.2,236.10 1 0
back/proto/forum.pb.go:248.32,250.29 2 0
back/proto/forum.pb.go:250.29,254.3 3 0
back/proto/forum.pb.go:257.40,259.2 1 0
back/proto/forum.pb.go:261.38,261.39 0 0
back/proto/forum.pb.go:263.60,265.41 2 0
back/proto/forum.pb.go:265.41,267.34 2 0
back/proto/forum.pb.go:267.34,269.4 1 0
back/proto/forum.pb.go:270.3,270.12 1 0
back/proto/forum.pb.go:272.2,272.24 1 0
back/proto/forum.pb.go:276.51,278.2 1 0
back/proto/forum.pb.go:280.45,281.14 1 0
back/proto/forum.pb.go:281.14,283.3 1 0
back/proto/forum.pb.go:284.2,284.11 1 0
back/proto/forum.pb.go:287.45,288.14 1 0
back/proto/forum.pb.go:288.14,290.3 1 0
back/proto/forum.pb.go:291.2,291.11 1 0
back/proto/forum.pb.go:305.33,307.29 2 0
back/proto/forum.pb.go:307.29,311.3 3 0
back/proto/forum.pb.go:314.41,316.2 1 0
back/proto/forum.pb.go:318.39,318.40 0 0
back/proto/forum.pb.go:320.61,322.41 2 0
back/proto/forum.pb.go:322.41,324.34 2 0
back/proto/forum.pb.go:324.34,326.4 1 0
back/proto/forum.pb.go:327.3,327.12 1 0
back/proto/forum.pb.go:329.2,329.24 1 0
back/proto/forum.pb.go:333.52,335.2 1 0
back/proto/forum.pb.go:337.49,338.14 1 0
back/proto/forum.pb.go:338.14,340.3 1 0
back/proto/forum.pb.go:341.2,341.11 1 0
back/proto/forum.pb.go:344.50,345.14 1 0
back/proto/forum.pb.go:345.14,347.3 1 0
back/proto/forum.pb.go:348.2,348.11 1 0
back/proto/forum.pb.go:351.46,352.14 1 0
back/proto/forum.pb.go:352.14,354.3 1 0
back/proto/forum.pb.go:355.2,355.10 1 0
back/proto/forum.pb.go:358.56,359.14 1 0
back/proto/forum.pb.go:359.14,361.3 1 0
back/proto/forum.pb.go:362.2,362.12 1 0
back/proto/forum.pb.go:373.39,375.29 2 0
back/proto/forum.pb.go:375.29,379.3 3 0
back/proto/forum.pb.go:382.47,384.2 1 0
back/proto/forum.pb.go:386.45,386.46 0 0
back/proto/forum.pb.go:388.67,390.41 2 0
back/proto/forum.pb.go:390.41,392.34 2 0
back/proto/forum.pb.go:392.34,394.4 1 0
back/proto/forum.pb.go:395.3,395.12 1 0
back/proto/forum.pb.go:397.2,397.24 1 0
back/proto/forum.pb.go:401.58,403.2 1 0
back/proto/forum.pb.go:405.56,406.14 1 0
back/proto/forum.pb.go:406.14,408.3 1 0
back/proto/forum.pb.go:409.2,409.11 1 0
back/proto/forum.pb.go:421.40,423.29 2 0
back/proto/forum.pb.go:423.29,427.3 3 0
back/proto/forum.pb.go:430.48,432.2 1 0
back/proto/forum.pb.go:434.46,434.47 0 0
back/proto/forum.pb.go:436.68,438.41 2 0
back/proto/forum.pb.go:438.41,440.34 2 0
back/proto/forum.pb.go:440.34,442.4 1 0
back/proto/forum.pb.go:443.3,443.12 1 0
back/proto/forum.pb.go:445.2,445.24 1 0
back/proto/forum.pb.go:449.59,451.2 1 0
back/proto/forum.pb.go:453.56,454.14 1 0
back/proto/forum.pb.go:454.14,456.3 1 0
back/proto/forum.pb.go:457.2,457.11 1 0
back/proto/forum.pb.go:460.57,461.14 1 0
back/proto/forum.pb.go:461.14,463.3 1 0
back/proto/forum.pb.go:464.2,464.11 1 0
back/proto/forum.pb.go:475.35,477.29 2 0
back/proto/forum.pb.go:477.29,481.3 3 0
back/proto/forum.pb.go:484.43,486.2 1 0
back/proto/forum.pb.go:488.41,488.42 0 0
back/proto/forum.pb.go:490.63,492.41 2 0
back/proto/forum.pb.go:492.41,494.34 2 0
back/proto/forum.pb.go:494.34,496.4 1 0
back/proto/forum.pb.go:497.3,497.12 1 0
back/proto/forum.pb.go:499.2,499.24 1 0
back/proto/forum.pb.go:503.54,505.2 1 0
back/proto/forum.pb.go:507.51,508.14 1 0
back/proto/forum.pb.go:508.14,510.3 1 0
back/proto/forum.pb.go:511.2,511.11 1 0
back/proto/forum.pb.go:525.36,527.29 2 0
back/proto/forum.pb.go:527.29,531.3 3 0
back/proto/forum.pb.go:534.44,536.2 1 0
back/proto/forum.pb.go:538.42,538.43 0 0
back/proto/forum.pb.go:540.64,542.41 2 0
back/proto/forum.pb.go:542.41,544.34 2 0
back/proto/forum.pb.go:544.34,546.4 1 0
back/proto/forum.pb.go:547.3,547.12 1 0
back/proto/forum.pb.go:549.2,549.24 1 0
back/proto/forum.pb.go:553.55,555.2 1 0
back/proto/forum.pb.go:557.46,558.14 1 0
back/proto/forum.pb.go:558.14,560.3 1 0
back/proto/forum.pb.go:561.2,561.14 1 0
back/proto/forum.pb.go:564.46,565.14 1 0
back/proto/forum.pb.go:565.14,567.3 1 0
back/proto/forum.pb.go:568.2,568.10 1 0
back/proto/forum.pb.go:571.49,572.14 1 0
back/proto/forum.pb.go:572.14,574.3 1 0
back/proto/forum.pb.go:575.2,575.11 1 0
back/proto/forum.pb.go:578.46,579.14 1 0
back/proto/forum.pb.go:579.14,581.3 1 0
back/proto/forum.pb.go:582.2,582.14 1 0
back/proto/forum.pb.go:593.33,595.29 2 0
back/proto/forum.pb.go:595.29,599.3 3 0
back/proto/forum.pb.go:602.41,604.2 1 0
back/proto/forum.pb.go:606.39,606.40 0 0
back/proto/forum.pb.go:608.61,610.41 2 0
back/proto/forum.pb.go:610.41,612.34 2 0
back/proto/forum.pb.go:612.34,614.4 1 0
back/proto/forum.pb.go:615.3,615.12 1 0
back/proto/forum.pb.go:617.2,617.24 1 0
back/proto/forum.pb.go:621.52,623.2 1 0
back/proto/forum.pb.go:625.49,626.14 1 0
back/proto/forum.pb.go:626.14,628.3 1 0
back/proto/forum.pb.go:629.2,629.11 1 0
back/proto/forum.pb.go:640.34,642.29 2 0
back/proto/forum.pb.go:642.29,646.3 3 0
back/proto/forum.pb.go:649.42,651.2 1 0
back/proto/forum.pb.go:653.40,653.41 0 0
back/proto/forum.pb.go:655.62,657.41 2 0
back/proto/forum.pb.go:657.41,659.34 2 0
back/proto/forum.pb.go:659.34,661.4 1 0
back/proto/forum.pb.go:662.3,662.12 1 0
back/proto/forum.pb.go:664.2,664.24 1 0
back/proto/forum.pb.go:668.53,670.2 1 0
back/proto/forum.pb.go:672.44,673.14 1 0
back/proto/forum.pb.go:673.14,675.3 1 0
back/proto/forum.pb.go:676.2,676.14 1 0
back/proto/forum.pb.go:694.24,696.29 2 0
back/proto/forum.pb.go:696.29,700.3 3 0
back/proto/forum.pb.go:703.32,705.2 1 0
back/proto/forum.pb.go:707.30,707.31 0 0
back/proto/forum.pb.go:709.52,711.41 2 0
back/proto/forum.pb.go:711.41,713.34 2 0
back/proto/forum.pb.go:713.34,715.4 1 0
back/proto/forum.pb.go:716.3,716.12 1 0
back/proto/forum.pb.go:718.2,718.24 1 0
back/proto/forum.pb.go:722.43,724.2 1 0
back/proto/forum.pb.go:726.30,727.14 1 0
back/proto/forum.pb.go:727.14,729.3 1 0
back/proto/forum.pb.go:730.2,730.10 1 0
back/proto/forum.pb.go:733.34,734.14 1 0
back/proto/forum.pb.go:734.14,736.3 1 0
back/proto/forum.pb.go:737.2,737.11 1 0
back/proto/forum.pb.go:740.36,741.14 1 0
back/proto/forum.pb.go:741.14,743.3 1 0
back/proto/forum.pb.go:744.2,744.11 1 0
back/proto/forum.pb.go:747.36,748.14 1 0
back/proto/forum.pb.go:748.14,750.3 1 0
back/proto/forum.pb.go:751.2,751.10 1 0
back/proto/forum.pb.go:754.43,755.14 1 0
back/proto/forum.pb.go:755.14,757.3 1 0
back/proto/forum.pb.go:758.2,758.11 1 0
back/proto/forum.pb.go:761.37,762.14 1 0
back/proto/forum.pb.go:762.14,764.3 1 0
back/proto/forum.pb.go:765.2,765.10 1 0
back/proto/forum.pb.go:768.40,769.14 1 0
back/proto/forum.pb.go:769.14,771.3 1 0
back/proto/forum.pb.go:772.2,772.10 1 0
back/proto/forum.pb.go:783.32,785.29 2 0
back/proto/forum.pb.go:785.29,789.3 3 0
back/proto/forum.pb.go:792.40,794.2 1 0
back/proto/forum.pb.go:796.38,796.39 0 0
back/proto/forum.pb.go:798.60,800.41 2 0
back/proto/forum.pb.go:800.41,802.34 2 0
back/proto/forum.pb.go:802.34,804.4 1 0
back/proto/forum.pb.go:805.3,805.12 1 0
back/proto/forum.pb.go:807.2,807.24 1 0
[...]
back/proto/forum_grpc.pb.go:410.2,410.17 1 0
back/proto/forum_grpc.pb.go:413.132,416.16 3 0
back/proto/forum_grpc.pb.go:416.16,418.3 1 0
back/proto/forum_grpc.pb.go:419.2,419.17 1 0
back/proto/forum_grpc.pb.go:422.142,425.16 3 0
back/proto/forum_grpc.pb.go:425.16,427.3 1 0
back/proto/forum_grpc.pb.go:428.2,428.17 1 0
back/proto/forum_grpc.pb.go:431.136,434.16 3 0
back/proto/forum_grpc.pb.go:434.16,436.3 1 0
back/proto/forum_grpc.pb.go:437.2,437.17 1 0
back/proto/forum_grpc.pb.go:440.141,443.16 3 0
back/proto/forum_grpc.pb.go:443.16,445.3 1 0
back/proto/forum_grpc.pb.go:446.2,446.17 1 0
back/proto/forum_grpc.pb.go:449.142,452.16 3 0
back/proto/forum_grpc.pb.go:452.16,454.3 1 0
back/proto/forum_grpc.pb.go:455.2,455.17 1 0
back/proto/forum_grpc.pb.go:458.139,461.16 3 0
back/proto/forum_grpc.pb.go:461.16,463.3 1 0
back/proto/forum_grpc.pb.go:464.2,464.17 1 0
back/proto/forum_grpc.pb.go:467.128,470.16 3 0
back/proto/forum_grpc.pb.go:470.16,472.3 1 0
back/proto/forum_grpc.pb.go:473.2,473.17 1 0
back/proto/forum_grpc.pb.go:476.142,479.16 3 0
back/proto/forum_grpc.pb.go:479.16,481.3 1 0
back/proto/forum_grpc.pb.go:482.2,482.17 1 0
back/proto/forum_grpc.pb.go:514.119,516.2 1 0
back/proto/forum_grpc.pb.go:517.125,519.2 1 0
back/proto/forum_grpc.pb.go:520.111,522.2 1 0
back/proto/forum_grpc.pb.go:523.105,525.2 1 0
back/proto/forum_grpc.pb.go:526.111,528.2 1 0
back/proto/forum_grpc.pb.go:529.111,531.2 1 0
back/proto/forum_grpc.pb.go:532.110,534.2 1 0
back/proto/forum_grpc.pb.go:535.120,537.2 1 0
back/proto/forum_grpc.pb.go:538.114,540.2 1 0
back/proto/forum_grpc.pb.go:541.119,543.2 1 0
back/proto/forum_grpc.pb.go:544.120,546.2 1 0
back/proto/forum_grpc.pb.go:547.117,549.2 1 0
back/proto/forum_grpc.pb.go:550.106,552.2 1 0
back/proto/forum_grpc.pb.go:553.120,555.2 1 0
back/proto/forum_grpc.pb.go:556.84,556.85 0 0
back/proto/forum_grpc.pb.go:565.82,567.2 1 0
back/proto/forum_grpc.pb.go:569.172,571.32 2 0
back/proto/forum_grpc.pb.go:571.32,573.3 1 0
back/proto/forum_grpc.pb.go:574.2,574.24 1 0
back/proto/forum_grpc.pb.go:574.24,576.3 1 0
back/proto/forum_grpc.pb.go:577.2,581.77 2 0
back/proto/forum_grpc.pb.go:581.77,583.3 1 0
back/proto/forum_grpc.pb.go:584.2,584.44 1 0
back/proto/forum_grpc.pb.go:587.175,589.32 2 0
back/proto/forum_grpc.pb.go:589.32,591.3 1 0
back/proto/forum_grpc.pb.go:592.2,592.24 1 0
back/proto/forum_grpc.pb.go:592.24,594.3 1 0
back/proto/forum_grpc.pb.go:595.2,599.77 2 0
back/proto/forum_grpc.pb.go:599.77,601.3 1 0
back/proto/forum_grpc.pb.go:602.2,602.44 1 0
back/proto/forum_grpc.pb.go:605.168,607.32 2 0
back/proto/forum_grpc.pb.go:607.32,609.3 1 0
back/proto/forum_grpc.pb.go:610.2,610.24 1 0
back/proto/forum_grpc.pb.go:610.24,612.3 1 0
back/proto/forum_grpc.pb.go:613.2,617.77 2 0
back/proto/forum_grpc.pb.go:617.77,619.3 1 0
back/proto/forum_grpc.pb.go:620.2,620.44 1 0
back/proto/forum_grpc.pb.go:623.165,625.32 2 0
back/proto/forum_grpc.pb.go:625.32,627.3 1 0
back/proto/forum_grpc.pb.go:628.2,628.24 1 0
back/proto/forum_grpc.pb.go:628.24,630.3 1 0
back/proto/forum_grpc.pb.go:631.2,635.77 2 0
back/proto/forum_grpc.pb.go:635.77,637.3 1 0
back/proto/forum_grpc.pb.go:638.2,638.44 1 0
back/proto/forum_grpc.pb.go:641.168,643.32 2 0
back/proto/forum_grpc.pb.go:643.32,645.3 1 0
back/proto/forum_grpc.pb.go:646.2,646.24 1 0
back/proto/forum_grpc.pb.go:646.24,648.3 1 0
back/proto/forum_grpc.pb.go:649.2,653.77 2 0
back/proto/forum_grpc.pb.go:653.77,655.3 1 0
back/proto/forum_grpc.pb.go:656.2,656.44 1 0
back/proto/forum_grpc.pb.go:659.168,661.32 2 0
back/proto/forum_grpc.pb.go:661.32,663.3 1 0
back/proto/forum_grpc.pb.go:664.2,664.24 1 0
back/proto/forum_grpc.pb.go:664.24,666.3 1 0
back/proto/forum_grpc.pb.go:667.2,671.77 2 0
back/proto/forum_grpc.pb.go:671.77,673.3 1 0
back/proto/forum_grpc.pb.go:674.2,674.44 1 0
back/proto/forum_grpc.pb.go:677.163,679.32 2 0
back/proto/forum_grpc.pb.go:679.32,681.3 1 0
back/proto/forum_grpc.pb.go:682.2,682.24 1 0
back/proto/forum_grpc.pb.go:682.24,684.3 1 0
back/proto/forum_grpc.pb.go:685.2,689.77 2 0
back/proto/forum_grpc.pb.go:689.77,691.3 1 0
back/proto/forum_grpc.pb.go:692.2,692.44 1 0
back/proto/forum_grpc.pb.go:695.171,697.32 2 0
back/proto/forum_grpc.pb.go:697.32,699.3 1 0
back/proto/forum_grpc.pb.go:700.2,700.24 1 0
back/proto/forum_grpc.pb.go:700.24,702.3 1 0
back/proto/forum_grpc.pb.go:703.2,707.77 2 0
back/proto/forum_grpc.pb.go:707.77,709.3 1 0
back/proto/forum_grpc.pb.go:710.2,710.44 1 0
back/proto/forum_grpc.pb.go:713.168,715.32 2 0
back/proto/forum_grpc.pb.go:715.32,717.3 1 0
back/proto/forum_grpc.pb.go:718.2,718.24 1 0
back/proto/forum_grpc.pb.go:718.24,720.3 1 0
back/proto/forum_grpc.pb.go:721.2,725.77 2 0
back/proto/forum_grpc.pb.go:725.77,727.3 1 0
back/proto/forum_grpc.pb.go:728.2,728.44 1 0
back/proto/forum_grpc.pb.go:731.166,733.32 2 0
back/proto/forum_grpc.pb.go:733.32,735.3 1 0
back/proto/forum_grpc.pb.go:736.2,736.24 1 0
back/proto/forum_grpc.pb.go:736.24,738.3 1 0
back/proto/forum_grpc.pb.go:739.2,743.77 2 0
back/proto/forum_grpc.pb.go:743.77,745.3 1 0
back/proto/forum_grpc.pb.go:746.2,746.44 1 0
back/proto/forum_grpc.pb.go:749.171,751.32 2 0
back/proto/forum_grpc.pb.go:751.32,753.3 1 0
back/proto/forum_grpc.pb.go:754.2,754.24 1 0
back/proto/forum_grpc.pb.go:754.24,756.3 1 0
back/proto/forum_grpc.pb.go:757.2,761.77 2 0
back/proto/forum_grpc.pb.go:761.77,763.3 1 0
back/proto/forum_grpc.pb.go:764.2,764.44 1 0
back/proto/forum_grpc.pb.go:767.171,769.32 2 0
back/proto/forum_grpc.pb.go:769.32,771.3 1 0
back/proto/forum_grpc.pb.go:772.2,772.24 1 0
back/proto/forum_grpc.pb.go:772.24,774.3 1 0
back/proto/forum_grpc.pb.go:775.2,779.77 2 0
back/proto/forum_grpc.pb.go:779.77,781.3 1 0
back/proto/forum_grpc.pb.go:782.2,782.44 1 0
back/proto/forum_grpc.pb.go:785.169,787.32 2 0
back/proto/forum_grpc.pb.go:787.32,789.3 1 0
back/proto/forum_grpc.pb.go:790.2,790.24 1 0
back/proto/forum_grpc.pb.go:790.24,792.3 1 0
back/proto/forum_grpc.pb.go:793.2,797.77 2 0
back/proto/forum_grpc.pb.go:797.77,799.3 1 0
back/proto/forum_grpc.pb.go:800.2,800.44 1 0
back/proto/forum_grpc.pb.go:803.169,805.32 2 0
back/proto/forum_grpc.pb.go:805.32,807.3 1 0
back/proto/forum_grpc.pb.go:808.2,808.24 1 0
back/proto/forum_grpc.pb.go:808.24,810.3 1 0
back/proto/forum_grpc.pb.go:811.2,815.77 2 0
back/proto/forum_grpc.pb.go:815.77,817.3 1 0
back/proto/forum_grpc.pb.go:818.2,818.44 1 0
back/forum_service/internal/repository/forum.go:52.70,54.2 1 1
back/forum_service/internal/repository/forum.go:56.76,58.2 1 1
back/forum_service/internal/repository/forum.go:60.70,62.2 1 1
back/forum_service/internal/repository/forum.go:66.73,73.2 2 1
back/forum_service/internal/repository/forum.go:75.81,86.16 4 1
back/forum_service/internal/repository/forum.go:86.16,88.3 1 0
back/forum_service/internal/repository/forum.go:89.2,89.18 1 1
back/forum_service/internal/repository/forum.go:92.73,96.2 3 1
back/forum_service/internal/repository/forum.go:98.62,102.2 3 1
back/forum_service/internal/repository/forum.go:104.67,111.16 3 1
back/forum_service/internal/repository/forum.go:111.16,113.3 1 0
back/forum_service/internal/repository/forum.go:114.2,117.18 3 1
back/forum_service/internal/repository/forum.go:117.18,123.17 3 1
back/forum_service/internal/repository/forum.go:123.17,125.4 1 0
back/forum_service/internal/repository/forum.go:126.3,126.30 1 1
back/forum_service/internal/repository/forum.go:128.2,128.19 1 1
back/forum_service/internal/repository/forum.go:133.83,137.2 3 1
back/forum_service/internal/repository/forum.go:139.77,143.16 3 1
back/forum_service/internal/repository/forum.go:143.16,146.3 2 0
back/forum_service/internal/repository/forum.go:148.2,153.12 3 1
back/forum_service/internal/repository/forum.go:156.80,164.16 3 1
back/forum_service/internal/repository/forum.go:164.16,166.3 1 0
back/forum_service/internal/repository/forum.go:167.2,170.18 3 1
back/forum_service/internal/repository/forum.go:170.18,173.17 3 1
back/forum_service/internal/repository/forum.go:173.17,175.4 1 0
back/forum_service/internal/repository/forum.go:176.3,176.35 1 1
back/forum_service/internal/repository/forum.go:178.2,178.22 1 1
back/forum_service/internal/repository/forum.go:183.82,202.2 5 1
back/forum_service/internal/repository/forum.go:204.87,221.16 5 1
back/forum_service/internal/repository/forum.go:221.16,222.36 1 0
back/forum_service/internal/repository/forum.go:222.36,224.4 1 0
back/forum_service/internal/repository/forum.go:225.3,225.18 1 0
back/forum_service/internal/repository/forum.go:228.2,228.22 1 1
back/forum_service/internal/repository/forum.go:231.90,239.16 3 1
back/forum_service/internal/repository/forum.go:239.16,241.3 1 0
back/forum_service/internal/repository/forum.go:242.2,245.18 3 1
back/forum_service/internal/repository/forum.go:245.18,254.17 2 1
back/forum_service/internal/repository/forum.go:254.17,256.4 1 0
back/forum_service/internal/repository/forum.go:257.3,257.40 1 1
back/forum_service/internal/repository/forum.go:260.2,260.22 1 1
back/forum_service/internal/repository/forum.go:263.90,271.16 3 1
back/forum_service/internal/repository/forum.go:271.16,273.3 1 0
back/forum_service/internal/repository/forum.go:274.2,277.18 3 1
back/forum_service/internal/repository/forum.go:277.18,286.17 2 1
back/forum_service/internal/repository/forum.go:286.17,288.4 1 0
back/forum_service/internal/repository/forum.go:289.3,289.40 1 1
back/forum_service/internal/repository/forum.go:292.2,292.22 1 1
back/forum_service/internal/repository/forum.go:295.82,305.16 5 1
back/forum_service/internal/repository/forum.go:305.16,307.3 1 0
back/forum_service/internal/repository/forum.go:309.2,310.16 2 1
back/forum_service/internal/repository/forum.go:310.16,312.3 1 0
back/forum_service/internal/repository/forum.go:313.2,313.19 1 1
back/forum_service/internal/repository/forum.go:313.19,315.3 1 0
back/forum_service/internal/repository/forum.go:317.2,317.12 1 1
back/forum_service/internal/repository/forum.go:320.65,323.16 3 1
back/forum_service/internal/repository/forum.go:323.16,325.3 1 0
back/forum_service/internal/repository/forum.go:327.2,328.16 2 1
back/forum_service/internal/repository/forum.go:328.16,330.3 1 0
back/forum_service/internal/repository/forum.go:331.2,331.19 1 1
back/forum_service/internal/repository/forum.go:331.19,333.3 1 0
back/forum_service/internal/repository/forum.go:335.2,335.12 1 1
back/pkg/logger/interface.go:19.52,24.2 1 1
back/pkg/logger/stdlogger.go:18.28,26.2 1 1
back/pkg/logger/stdlogger.go:28.56,30.2 1 0
back/pkg/logger/stdlogger.go:32.55,34.2 1 1
back/pkg/logger/stdlogger.go:36.55,38.2 1 0
back/pkg/logger/stdlogger.go:40.56,42.2 1 0
back/pkg/logger/stdlogger.go:44.56,47.2 2 0
back/pkg/logger/stdlogger.go:50.52,51.25 1 1
back/pkg/logger/stdlogger.go:51.25,53.6 1 0
back/pkg/logger/stdlogger.go:55.5,56.30 2 1
back/pkg/logger/stdlogger.go:56.30,57.18 1 1
back/pkg/logger/stdlogger.go:57.18,59.10 1 1
back/pkg/logger/stdlogger.go:60.9,60.56 1 1
back/pkg/logger/stdlogger.go:62.5,63.18 2 1
back/auth_service/internal/entities/token.go:21.41,23.2 1 0
back/auth_service/internal/entities/token.go:25.39,27.2 1 0
back/auth_service/internal/entities/token.go:49.42,51.2 1 0
back/auth_service/internal/entities/token.go:53.40,55.2 1 0
back/auth_service/internal/entities/user.go:25.35,26.14 1 0
back/auth_service/internal/entities/user.go:26.14,28.3 1 0
back/auth_service/internal/entities/user.go:29.2,34.3 1 0
back/auth_service/internal/entities/user.go:38.33,39.22 1 0
back/auth_service/internal/entities/user.go:39.22,41.3 1 0
back/auth_service/internal/entities/user.go:42.2,42.49 1 0
back/auth_service/internal/entities/user.go:42.49,44.3 1 0
back/auth_service/internal/entities/user.go:45.2,45.30 1 0
back/auth_service/internal/entities/user.go:45.30,47.3 1 0
back/auth_service/internal/entities/user.go:48.2,48.12 1 0
back/auth_service/internal/entities/user.go:52.31,56.2 3 0
back/auth_service/internal/repository/auth.go:43.75,57.16 4 0
back/auth_service/internal/repository/auth.go:57.16,63.3 2 0
back/auth_service/internal/repository/auth.go:65.2,65.12 1 0
back/auth_service/internal/repository/auth.go:68.83,77.26 4 0
back/auth_service/internal/repository/auth.go:77.26,79.3 1 0
back/auth_service/internal/repository/auth.go:80.2,80.18 1 0
back/auth_service/internal/repository/auth.go:83.96,92.26 4 0
back/auth_service/internal/repository/auth.go:92.26,94.3 1 0
back/auth_service/internal/repository/auth.go:95.2,95.18 1 0
back/auth_service/internal/repository/auth.go:98.88,107.16 4 0
back/auth_service/internal/repository/auth.go:107.16,113.3 2 0
back/auth_service/internal/repository/auth.go:115.2,116.16 2 0
back/auth_service/internal/repository/auth.go:116.16,118.3 1 0
back/auth_service/internal/repository/auth.go:120.2,120.23 1 0
back/auth_service/internal/repository/auth.go:120.23,122.3 1 0
back/auth_service/internal/repository/auth.go:124.2,124.12 1 0
back/auth_service/internal/repository/auth.go:127.64,130.16 3 0
back/auth_service/internal/repository/auth.go:130.16,132.3 1 0
back/auth_service/internal/repository/auth.go:133.2,133.12 1 0
back/auth_service/internal/repository/auth.go:136.77,140.26 4 0
back/auth_service/internal/repository/auth.go:140.26,142.3 1 0
back/auth_service/internal/repository/auth.go:143.2,143.21 1 0
back/auth_service/internal/repository/auth.go:146.73,151.2 1 0
back/auth_service/internal/repository/auth.go:153.75,158.2 1 0
back/auth_service/internal/repository/auth.go:160.85,168.2 3 0
back/auth_service/internal/repository/auth.go:170.99,185.26 5 0
back/auth_service/internal/repository/auth.go:185.26,187.3 1 0
back/auth_service/internal/repository/auth.go:189.2,189.16 1 0
back/auth_service/internal/repository/auth.go:189.16,195.3 2 0
back/auth_service/internal/repository/auth.go:197.2,197.16 1 0
back/auth_service/internal/repository/auth.go:200.69,203.16 3 0
back/auth_service/internal/repository/auth.go:203.16,208.3 1 0
back/auth_service/internal/repository/auth.go:209.2,209.12 1 0
back/auth_service/internal/repository/auth.go:212.62,216.2 3 0
back/auth_service/internal/repository/auth.go:218.82,221.16 3 0
back/auth_service/internal/repository/auth.go:221.16,227.3 2 0
back/auth_service/internal/repository/auth.go:228.2,228.12 1 0
back/auth_service/internal/service/token_service.go:29.113,36.2 1 0
back/auth_service/internal/service/token_service.go:38.116,46.16 3 0
back/auth_service/internal/service/token_service.go:46.16,52.3 2 0
back/auth_service/internal/service/token_service.go:55.2,56.16 2 0
back/auth_service/internal/service/token_service.go:56.16,62.3 2 0
back/auth_service/internal/service/token_service.go:64.2,70.8 2 0
back/auth_service/internal/service/token_service.go:73.89,74.23 1 0
back/auth_service/internal/service/token_service.go:74.23,76.3 1 0
back/auth_service/internal/service/token_service.go:78.2,78.83 1 0
back/auth_service/internal/service/token_service.go:78.83,79.58 1 0
back/auth_service/internal/service/token_service.go:79.58,81.4 1 0
back/auth_service/internal/service/token_service.go:82.3,82.34 1 0
back/auth_service/internal/service/token_service.go:85.2,85.16 1 0
back/auth_service/internal/service/token_service.go:85.16,86.47 1 0
back/auth_service/internal/service/token_service.go:86.47,87.49 1 0
back/auth_service/internal/service/token_service.go:87.49,89.5 1 0
back/auth_service/internal/service/token_service.go:91.3,91.59 1 0
back/auth_service/internal/service/token_service.go:94.2,95.25 2 0
back/auth_service/internal/service/token_service.go:95.25,97.3 1 0
back/auth_service/internal/service/token_service.go:99.2,100.9 2 0
back/auth_service/internal/service/token_service.go:100.9,102.3 1 0
back/auth_service/internal/service/token_service.go:104.2,105.9 2 0
back/auth_service/internal/service/token_service.go:105.9,107.3 1 0
back/auth_service/internal/service/token_service.go:109.2,110.9 2 0
back/auth_service/internal/service/token_service.go:110.9,112.3 1 0
back/auth_service/internal/service/token_service.go:114.2,115.9 2 0
back/auth_service/internal/service/token_service.go:115.9,117.3 1 0
back/auth_service/internal/service/token_service.go:119.2,125.8 1 0
back/auth_service/internal/service/token_service.go:128.143,142.16 5 0
back/auth_service/internal/service/token_service.go:142.16,144.3 1 0
back/auth_service/internal/service/token_service.go:146.2,146.25 1 0
back/auth_service/internal/usecase/auth.go:33.174,41.2 1 1
back/auth_service/internal/usecase/auth.go:43.107,49.16 3 0
back/auth_service/internal/usecase/auth.go:49.16,55.3 2 0
back/auth_service/internal/usecase/auth.go:57.2,57.53 1 0
back/auth_service/internal/usecase/auth.go:57.53,62.3 2 0
back/auth_service/internal/usecase/auth.go:64.2,65.16 2 0
back/auth_service/internal/usecase/auth.go:65.16,71.3 2 0
back/auth_service/internal/usecase/auth.go:73.2,77.17 1 0
back/auth_service/internal/usecase/auth.go:77.17,83.3 2 0
back/auth_service/internal/usecase/auth.go:85.2,90.20 2 0
back/auth_service/internal/usecase/auth.go:93.109,96.16 2 0
back/auth_service/internal/usecase/auth.go:96.16,98.3 1 0
back/auth_service/internal/usecase/auth.go:101.2,102.74 2 0
back/auth_service/internal/usecase/auth.go:102.74,104.3 1 0
back/auth_service/internal/usecase/auth.go:107.2,108.16 2 0
back/auth_service/internal/usecase/auth.go:108.16,110.3 1 0
back/auth_service/internal/usecase/auth.go:113.2,113.63 1 0
back/auth_service/internal/usecase/auth.go:113.63,115.3 1 0
back/auth_service/internal/usecase/auth.go:118.2,122.17 1 0
back/auth_service/internal/usecase/auth.go:122.17,124.3 1 0
back/auth_service/internal/usecase/auth.go:126.2,126.23 1 0
back/auth_service/internal/usecase/auth.go:129.110,135.64 2 1
back/auth_service/internal/usecase/auth.go:135.64,141.3 2 0
back/auth_service/internal/usecase/auth.go:144.2,145.16 2 1
back/auth_service/internal/usecase/auth.go:145.16,150.3 2 0
back/auth_service/internal/usecase/auth.go:153.2,154.16 2 1
back/auth_service/internal/usecase/auth.go:154.16,159.3 2 0
back/auth_service/internal/usecase/auth.go:162.2,169.16 3 1
back/auth_service/internal/usecase/auth.go:169.16,175.3 2 0
back/auth_service/internal/usecase/auth.go:178.2,179.16 2 1
back/auth_service/internal/usecase/auth.go:179.16,185.3 2 0
back/auth_service/internal/usecase/auth.go:188.2,192.17 1 1
back/auth_service/internal/usecase/auth.go:192.17,198.3 2 0
back/auth_service/internal/usecase/auth.go:200.2,205.20 2 1
back/auth_service/internal/usecase/auth.go:208.81,210.16 2 0
back/auth_service/internal/usecase/auth.go:210.16,212.3 1 0
back/auth_service/internal/usecase/auth.go:213.2,213.26 1 0
back/auth_service/internal/usecase/auth.go:216.78,221.70 2 0
back/auth_service/internal/usecase/auth.go:221.70,227.3 2 0
back/auth_service/internal/usecase/auth.go:229.2,233.12 2 0
back/auth_service/internal/usecase/auth.go:236.79,238.2 1 0
back/auth_service/internal/usecase/auth.go:240.52,243.2 2 1
back/auth_service/internal/usecase/auth.go:245.52,248.2 2 0
back/auth_service/internal/usecase/auth.go:250.59,251.23 1 1
back/auth_service/internal/usecase/auth.go:251.23,253.3 1 0
back/auth_service/internal/usecase/auth.go:254.2,254.24 1 1
back/auth_service/internal/usecase/auth.go:254.24,256.3 1 0
back/auth_service/internal/usecase/auth.go:257.2,257.23 1 1
back/auth_service/internal/usecase/auth.go:257.23,259.3 1 0
back/auth_service/internal/usecase/auth.go:260.2,260.12 1 1
back/auth_service/internal/usecase/auth.go:263.103,265.16 2 0
back/auth_service/internal/usecase/auth.go:265.16,267.3 1 0
back/auth_service/internal/usecase/auth.go:268.2,268.20 1 0
back/pkg/logger/interface.go:19.52,24.2 1 1
back/pkg/logger/stdlogger.go:18.28,26.2 1 1
back/pkg/logger/stdlogger.go:28.56,30.2 1 0
back/pkg/logger/stdlogger.go:32.55,34.2 1 1
back/pkg/logger/stdlogger.go:36.55,38.2 1 0
back/pkg/logger/stdlogger.go:40.56,42.2 1 0
back/pkg/logger/stdlogger.go:44.56,47.2 2 0
back/pkg/logger/stdlogger.go:50.52,51.25 1 1
back/pkg/logger/stdlogger.go:51.25,53.6 1 0
back/pkg/logger/stdlogger.go:55.5,56.30 2 1
back/pkg/logger/stdlogger.go:56.30,57.18 1 1
back/pkg/logger/stdlogger.go:57.18,59.10 1 1
back/pkg/logger/stdlogger.go:60.9,60.56 1 1
back/pkg/logger/stdlogger.go:62.5,63.18 2 1
